{"/Users/kriszzdiscord/Documents/Code/PrimeEdge/server/prisma.ts": {"path":"/Users/kriszzdiscord/Documents/Code/PrimeEdge/server/prisma.ts","statementMap":{"0":{"start":{"line":4,"column":24},"end":{"line":4,"column":null}},"1":{"start":{"line":8,"column":22},"end":{"line":10,"column":2}},"2":{"start":{"line":12,"column":0},"end":{"line":14,"column":1}},"3":{"start":{"line":13,"column":2},"end":{"line":13,"column":null}},"4":{"start":{"line":18,"column":2},"end":{"line":26,"column":3}},"5":{"start":{"line":19,"column":4},"end":{"line":19,"column":null}},"6":{"start":{"line":20,"column":4},"end":{"line":20,"column":null}},"7":{"start":{"line":21,"column":4},"end":{"line":21,"column":null}},"8":{"start":{"line":23,"column":4},"end":{"line":23,"column":null}},"9":{"start":{"line":24,"column":4},"end":{"line":24,"column":null}},"10":{"start":{"line":25,"column":4},"end":{"line":25,"column":null}},"11":{"start":{"line":31,"column":2},"end":{"line":31,"column":null}}},"fnMap":{"0":{"name":"testDatabaseConnection","decl":{"start":{"line":17,"column":22},"end":{"line":17,"column":44}},"loc":{"start":{"line":17,"column":44},"end":{"line":27,"column":null}}},"1":{"name":"disconnectDatabase","decl":{"start":{"line":30,"column":22},"end":{"line":30,"column":40}},"loc":{"start":{"line":30,"column":40},"end":{"line":32,"column":null}}}},"branchMap":{"0":{"loc":{"start":{"line":8,"column":22},"end":{"line":10,"column":2}},"type":"cond-expr","locations":[{"start":{"line":8,"column":44},"end":{"line":8,"column":48}},{"start":{"line":8,"column":48},"end":{"line":10,"column":2}}]},"1":{"loc":{"start":{"line":8,"column":22},"end":{"line":8,"column":48}},"type":"binary-expr","locations":[{"start":{"line":8,"column":22},"end":{"line":8,"column":48}},{"start":{"line":8,"column":44},"end":{"line":8,"column":48}}]},"2":{"loc":{"start":{"line":12,"column":0},"end":{"line":14,"column":1}},"type":"if","locations":[{"start":{"line":12,"column":0},"end":{"line":14,"column":1}}]}},"s":{"0":0,"1":0,"2":0,"3":0,"4":0,"5":0,"6":0,"7":0,"8":0,"9":0,"10":0,"11":0},"f":{"0":0,"1":0},"b":{"0":[0,0],"1":[0,0],"2":[0]}}
,"/Users/kriszzdiscord/Documents/Code/PrimeEdge/server/vite.ts": {"path":"/Users/kriszzdiscord/Documents/Code/PrimeEdge/server/vite.ts","statementMap":{"0":{"start":{"line":9,"column":19},"end":{"line":9,"column":33}},"1":{"start":{"line":12,"column":24},"end":{"line":17,"column":4}},"2":{"start":{"line":19,"column":2},"end":{"line":19,"column":57}},"3":{"start":{"line":23,"column":24},"end":{"line":27,"column":4}},"4":{"start":{"line":29,"column":15},"end":{"line":40,"column":null}},"5":{"start":{"line":35,"column":8},"end":{"line":35,"column":39}},"6":{"start":{"line":36,"column":8},"end":{"line":36,"column":24}},"7":{"start":{"line":43,"column":2},"end":{"line":43,"column":28}},"8":{"start":{"line":44,"column":2},"end":{"line":67,"column":5}},"9":{"start":{"line":44,"column":40},"end":{"line":67,"column":4}},"10":{"start":{"line":45,"column":16},"end":{"line":45,"column":31}},"11":{"start":{"line":47,"column":4},"end":{"line":66,"column":5}},"12":{"start":{"line":48,"column":29},"end":{"line":52,"column":null}},"13":{"start":{"line":56,"column":21},"end":{"line":56,"column":72}},"14":{"start":{"line":57,"column":6},"end":{"line":60,"column":8}},"15":{"start":{"line":61,"column":19},"end":{"line":61,"column":63}},"16":{"start":{"line":62,"column":6},"end":{"line":62,"column":69}},"17":{"start":{"line":64,"column":6},"end":{"line":64,"column":40}},"18":{"start":{"line":65,"column":6},"end":{"line":65,"column":14}},"19":{"start":{"line":71,"column":19},"end":{"line":71,"column":62}},"20":{"start":{"line":73,"column":2},"end":{"line":77,"column":3}},"21":{"start":{"line":74,"column":4},"end":{"line":76,"column":6}},"22":{"start":{"line":79,"column":2},"end":{"line":79,"column":36}},"23":{"start":{"line":82,"column":2},"end":{"line":84,"column":5}},"24":{"start":{"line":83,"column":4},"end":{"line":83,"column":55}}},"fnMap":{"0":{"name":"log","decl":{"start":{"line":11,"column":16},"end":{"line":11,"column":19}},"loc":{"start":{"line":11,"column":55},"end":{"line":20,"column":1}}},"1":{"name":"setupVite","decl":{"start":{"line":22,"column":22},"end":{"line":22,"column":31}},"loc":{"start":{"line":22,"column":60},"end":{"line":68,"column":null}}},"2":{"name":"(anonymous_10)","decl":{"start":{"line":34,"column":13},"end":{"line":34,"column":14}},"loc":{"start":{"line":34,"column":30},"end":{"line":37,"column":7}}},"3":{"name":"(anonymous_11)","decl":{"start":{"line":44,"column":15},"end":{"line":44,"column":22}},"loc":{"start":{"line":44,"column":40},"end":{"line":67,"column":4}}},"4":{"name":"(anonymous_12)","decl":{"start":{"line":44,"column":40},"end":{"line":44,"column":null}},"loc":{"start":{"line":44,"column":40},"end":{"line":67,"column":3}}},"5":{"name":"serveStatic","decl":{"start":{"line":70,"column":16},"end":{"line":70,"column":27}},"loc":{"start":{"line":70,"column":40},"end":{"line":85,"column":1}}},"6":{"name":"(anonymous_14)","decl":{"start":{"line":82,"column":15},"end":{"line":82,"column":16}},"loc":{"start":{"line":82,"column":29},"end":{"line":84,"column":3}}}},"branchMap":{"0":{"loc":{"start":{"line":11,"column":37},"end":{"line":11,"column":55}},"type":"default-arg","locations":[{"start":{"line":11,"column":46},"end":{"line":11,"column":55}}]},"1":{"loc":{"start":{"line":73,"column":2},"end":{"line":77,"column":3}},"type":"if","locations":[{"start":{"line":73,"column":2},"end":{"line":77,"column":3}}]}},"s":{"0":0,"1":0,"2":0,"3":0,"4":0,"5":0,"6":0,"7":0,"8":0,"9":0,"10":0,"11":0,"12":0,"13":0,"14":0,"15":0,"16":0,"17":0,"18":0,"19":0,"20":0,"21":0,"22":0,"23":0,"24":0},"f":{"0":0,"1":0,"2":0,"3":0,"4":0,"5":0,"6":0},"b":{"0":[0],"1":[0]}}
,"/Users/kriszzdiscord/Documents/Code/PrimeEdge/server/controllers/adminKycController.ts": {"path":"/Users/kriszzdiscord/Documents/Code/PrimeEdge/server/controllers/adminKycController.ts","statementMap":{"0":{"start":{"line":9,"column":4},"end":{"line":76,"column":5}},"1":{"start":{"line":10,"column":19},"end":{"line":10,"column":58}},"2":{"start":{"line":11,"column":20},"end":{"line":11,"column":61}},"3":{"start":{"line":12,"column":21},"end":{"line":12,"column":47}},"4":{"start":{"line":15,"column":21},"end":{"line":15,"column":61}},"5":{"start":{"line":18,"column":6},"end":{"line":20,"column":7}},"6":{"start":{"line":19,"column":8},"end":{"line":19,"column":65}},"7":{"start":{"line":19,"column":42},"end":{"line":19,"column":63}},"8":{"start":{"line":23,"column":6},"end":{"line":23,"column":101}},"9":{"start":{"line":23,"column":30},"end":{"line":23,"column":99}},"10":{"start":{"line":26,"column":25},"end":{"line":26,"column":43}},"11":{"start":{"line":27,"column":23},"end":{"line":27,"column":41}},"12":{"start":{"line":28,"column":32},"end":{"line":28,"column":68}},"13":{"start":{"line":31,"column":34},"end":{"line":44,"column":9}},"14":{"start":{"line":31,"column":67},"end":{"line":43,"column":null}},"15":{"start":{"line":46,"column":6},"end":{"line":68,"column":9}},"16":{"start":{"line":59,"column":47},"end":{"line":59,"column":69}},"17":{"start":{"line":60,"column":48},"end":{"line":60,"column":72}},"18":{"start":{"line":61,"column":52},"end":{"line":61,"column":91}},"19":{"start":{"line":63,"column":44},"end":{"line":64,"column":null}},"20":{"start":{"line":71,"column":6},"end":{"line":71,"column":67}},"21":{"start":{"line":72,"column":6},"end":{"line":75,"column":9}},"22":{"start":{"line":81,"column":4},"end":{"line":168,"column":5}},"23":{"start":{"line":82,"column":28},"end":{"line":82,"column":38}},"24":{"start":{"line":84,"column":22},"end":{"line":84,"column":67}},"25":{"start":{"line":85,"column":6},"end":{"line":90,"column":7}},"26":{"start":{"line":86,"column":8},"end":{"line":89,"column":11}},"27":{"start":{"line":93,"column":32},"end":{"line":112,"column":8}},"28":{"start":{"line":94,"column":25},"end":{"line":94,"column":87}},"29":{"start":{"line":95,"column":23},"end":{"line":95,"column":76}},"30":{"start":{"line":97,"column":8},"end":{"line":109,"column":9}},"31":{"start":{"line":98,"column":10},"end":{"line":106,"column":11}},"32":{"start":{"line":99,"column":26},"end":{"line":99,"column":47}},"33":{"start":{"line":100,"column":12},"end":{"line":105,"column":14}},"34":{"start":{"line":108,"column":10},"end":{"line":108,"column":67}},"35":{"start":{"line":111,"column":8},"end":{"line":111,"column":24}},"36":{"start":{"line":114,"column":23},"end":{"line":114,"column":27}},"37":{"start":{"line":115,"column":6},"end":{"line":130,"column":7}},"38":{"start":{"line":116,"column":27},"end":{"line":116,"column":99}},"39":{"start":{"line":117,"column":8},"end":{"line":129,"column":9}},"40":{"start":{"line":118,"column":10},"end":{"line":126,"column":11}},"41":{"start":{"line":119,"column":26},"end":{"line":119,"column":49}},"42":{"start":{"line":120,"column":12},"end":{"line":125,"column":14}},"43":{"start":{"line":128,"column":10},"end":{"line":128,"column":79}},"44":{"start":{"line":133,"column":24},"end":{"line":133,"column":51}},"45":{"start":{"line":135,"column":27},"end":{"line":154,"column":null}},"46":{"start":{"line":145,"column":12},"end":{"line":145,"column":85}},"47":{"start":{"line":157,"column":6},"end":{"line":160,"column":9}},"48":{"start":{"line":163,"column":6},"end":{"line":163,"column":66}},"49":{"start":{"line":164,"column":6},"end":{"line":167,"column":9}},"50":{"start":{"line":173,"column":4},"end":{"line":223,"column":5}},"51":{"start":{"line":174,"column":38},"end":{"line":174,"column":48}},"52":{"start":{"line":177,"column":22},"end":{"line":177,"column":67}},"53":{"start":{"line":178,"column":6},"end":{"line":183,"column":7}},"54":{"start":{"line":179,"column":8},"end":{"line":182,"column":11}},"55":{"start":{"line":186,"column":23},"end":{"line":186,"column":45}},"56":{"start":{"line":187,"column":6},"end":{"line":189,"column":7}},"57":{"start":{"line":188,"column":8},"end":{"line":188,"column":42}},"58":{"start":{"line":191,"column":6},"end":{"line":196,"column":7}},"59":{"start":{"line":192,"column":8},"end":{"line":195,"column":11}},"60":{"start":{"line":198,"column":23},"end":{"line":198,"column":85}},"61":{"start":{"line":200,"column":6},"end":{"line":205,"column":7}},"62":{"start":{"line":201,"column":8},"end":{"line":204,"column":11}},"63":{"start":{"line":208,"column":6},"end":{"line":208,"column":102}},"64":{"start":{"line":211,"column":6},"end":{"line":211,"column":77}},"65":{"start":{"line":212,"column":6},"end":{"line":212,"column":57}},"66":{"start":{"line":213,"column":6},"end":{"line":213,"column":85}},"67":{"start":{"line":215,"column":6},"end":{"line":215,"column":29}},"68":{"start":{"line":218,"column":6},"end":{"line":218,"column":62}},"69":{"start":{"line":219,"column":6},"end":{"line":222,"column":9}},"70":{"start":{"line":228,"column":4},"end":{"line":271,"column":5}},"71":{"start":{"line":229,"column":28},"end":{"line":229,"column":38}},"72":{"start":{"line":230,"column":82},"end":{"line":230,"column":90}},"73":{"start":{"line":231,"column":22},"end":{"line":231,"column":34}},"74":{"start":{"line":233,"column":40},"end":{"line":240,"column":8}},"75":{"start":{"line":242,"column":21},"end":{"line":242,"column":77}},"76":{"start":{"line":244,"column":6},"end":{"line":263,"column":7}},"77":{"start":{"line":246,"column":8},"end":{"line":246,"column":89}},"78":{"start":{"line":248,"column":8},"end":{"line":257,"column":11}},"79":{"start":{"line":259,"column":8},"end":{"line":262,"column":11}},"80":{"start":{"line":266,"column":6},"end":{"line":266,"column":59}},"81":{"start":{"line":267,"column":6},"end":{"line":270,"column":9}},"82":{"start":{"line":276,"column":4},"end":{"line":367,"column":5}},"83":{"start":{"line":277,"column":43},"end":{"line":277,"column":51}},"84":{"start":{"line":278,"column":22},"end":{"line":278,"column":34}},"85":{"start":{"line":280,"column":6},"end":{"line":285,"column":7}},"86":{"start":{"line":281,"column":8},"end":{"line":284,"column":11}},"87":{"start":{"line":287,"column":6},"end":{"line":292,"column":7}},"88":{"start":{"line":288,"column":8},"end":{"line":291,"column":11}},"89":{"start":{"line":294,"column":22},"end":{"line":294,"column":24}},"90":{"start":{"line":296,"column":6},"end":{"line":343,"column":7}},"91":{"start":{"line":297,"column":8},"end":{"line":342,"column":9}},"92":{"start":{"line":300,"column":10},"end":{"line":328,"column":11}},"93":{"start":{"line":302,"column":14},"end":{"line":306,"column":17}},"94":{"start":{"line":307,"column":14},"end":{"line":307,"column":20}},"95":{"start":{"line":310,"column":14},"end":{"line":315,"column":17}},"96":{"start":{"line":316,"column":14},"end":{"line":316,"column":20}},"97":{"start":{"line":319,"column":14},"end":{"line":323,"column":17}},"98":{"start":{"line":324,"column":14},"end":{"line":324,"column":20}},"99":{"start":{"line":327,"column":14},"end":{"line":327,"column":74}},"100":{"start":{"line":330,"column":10},"end":{"line":334,"column":13}},"101":{"start":{"line":337,"column":10},"end":{"line":341,"column":13}},"102":{"start":{"line":345,"column":27},"end":{"line":345,"column":64}},"103":{"start":{"line":345,"column":47},"end":{"line":345,"column":56}},"104":{"start":{"line":346,"column":27},"end":{"line":346,"column":56}},"105":{"start":{"line":348,"column":6},"end":{"line":359,"column":9}},"106":{"start":{"line":362,"column":6},"end":{"line":362,"column":60}},"107":{"start":{"line":363,"column":6},"end":{"line":366,"column":9}},"108":{"start":{"line":372,"column":4},"end":{"line":396,"column":5}},"109":{"start":{"line":373,"column":20},"end":{"line":373,"column":55}},"110":{"start":{"line":375,"column":6},"end":{"line":388,"column":9}},"111":{"start":{"line":391,"column":6},"end":{"line":391,"column":61}},"112":{"start":{"line":392,"column":6},"end":{"line":395,"column":9}},"113":{"start":{"line":402,"column":16},"end":{"line":402,"column":26}},"114":{"start":{"line":403,"column":20},"end":{"line":403,"column":41}},"115":{"start":{"line":404,"column":12},"end":{"line":404,"column":57}},"116":{"start":{"line":405,"column":20},"end":{"line":405,"column":59}},"117":{"start":{"line":407,"column":2},"end":{"line":409,"column":3}},"118":{"start":{"line":408,"column":4},"end":{"line":408,"column":10}},"119":{"start":{"line":411,"column":2},"end":{"line":411,"column":13}},"120":{"start":{"line":415,"column":14},"end":{"line":415,"column":15}},"121":{"start":{"line":418,"column":14},"end":{"line":418,"column":47}},"122":{"start":{"line":419,"column":2},"end":{"line":419,"column":40}},"123":{"start":{"line":419,"column":28},"end":{"line":419,"column":40}},"124":{"start":{"line":422,"column":28},"end":{"line":422,"column":64}},"125":{"start":{"line":423,"column":2},"end":{"line":423,"column":74}},"126":{"start":{"line":423,"column":62},"end":{"line":423,"column":74}},"127":{"start":{"line":426,"column":2},"end":{"line":429,"column":3}},"128":{"start":{"line":428,"column":4},"end":{"line":428,"column":16}},"129":{"start":{"line":432,"column":2},"end":{"line":432,"column":52}},"130":{"start":{"line":432,"column":41},"end":{"line":432,"column":52}},"131":{"start":{"line":435,"column":2},"end":{"line":437,"column":3}},"132":{"start":{"line":436,"column":4},"end":{"line":436,"column":16}},"133":{"start":{"line":439,"column":2},"end":{"line":439,"column":43}},"134":{"start":{"line":444,"column":21},"end":{"line":444,"column":39}},"135":{"start":{"line":445,"column":21},"end":{"line":445,"column":45}},"136":{"start":{"line":446,"column":20},"end":{"line":446,"column":40}},"137":{"start":{"line":448,"column":2},"end":{"line":448,"column":47}}},"fnMap":{"0":{"name":"(anonymous_7)","decl":{"start":{"line":8,"column":2},"end":{"line":8,"column":8}},"loc":{"start":{"line":8,"column":61},"end":{"line":77,"column":null}}},"1":{"name":"(anonymous_9)","decl":{"start":{"line":19,"column":35},"end":{"line":19,"column":38}},"loc":{"start":{"line":19,"column":42},"end":{"line":19,"column":63}}},"2":{"name":"(anonymous_10)","decl":{"start":{"line":23,"column":20},"end":{"line":23,"column":21}},"loc":{"start":{"line":23,"column":30},"end":{"line":23,"column":99}}},"3":{"name":"(anonymous_11)","decl":{"start":{"line":31,"column":56},"end":{"line":31,"column":63}},"loc":{"start":{"line":31,"column":67},"end":{"line":43,"column":null}}},"4":{"name":"(anonymous_12)","decl":{"start":{"line":59,"column":42},"end":{"line":59,"column":43}},"loc":{"start":{"line":59,"column":47},"end":{"line":59,"column":69}}},"5":{"name":"(anonymous_13)","decl":{"start":{"line":60,"column":43},"end":{"line":60,"column":44}},"loc":{"start":{"line":60,"column":48},"end":{"line":60,"column":72}}},"6":{"name":"(anonymous_14)","decl":{"start":{"line":61,"column":47},"end":{"line":61,"column":48}},"loc":{"start":{"line":61,"column":52},"end":{"line":61,"column":91}}},"7":{"name":"(anonymous_15)","decl":{"start":{"line":63,"column":30},"end":{"line":63,"column":31}},"loc":{"start":{"line":63,"column":44},"end":{"line":64,"column":null}}},"8":{"name":"(anonymous_16)","decl":{"start":{"line":80,"column":2},"end":{"line":80,"column":8}},"loc":{"start":{"line":80,"column":63},"end":{"line":169,"column":null}}},"9":{"name":"(anonymous_18)","decl":{"start":{"line":93,"column":54},"end":{"line":93,"column":62}},"loc":{"start":{"line":93,"column":65},"end":{"line":112,"column":7}}},"10":{"name":"(anonymous_19)","decl":{"start":{"line":144,"column":57},"end":{"line":144,"column":61}},"loc":{"start":{"line":145,"column":12},"end":{"line":145,"column":85}}},"11":{"name":"(anonymous_20)","decl":{"start":{"line":172,"column":2},"end":{"line":172,"column":8}},"loc":{"start":{"line":172,"column":59},"end":{"line":224,"column":null}}},"12":{"name":"(anonymous_22)","decl":{"start":{"line":227,"column":2},"end":{"line":227,"column":8}},"loc":{"start":{"line":227,"column":59},"end":{"line":272,"column":null}}},"13":{"name":"(anonymous_24)","decl":{"start":{"line":275,"column":2},"end":{"line":275,"column":8}},"loc":{"start":{"line":275,"column":61},"end":{"line":368,"column":null}}},"14":{"name":"(anonymous_26)","decl":{"start":{"line":345,"column":42},"end":{"line":345,"column":43}},"loc":{"start":{"line":345,"column":47},"end":{"line":345,"column":56}}},"15":{"name":"(anonymous_27)","decl":{"start":{"line":371,"column":2},"end":{"line":371,"column":8}},"loc":{"start":{"line":371,"column":59},"end":{"line":397,"column":null}}},"16":{"name":"calculateAge","decl":{"start":{"line":401,"column":9},"end":{"line":401,"column":21}},"loc":{"start":{"line":401,"column":39},"end":{"line":412,"column":1}}},"17":{"name":"calculateRiskScore","decl":{"start":{"line":414,"column":9},"end":{"line":414,"column":27}},"loc":{"start":{"line":414,"column":40},"end":{"line":440,"column":1}}},"18":{"name":"validateAddressFormat","decl":{"start":{"line":442,"column":9},"end":{"line":442,"column":30}},"loc":{"start":{"line":442,"column":46},"end":{"line":449,"column":1}}}},"branchMap":{"0":{"loc":{"start":{"line":10,"column":19},"end":{"line":10,"column":58}},"type":"binary-expr","locations":[{"start":{"line":10,"column":19},"end":{"line":10,"column":53}},{"start":{"line":10,"column":57},"end":{"line":10,"column":58}}]},"1":{"loc":{"start":{"line":11,"column":20},"end":{"line":11,"column":61}},"type":"binary-expr","locations":[{"start":{"line":11,"column":20},"end":{"line":11,"column":55}},{"start":{"line":11,"column":59},"end":{"line":11,"column":61}}]},"2":{"loc":{"start":{"line":18,"column":6},"end":{"line":20,"column":7}},"type":"if","locations":[{"start":{"line":18,"column":6},"end":{"line":20,"column":7}}]},"3":{"loc":{"start":{"line":18,"column":10},"end":{"line":18,"column":89}},"type":"binary-expr","locations":[{"start":{"line":18,"column":10},"end":{"line":18,"column":16}},{"start":{"line":18,"column":20},"end":{"line":18,"column":89}}]},"4":{"loc":{"start":{"line":39,"column":22},"end":{"line":39,"column":128}},"type":"binary-expr","locations":[{"start":{"line":39,"column":22},"end":{"line":39,"column":34}},{"start":{"line":39,"column":38},"end":{"line":39,"column":128}}]},"5":{"loc":{"start":{"line":41,"column":29},"end":{"line":42,"column":84}},"type":"binary-expr","locations":[{"start":{"line":41,"column":29},"end":{"line":41,"column":76}},{"start":{"line":42,"column":27},"end":{"line":42,"column":84}}]},"6":{"loc":{"start":{"line":62,"column":29},"end":{"line":65,"column":41}},"type":"cond-expr","locations":[{"start":{"line":63,"column":14},"end":{"line":65,"column":37}},{"start":{"line":65,"column":40},"end":{"line":65,"column":41}}]},"7":{"loc":{"start":{"line":85,"column":6},"end":{"line":90,"column":7}},"type":"if","locations":[{"start":{"line":85,"column":6},"end":{"line":90,"column":7}}]},"8":{"loc":{"start":{"line":98,"column":10},"end":{"line":106,"column":11}},"type":"if","locations":[{"start":{"line":98,"column":10},"end":{"line":106,"column":11}}]},"9":{"loc":{"start":{"line":115,"column":6},"end":{"line":130,"column":7}},"type":"if","locations":[{"start":{"line":115,"column":6},"end":{"line":130,"column":7}}]},"10":{"loc":{"start":{"line":118,"column":10},"end":{"line":126,"column":11}},"type":"if","locations":[{"start":{"line":118,"column":10},"end":{"line":126,"column":11}}]},"11":{"loc":{"start":{"line":178,"column":6},"end":{"line":183,"column":7}},"type":"if","locations":[{"start":{"line":178,"column":6},"end":{"line":183,"column":7}}]},"12":{"loc":{"start":{"line":187,"column":6},"end":{"line":189,"column":7}},"type":"if","locations":[{"start":{"line":187,"column":6},"end":{"line":189,"column":7}}]},"13":{"loc":{"start":{"line":191,"column":6},"end":{"line":196,"column":7}},"type":"if","locations":[{"start":{"line":191,"column":6},"end":{"line":196,"column":7}}]},"14":{"loc":{"start":{"line":200,"column":6},"end":{"line":205,"column":7}},"type":"if","locations":[{"start":{"line":200,"column":6},"end":{"line":205,"column":7}}]},"15":{"loc":{"start":{"line":244,"column":6},"end":{"line":263,"column":7}},"type":"if","locations":[{"start":{"line":244,"column":6},"end":{"line":263,"column":7}},{"start":{"line":258,"column":13},"end":{"line":263,"column":7}}]},"16":{"loc":{"start":{"line":280,"column":6},"end":{"line":285,"column":7}},"type":"if","locations":[{"start":{"line":280,"column":6},"end":{"line":285,"column":7}}]},"17":{"loc":{"start":{"line":280,"column":10},"end":{"line":280,"column":63}},"type":"binary-expr","locations":[{"start":{"line":280,"column":10},"end":{"line":280,"column":36}},{"start":{"line":280,"column":40},"end":{"line":280,"column":63}}]},"18":{"loc":{"start":{"line":287,"column":6},"end":{"line":292,"column":7}},"type":"if","locations":[{"start":{"line":287,"column":6},"end":{"line":292,"column":7}}]},"19":{"loc":{"start":{"line":300,"column":10},"end":{"line":328,"column":11}},"type":"switch","locations":[{"start":{"line":301,"column":12},"end":{"line":307,"column":20}},{"start":{"line":309,"column":12},"end":{"line":316,"column":20}},{"start":{"line":318,"column":12},"end":{"line":324,"column":20}},{"start":{"line":326,"column":12},"end":{"line":327,"column":74}}]},"20":{"loc":{"start":{"line":305,"column":28},"end":{"line":305,"column":63}},"type":"binary-expr","locations":[{"start":{"line":305,"column":28},"end":{"line":305,"column":44}},{"start":{"line":305,"column":48},"end":{"line":305,"column":63}}]},"21":{"loc":{"start":{"line":305,"column":28},"end":{"line":305,"column":44}},"type":"cond-expr","locations":[{"start":{"line":305,"column":32},"end":{"line":305,"column":34}},{"start":{"line":305,"column":28},"end":{"line":305,"column":44}}]},"22":{"loc":{"start":{"line":305,"column":28},"end":{"line":305,"column":34}},"type":"binary-expr","locations":[{"start":{"line":305,"column":28},"end":{"line":305,"column":34}},{"start":{"line":305,"column":28},"end":{"line":305,"column":34}}]},"23":{"loc":{"start":{"line":313,"column":33},"end":{"line":313,"column":74}},"type":"binary-expr","locations":[{"start":{"line":313,"column":33},"end":{"line":313,"column":54}},{"start":{"line":313,"column":58},"end":{"line":313,"column":74}}]},"24":{"loc":{"start":{"line":313,"column":33},"end":{"line":313,"column":54}},"type":"cond-expr","locations":[{"start":{"line":313,"column":37},"end":{"line":313,"column":39}},{"start":{"line":313,"column":33},"end":{"line":313,"column":54}}]},"25":{"loc":{"start":{"line":313,"column":33},"end":{"line":313,"column":39}},"type":"binary-expr","locations":[{"start":{"line":313,"column":33},"end":{"line":313,"column":39}},{"start":{"line":313,"column":33},"end":{"line":313,"column":39}}]},"26":{"loc":{"start":{"line":314,"column":28},"end":{"line":314,"column":44}},"type":"cond-expr","locations":[{"start":{"line":314,"column":32},"end":{"line":314,"column":34}},{"start":{"line":314,"column":28},"end":{"line":314,"column":44}}]},"27":{"loc":{"start":{"line":314,"column":28},"end":{"line":314,"column":34}},"type":"binary-expr","locations":[{"start":{"line":314,"column":28},"end":{"line":314,"column":34}},{"start":{"line":314,"column":28},"end":{"line":314,"column":34}}]},"28":{"loc":{"start":{"line":322,"column":28},"end":{"line":322,"column":72}},"type":"binary-expr","locations":[{"start":{"line":322,"column":28},"end":{"line":322,"column":44}},{"start":{"line":322,"column":48},"end":{"line":322,"column":72}}]},"29":{"loc":{"start":{"line":322,"column":28},"end":{"line":322,"column":44}},"type":"cond-expr","locations":[{"start":{"line":322,"column":32},"end":{"line":322,"column":34}},{"start":{"line":322,"column":28},"end":{"line":322,"column":44}}]},"30":{"loc":{"start":{"line":322,"column":28},"end":{"line":322,"column":34}},"type":"binary-expr","locations":[{"start":{"line":322,"column":28},"end":{"line":322,"column":34}},{"start":{"line":322,"column":28},"end":{"line":322,"column":34}}]},"31":{"loc":{"start":{"line":381,"column":26},"end":{"line":382,"column":90}},"type":"cond-expr","locations":[{"start":{"line":382,"column":14},"end":{"line":382,"column":83}},{"start":{"line":382,"column":86},"end":{"line":382,"column":90}}]},"32":{"loc":{"start":{"line":383,"column":27},"end":{"line":384,"column":90}},"type":"cond-expr","locations":[{"start":{"line":384,"column":14},"end":{"line":384,"column":83}},{"start":{"line":384,"column":86},"end":{"line":384,"column":90}}]},"33":{"loc":{"start":{"line":407,"column":2},"end":{"line":409,"column":3}},"type":"if","locations":[{"start":{"line":407,"column":2},"end":{"line":409,"column":3}}]},"34":{"loc":{"start":{"line":407,"column":6},"end":{"line":407,"column":81}},"type":"binary-expr","locations":[{"start":{"line":407,"column":6},"end":{"line":407,"column":19}},{"start":{"line":407,"column":24},"end":{"line":407,"column":39}},{"start":{"line":407,"column":43},"end":{"line":407,"column":80}}]},"35":{"loc":{"start":{"line":419,"column":2},"end":{"line":419,"column":40}},"type":"if","locations":[{"start":{"line":419,"column":2},"end":{"line":419,"column":40}}]},"36":{"loc":{"start":{"line":419,"column":6},"end":{"line":419,"column":26}},"type":"binary-expr","locations":[{"start":{"line":419,"column":6},"end":{"line":419,"column":14}},{"start":{"line":419,"column":18},"end":{"line":419,"column":26}}]},"37":{"loc":{"start":{"line":423,"column":2},"end":{"line":423,"column":74}},"type":"if","locations":[{"start":{"line":423,"column":2},"end":{"line":423,"column":74}}]},"38":{"loc":{"start":{"line":426,"column":2},"end":{"line":429,"column":3}},"type":"if","locations":[{"start":{"line":426,"column":2},"end":{"line":429,"column":3}}]},"39":{"loc":{"start":{"line":426,"column":6},"end":{"line":427,"column":63}},"type":"binary-expr","locations":[{"start":{"line":426,"column":6},"end":{"line":426,"column":53}},{"start":{"line":427,"column":6},"end":{"line":427,"column":63}}]},"40":{"loc":{"start":{"line":432,"column":2},"end":{"line":432,"column":52}},"type":"if","locations":[{"start":{"line":432,"column":2},"end":{"line":432,"column":52}}]},"41":{"loc":{"start":{"line":435,"column":2},"end":{"line":437,"column":3}},"type":"if","locations":[{"start":{"line":435,"column":2},"end":{"line":437,"column":3}}]},"42":{"loc":{"start":{"line":435,"column":6},"end":{"line":435,"column":111}},"type":"binary-expr","locations":[{"start":{"line":435,"column":6},"end":{"line":435,"column":18}},{"start":{"line":435,"column":22},"end":{"line":435,"column":111}}]},"43":{"loc":{"start":{"line":448,"column":9},"end":{"line":448,"column":46}},"type":"binary-expr","locations":[{"start":{"line":448,"column":9},"end":{"line":448,"column":19}},{"start":{"line":448,"column":23},"end":{"line":448,"column":33}},{"start":{"line":448,"column":37},"end":{"line":448,"column":46}}]}},"s":{"0":0,"1":0,"2":0,"3":0,"4":0,"5":0,"6":0,"7":0,"8":0,"9":0,"10":0,"11":0,"12":0,"13":0,"14":0,"15":0,"16":0,"17":0,"18":0,"19":0,"20":0,"21":0,"22":0,"23":0,"24":0,"25":0,"26":0,"27":0,"28":0,"29":0,"30":0,"31":0,"32":0,"33":0,"34":0,"35":0,"36":0,"37":0,"38":0,"39":0,"40":0,"41":0,"42":0,"43":0,"44":0,"45":0,"46":0,"47":0,"48":0,"49":0,"50":0,"51":0,"52":0,"53":0,"54":0,"55":0,"56":0,"57":0,"58":0,"59":0,"60":0,"61":0,"62":0,"63":0,"64":0,"65":0,"66":0,"67":0,"68":0,"69":0,"70":0,"71":0,"72":0,"73":0,"74":0,"75":0,"76":0,"77":0,"78":0,"79":0,"80":0,"81":0,"82":0,"83":0,"84":0,"85":0,"86":0,"87":0,"88":0,"89":0,"90":0,"91":0,"92":0,"93":0,"94":0,"95":0,"96":0,"97":0,"98":0,"99":0,"100":0,"101":0,"102":0,"103":0,"104":0,"105":0,"106":0,"107":0,"108":0,"109":0,"110":0,"111":0,"112":0,"113":0,"114":0,"115":0,"116":0,"117":0,"118":0,"119":0,"120":0,"121":0,"122":0,"123":0,"124":0,"125":0,"126":0,"127":0,"128":0,"129":0,"130":0,"131":0,"132":0,"133":0,"134":0,"135":0,"136":0,"137":0},"f":{"0":0,"1":0,"2":0,"3":0,"4":0,"5":0,"6":0,"7":0,"8":0,"9":0,"10":0,"11":0,"12":0,"13":0,"14":0,"15":0,"16":0,"17":0,"18":0},"b":{"0":[0,0],"1":[0,0],"2":[0],"3":[0,0],"4":[0,0],"5":[0,0],"6":[0,0],"7":[0],"8":[0],"9":[0],"10":[0],"11":[0],"12":[0],"13":[0],"14":[0],"15":[0,0],"16":[0],"17":[0,0],"18":[0],"19":[0,0,0,0],"20":[0,0],"21":[0,0],"22":[0,0],"23":[0,0],"24":[0,0],"25":[0,0],"26":[0,0],"27":[0,0],"28":[0,0],"29":[0,0],"30":[0,0],"31":[0,0],"32":[0,0],"33":[0],"34":[0,0,0],"35":[0],"36":[0,0],"37":[0],"38":[0],"39":[0,0],"40":[0],"41":[0],"42":[0,0],"43":[0,0,0]}}
,"/Users/kriszzdiscord/Documents/Code/PrimeEdge/server/controllers/kycController.ts": {"path":"/Users/kriszzdiscord/Documents/Code/PrimeEdge/server/controllers/kycController.ts","statementMap":{"0":{"start":{"line":10,"column":4},"end":{"line":139,"column":5}},"1":{"start":{"line":11,"column":20},"end":{"line":11,"column":91}},"2":{"start":{"line":12,"column":95},"end":{"line":12,"column":103}},"3":{"start":{"line":13,"column":21},"end":{"line":13,"column":33}},"4":{"start":{"line":16,"column":6},"end":{"line":27,"column":7}},"5":{"start":{"line":17,"column":8},"end":{"line":21,"column":9}},"6":{"start":{"line":19,"column":27},"end":{"line":19,"column":80}},"7":{"start":{"line":20,"column":10},"end":{"line":20,"column":41}},"8":{"start":{"line":23,"column":8},"end":{"line":26,"column":11}},"9":{"start":{"line":29,"column":28},"end":{"line":29,"column":43}},"10":{"start":{"line":30,"column":26},"end":{"line":30,"column":38}},"11":{"start":{"line":33,"column":6},"end":{"line":41,"column":7}},"12":{"start":{"line":34,"column":25},"end":{"line":34,"column":59}},"13":{"start":{"line":35,"column":8},"end":{"line":35,"column":39}},"14":{"start":{"line":37,"column":8},"end":{"line":40,"column":11}},"15":{"start":{"line":43,"column":6},"end":{"line":51,"column":7}},"16":{"start":{"line":44,"column":25},"end":{"line":44,"column":59}},"17":{"start":{"line":45,"column":8},"end":{"line":45,"column":39}},"18":{"start":{"line":47,"column":8},"end":{"line":50,"column":11}},"19":{"start":{"line":54,"column":28},"end":{"line":54,"column":66}},"20":{"start":{"line":55,"column":26},"end":{"line":55,"column":62}},"21":{"start":{"line":56,"column":25},"end":{"line":56,"column":39}},"22":{"start":{"line":60,"column":6},"end":{"line":66,"column":7}},"23":{"start":{"line":61,"column":8},"end":{"line":63,"column":26}},"24":{"start":{"line":65,"column":8},"end":{"line":65,"column":93}},"25":{"start":{"line":69,"column":6},"end":{"line":74,"column":7}},"26":{"start":{"line":70,"column":8},"end":{"line":73,"column":11}},"27":{"start":{"line":77,"column":48},"end":{"line":88,"column":8}},"28":{"start":{"line":91,"column":21},"end":{"line":91,"column":70}},"29":{"start":{"line":93,"column":6},"end":{"line":123,"column":7}},"30":{"start":{"line":94,"column":8},"end":{"line":104,"column":11}},"31":{"start":{"line":107,"column":25},"end":{"line":107,"column":55}},"32":{"start":{"line":108,"column":8},"end":{"line":117,"column":11}},"33":{"start":{"line":109,"column":10},"end":{"line":116,"column":11}},"34":{"start":{"line":110,"column":29},"end":{"line":110,"column":91}},"35":{"start":{"line":111,"column":12},"end":{"line":113,"column":13}},"36":{"start":{"line":112,"column":14},"end":{"line":112,"column":38}},"37":{"start":{"line":115,"column":12},"end":{"line":115,"column":72}},"38":{"start":{"line":119,"column":8},"end":{"line":122,"column":11}},"39":{"start":{"line":126,"column":6},"end":{"line":126,"column":52}},"40":{"start":{"line":129,"column":20},"end":{"line":129,"column":91}},"41":{"start":{"line":130,"column":6},"end":{"line":133,"column":7}},"42":{"start":{"line":131,"column":25},"end":{"line":131,"column":78}},"43":{"start":{"line":132,"column":8},"end":{"line":132,"column":39}},"44":{"start":{"line":135,"column":6},"end":{"line":138,"column":9}},"45":{"start":{"line":144,"column":4},"end":{"line":187,"column":5}},"46":{"start":{"line":145,"column":21},"end":{"line":145,"column":33}},"47":{"start":{"line":146,"column":25},"end":{"line":146,"column":66}},"48":{"start":{"line":148,"column":6},"end":{"line":157,"column":7}},"49":{"start":{"line":149,"column":8},"end":{"line":156,"column":11}},"50":{"start":{"line":160,"column":6},"end":{"line":179,"column":9}},"51":{"start":{"line":182,"column":6},"end":{"line":182,"column":57}},"52":{"start":{"line":183,"column":6},"end":{"line":186,"column":9}},"53":{"start":{"line":192,"column":4},"end":{"line":240,"column":5}},"54":{"start":{"line":193,"column":27},"end":{"line":193,"column":37}},"55":{"start":{"line":194,"column":21},"end":{"line":194,"column":33}},"56":{"start":{"line":197,"column":25},"end":{"line":197,"column":66}},"57":{"start":{"line":198,"column":6},"end":{"line":203,"column":7}},"58":{"start":{"line":199,"column":8},"end":{"line":202,"column":11}},"59":{"start":{"line":205,"column":23},"end":{"line":205,"column":48}},"60":{"start":{"line":206,"column":6},"end":{"line":208,"column":7}},"61":{"start":{"line":207,"column":8},"end":{"line":207,"column":45}},"62":{"start":{"line":210,"column":6},"end":{"line":215,"column":7}},"63":{"start":{"line":211,"column":8},"end":{"line":214,"column":11}},"64":{"start":{"line":218,"column":23},"end":{"line":218,"column":85}},"65":{"start":{"line":220,"column":6},"end":{"line":225,"column":7}},"66":{"start":{"line":221,"column":8},"end":{"line":224,"column":11}},"67":{"start":{"line":228,"column":6},"end":{"line":228,"column":81}},"68":{"start":{"line":229,"column":6},"end":{"line":229,"column":57}},"69":{"start":{"line":230,"column":6},"end":{"line":230,"column":76}},"70":{"start":{"line":232,"column":6},"end":{"line":232,"column":29}},"71":{"start":{"line":235,"column":6},"end":{"line":235,"column":62}},"72":{"start":{"line":236,"column":6},"end":{"line":239,"column":9}},"73":{"start":{"line":245,"column":4},"end":{"line":277,"column":5}},"74":{"start":{"line":246,"column":21},"end":{"line":246,"column":33}},"75":{"start":{"line":249,"column":25},"end":{"line":249,"column":66}},"76":{"start":{"line":250,"column":6},"end":{"line":255,"column":7}},"77":{"start":{"line":251,"column":8},"end":{"line":254,"column":11}},"78":{"start":{"line":257,"column":21},"end":{"line":257,"column":63}},"79":{"start":{"line":259,"column":6},"end":{"line":269,"column":7}},"80":{"start":{"line":260,"column":8},"end":{"line":263,"column":11}},"81":{"start":{"line":265,"column":8},"end":{"line":268,"column":11}},"82":{"start":{"line":272,"column":6},"end":{"line":272,"column":55}},"83":{"start":{"line":273,"column":6},"end":{"line":276,"column":9}},"84":{"start":{"line":282,"column":4},"end":{"line":313,"column":5}},"85":{"start":{"line":283,"column":21},"end":{"line":283,"column":33}},"86":{"start":{"line":286,"column":29},"end":{"line":286,"column":70}},"87":{"start":{"line":287,"column":6},"end":{"line":292,"column":7}},"88":{"start":{"line":288,"column":8},"end":{"line":291,"column":11}},"89":{"start":{"line":294,"column":6},"end":{"line":299,"column":7}},"90":{"start":{"line":295,"column":8},"end":{"line":298,"column":11}},"91":{"start":{"line":302,"column":6},"end":{"line":302,"column":49}},"92":{"start":{"line":305,"column":6},"end":{"line":305,"column":46}},"93":{"start":{"line":308,"column":6},"end":{"line":308,"column":54}},"94":{"start":{"line":309,"column":6},"end":{"line":312,"column":9}}},"fnMap":{"0":{"name":"(anonymous_7)","decl":{"start":{"line":9,"column":2},"end":{"line":9,"column":8}},"loc":{"start":{"line":9,"column":52},"end":{"line":140,"column":null}}},"1":{"name":"(anonymous_9)","decl":{"start":{"line":108,"column":25},"end":{"line":108,"column":33}},"loc":{"start":{"line":108,"column":36},"end":{"line":117,"column":9}}},"2":{"name":"(anonymous_10)","decl":{"start":{"line":143,"column":2},"end":{"line":143,"column":8}},"loc":{"start":{"line":143,"column":55},"end":{"line":188,"column":null}}},"3":{"name":"(anonymous_12)","decl":{"start":{"line":191,"column":2},"end":{"line":191,"column":8}},"loc":{"start":{"line":191,"column":62},"end":{"line":241,"column":null}}},"4":{"name":"(anonymous_14)","decl":{"start":{"line":244,"column":2},"end":{"line":244,"column":8}},"loc":{"start":{"line":244,"column":56},"end":{"line":278,"column":null}}},"5":{"name":"(anonymous_16)","decl":{"start":{"line":281,"column":2},"end":{"line":281,"column":8}},"loc":{"start":{"line":281,"column":54},"end":{"line":314,"column":null}}}},"branchMap":{"0":{"loc":{"start":{"line":16,"column":6},"end":{"line":27,"column":7}},"type":"if","locations":[{"start":{"line":16,"column":6},"end":{"line":27,"column":7}}]},"1":{"loc":{"start":{"line":16,"column":10},"end":{"line":16,"column":53}},"type":"binary-expr","locations":[{"start":{"line":16,"column":10},"end":{"line":16,"column":16}},{"start":{"line":16,"column":20},"end":{"line":16,"column":36}},{"start":{"line":16,"column":40},"end":{"line":16,"column":53}}]},"2":{"loc":{"start":{"line":17,"column":8},"end":{"line":21,"column":9}},"type":"if","locations":[{"start":{"line":17,"column":8},"end":{"line":21,"column":9}}]},"3":{"loc":{"start":{"line":19,"column":32},"end":{"line":19,"column":53}},"type":"binary-expr","locations":[{"start":{"line":19,"column":32},"end":{"line":19,"column":47}},{"start":{"line":19,"column":51},"end":{"line":19,"column":53}}]},"4":{"loc":{"start":{"line":19,"column":60},"end":{"line":19,"column":78}},"type":"binary-expr","locations":[{"start":{"line":19,"column":60},"end":{"line":19,"column":72}},{"start":{"line":19,"column":76},"end":{"line":19,"column":78}}]},"5":{"loc":{"start":{"line":33,"column":6},"end":{"line":41,"column":7}},"type":"if","locations":[{"start":{"line":33,"column":6},"end":{"line":41,"column":7}}]},"6":{"loc":{"start":{"line":33,"column":10},"end":{"line":33,"column":62}},"type":"binary-expr","locations":[{"start":{"line":33,"column":10},"end":{"line":33,"column":34}},{"start":{"line":33,"column":38},"end":{"line":33,"column":62}}]},"7":{"loc":{"start":{"line":43,"column":6},"end":{"line":51,"column":7}},"type":"if","locations":[{"start":{"line":43,"column":6},"end":{"line":51,"column":7}}]},"8":{"loc":{"start":{"line":61,"column":30},"end":{"line":63,"column":25}},"type":"cond-expr","locations":[{"start":{"line":62,"column":12},"end":{"line":62,"column":37}},{"start":{"line":63,"column":12},"end":{"line":63,"column":25}}]},"9":{"loc":{"start":{"line":65,"column":30},"end":{"line":65,"column":92}},"type":"cond-expr","locations":[{"start":{"line":65,"column":61},"end":{"line":65,"column":74}},{"start":{"line":65,"column":77},"end":{"line":65,"column":92}}]},"10":{"loc":{"start":{"line":69,"column":6},"end":{"line":74,"column":7}},"type":"if","locations":[{"start":{"line":69,"column":6},"end":{"line":74,"column":7}}]},"11":{"loc":{"start":{"line":86,"column":22},"end":{"line":86,"column":56}},"type":"binary-expr","locations":[{"start":{"line":86,"column":22},"end":{"line":86,"column":28}},{"start":{"line":86,"column":32},"end":{"line":86,"column":56}}]},"12":{"loc":{"start":{"line":93,"column":6},"end":{"line":123,"column":7}},"type":"if","locations":[{"start":{"line":93,"column":6},"end":{"line":123,"column":7}},{"start":{"line":105,"column":13},"end":{"line":123,"column":7}}]},"13":{"loc":{"start":{"line":111,"column":12},"end":{"line":113,"column":13}},"type":"if","locations":[{"start":{"line":111,"column":12},"end":{"line":113,"column":13}}]},"14":{"loc":{"start":{"line":130,"column":6},"end":{"line":133,"column":7}},"type":"if","locations":[{"start":{"line":130,"column":6},"end":{"line":133,"column":7}}]},"15":{"loc":{"start":{"line":131,"column":30},"end":{"line":131,"column":51}},"type":"binary-expr","locations":[{"start":{"line":131,"column":30},"end":{"line":131,"column":45}},{"start":{"line":131,"column":49},"end":{"line":131,"column":51}}]},"16":{"loc":{"start":{"line":131,"column":58},"end":{"line":131,"column":76}},"type":"binary-expr","locations":[{"start":{"line":131,"column":58},"end":{"line":131,"column":70}},{"start":{"line":131,"column":74},"end":{"line":131,"column":76}}]},"17":{"loc":{"start":{"line":148,"column":6},"end":{"line":157,"column":7}},"type":"if","locations":[{"start":{"line":148,"column":6},"end":{"line":157,"column":7}}]},"18":{"loc":{"start":{"line":167,"column":27},"end":{"line":167,"column":95}},"type":"cond-expr","locations":[{"start":{"line":167,"column":62},"end":{"line":167,"column":88}},{"start":{"line":167,"column":91},"end":{"line":167,"column":95}}]},"19":{"loc":{"start":{"line":198,"column":6},"end":{"line":203,"column":7}},"type":"if","locations":[{"start":{"line":198,"column":6},"end":{"line":203,"column":7}}]},"20":{"loc":{"start":{"line":206,"column":6},"end":{"line":208,"column":7}},"type":"if","locations":[{"start":{"line":206,"column":6},"end":{"line":208,"column":7}}]},"21":{"loc":{"start":{"line":210,"column":6},"end":{"line":215,"column":7}},"type":"if","locations":[{"start":{"line":210,"column":6},"end":{"line":215,"column":7}}]},"22":{"loc":{"start":{"line":220,"column":6},"end":{"line":225,"column":7}},"type":"if","locations":[{"start":{"line":220,"column":6},"end":{"line":225,"column":7}}]},"23":{"loc":{"start":{"line":250,"column":6},"end":{"line":255,"column":7}},"type":"if","locations":[{"start":{"line":250,"column":6},"end":{"line":255,"column":7}}]},"24":{"loc":{"start":{"line":250,"column":10},"end":{"line":250,"column":56}},"type":"binary-expr","locations":[{"start":{"line":250,"column":10},"end":{"line":250,"column":20}},{"start":{"line":250,"column":24},"end":{"line":250,"column":56}}]},"25":{"loc":{"start":{"line":259,"column":6},"end":{"line":269,"column":7}},"type":"if","locations":[{"start":{"line":259,"column":6},"end":{"line":269,"column":7}},{"start":{"line":264,"column":13},"end":{"line":269,"column":7}}]},"26":{"loc":{"start":{"line":287,"column":6},"end":{"line":292,"column":7}},"type":"if","locations":[{"start":{"line":287,"column":6},"end":{"line":292,"column":7}}]},"27":{"loc":{"start":{"line":294,"column":6},"end":{"line":299,"column":7}},"type":"if","locations":[{"start":{"line":294,"column":6},"end":{"line":299,"column":7}}]}},"s":{"0":0,"1":0,"2":0,"3":0,"4":0,"5":0,"6":0,"7":0,"8":0,"9":0,"10":0,"11":0,"12":0,"13":0,"14":0,"15":0,"16":0,"17":0,"18":0,"19":0,"20":0,"21":0,"22":0,"23":0,"24":0,"25":0,"26":0,"27":0,"28":0,"29":0,"30":0,"31":0,"32":0,"33":0,"34":0,"35":0,"36":0,"37":0,"38":0,"39":0,"40":0,"41":0,"42":0,"43":0,"44":0,"45":0,"46":0,"47":0,"48":0,"49":0,"50":0,"51":0,"52":0,"53":0,"54":0,"55":0,"56":0,"57":0,"58":0,"59":0,"60":0,"61":0,"62":0,"63":0,"64":0,"65":0,"66":0,"67":0,"68":0,"69":0,"70":0,"71":0,"72":0,"73":0,"74":0,"75":0,"76":0,"77":0,"78":0,"79":0,"80":0,"81":0,"82":0,"83":0,"84":0,"85":0,"86":0,"87":0,"88":0,"89":0,"90":0,"91":0,"92":0,"93":0,"94":0},"f":{"0":0,"1":0,"2":0,"3":0,"4":0,"5":0},"b":{"0":[0],"1":[0,0,0],"2":[0],"3":[0,0],"4":[0,0],"5":[0],"6":[0,0],"7":[0],"8":[0,0],"9":[0,0],"10":[0],"11":[0,0],"12":[0,0],"13":[0],"14":[0],"15":[0,0],"16":[0,0],"17":[0],"18":[0,0],"19":[0],"20":[0],"21":[0],"22":[0],"23":[0],"24":[0,0],"25":[0,0],"26":[0],"27":[0]}}
,"/Users/kriszzdiscord/Documents/Code/PrimeEdge/server/controllers/transferController.ts": {"path":"/Users/kriszzdiscord/Documents/Code/PrimeEdge/server/controllers/transferController.ts","statementMap":{"0":{"start":{"line":20,"column":4},"end":{"line":62,"column":5}},"1":{"start":{"line":21,"column":6},"end":{"line":21,"column":83}},"2":{"start":{"line":23,"column":63},"end":{"line":23,"column":71}},"3":{"start":{"line":26,"column":6},"end":{"line":30,"column":7}},"4":{"start":{"line":27,"column":8},"end":{"line":29,"column":10}},"5":{"start":{"line":32,"column":6},"end":{"line":36,"column":7}},"6":{"start":{"line":33,"column":8},"end":{"line":35,"column":10}},"7":{"start":{"line":39,"column":26},"end":{"line":44,"column":8}},"8":{"start":{"line":46,"column":6},"end":{"line":46,"column":84}},"9":{"start":{"line":48,"column":6},"end":{"line":53,"column":8}},"10":{"start":{"line":56,"column":6},"end":{"line":56,"column":66}},"11":{"start":{"line":57,"column":22},"end":{"line":57,"column":90}},"12":{"start":{"line":59,"column":6},"end":{"line":61,"column":8}},"13":{"start":{"line":70,"column":4},"end":{"line":99,"column":5}},"14":{"start":{"line":71,"column":6},"end":{"line":71,"column":83}},"15":{"start":{"line":73,"column":31},"end":{"line":73,"column":40}},"16":{"start":{"line":75,"column":21},"end":{"line":78,"column":8}},"17":{"start":{"line":80,"column":6},"end":{"line":80,"column":88}},"18":{"start":{"line":82,"column":6},"end":{"line":87,"column":8}},"19":{"start":{"line":90,"column":6},"end":{"line":90,"column":71}},"20":{"start":{"line":93,"column":6},"end":{"line":98,"column":8}},"21":{"start":{"line":113,"column":4},"end":{"line":142,"column":5}},"22":{"start":{"line":114,"column":6},"end":{"line":114,"column":84}},"23":{"start":{"line":116,"column":30},"end":{"line":116,"column":39}},"24":{"start":{"line":118,"column":21},"end":{"line":121,"column":8}},"25":{"start":{"line":123,"column":6},"end":{"line":123,"column":89}},"26":{"start":{"line":125,"column":6},"end":{"line":133,"column":8}},"27":{"start":{"line":136,"column":6},"end":{"line":136,"column":72}},"28":{"start":{"line":137,"column":22},"end":{"line":137,"column":101}},"29":{"start":{"line":139,"column":6},"end":{"line":141,"column":8}},"30":{"start":{"line":150,"column":4},"end":{"line":184,"column":5}},"31":{"start":{"line":151,"column":33},"end":{"line":151,"column":43}},"32":{"start":{"line":152,"column":29},"end":{"line":152,"column":37}},"33":{"start":{"line":154,"column":6},"end":{"line":154,"column":88}},"34":{"start":{"line":156,"column":6},"end":{"line":160,"column":7}},"35":{"start":{"line":157,"column":8},"end":{"line":159,"column":10}},"36":{"start":{"line":162,"column":26},"end":{"line":165,"column":null}},"37":{"start":{"line":168,"column":6},"end":{"line":168,"column":79}},"38":{"start":{"line":170,"column":6},"end":{"line":175,"column":8}},"39":{"start":{"line":178,"column":6},"end":{"line":178,"column":67}},"40":{"start":{"line":179,"column":22},"end":{"line":179,"column":91}},"41":{"start":{"line":181,"column":6},"end":{"line":183,"column":8}},"42":{"start":{"line":192,"column":4},"end":{"line":232,"column":5}},"43":{"start":{"line":193,"column":33},"end":{"line":193,"column":43}},"44":{"start":{"line":194,"column":34},"end":{"line":194,"column":42}},"45":{"start":{"line":196,"column":6},"end":{"line":196,"column":88}},"46":{"start":{"line":198,"column":6},"end":{"line":202,"column":7}},"47":{"start":{"line":199,"column":8},"end":{"line":201,"column":10}},"48":{"start":{"line":204,"column":6},"end":{"line":208,"column":7}},"49":{"start":{"line":205,"column":8},"end":{"line":207,"column":10}},"50":{"start":{"line":210,"column":26},"end":{"line":213,"column":null}},"51":{"start":{"line":216,"column":6},"end":{"line":216,"column":79}},"52":{"start":{"line":218,"column":6},"end":{"line":223,"column":8}},"53":{"start":{"line":226,"column":6},"end":{"line":226,"column":66}},"54":{"start":{"line":227,"column":22},"end":{"line":227,"column":90}},"55":{"start":{"line":229,"column":6},"end":{"line":231,"column":8}},"56":{"start":{"line":240,"column":4},"end":{"line":261,"column":5}},"57":{"start":{"line":241,"column":6},"end":{"line":241,"column":81}},"58":{"start":{"line":243,"column":20},"end":{"line":243,"column":60}},"59":{"start":{"line":245,"column":6},"end":{"line":245,"column":72}},"60":{"start":{"line":247,"column":6},"end":{"line":252,"column":8}},"61":{"start":{"line":255,"column":6},"end":{"line":255,"column":69}},"62":{"start":{"line":256,"column":22},"end":{"line":256,"column":103}},"63":{"start":{"line":258,"column":6},"end":{"line":260,"column":8}},"64":{"start":{"line":266,"column":38},"end":{"line":266,"column":66}},"65":{"start":{"line":267,"column":39},"end":{"line":267,"column":68}}},"fnMap":{"0":{"name":"(anonymous_7)","decl":{"start":{"line":19,"column":8},"end":{"line":19,"column":22}},"loc":{"start":{"line":19,"column":63},"end":{"line":63,"column":null}}},"1":{"name":"(anonymous_9)","decl":{"start":{"line":69,"column":8},"end":{"line":69,"column":26}},"loc":{"start":{"line":69,"column":67},"end":{"line":100,"column":null}}},"2":{"name":"(anonymous_11)","decl":{"start":{"line":112,"column":8},"end":{"line":112,"column":27}},"loc":{"start":{"line":112,"column":68},"end":{"line":143,"column":null}}},"3":{"name":"(anonymous_13)","decl":{"start":{"line":149,"column":8},"end":{"line":149,"column":23}},"loc":{"start":{"line":149,"column":64},"end":{"line":185,"column":null}}},"4":{"name":"(anonymous_15)","decl":{"start":{"line":191,"column":8},"end":{"line":191,"column":22}},"loc":{"start":{"line":191,"column":63},"end":{"line":233,"column":null}}},"5":{"name":"(anonymous_17)","decl":{"start":{"line":239,"column":8},"end":{"line":239,"column":24}},"loc":{"start":{"line":239,"column":65},"end":{"line":262,"column":null}}}},"branchMap":{"0":{"loc":{"start":{"line":26,"column":6},"end":{"line":30,"column":7}},"type":"if","locations":[{"start":{"line":26,"column":6},"end":{"line":30,"column":7}}]},"1":{"loc":{"start":{"line":32,"column":6},"end":{"line":36,"column":7}},"type":"if","locations":[{"start":{"line":32,"column":6},"end":{"line":36,"column":7}}]},"2":{"loc":{"start":{"line":46,"column":65},"end":{"line":46,"column":80}},"type":"cond-expr","locations":[{"start":{"line":46,"column":76},"end":{"line":46,"column":78}},{"start":{"line":46,"column":65},"end":{"line":46,"column":80}}]},"3":{"loc":{"start":{"line":46,"column":65},"end":{"line":46,"column":78}},"type":"binary-expr","locations":[{"start":{"line":46,"column":65},"end":{"line":46,"column":78}},{"start":{"line":46,"column":65},"end":{"line":46,"column":78}}]},"4":{"loc":{"start":{"line":57,"column":22},"end":{"line":57,"column":90}},"type":"cond-expr","locations":[{"start":{"line":57,"column":47},"end":{"line":57,"column":60}},{"start":{"line":57,"column":63},"end":{"line":57,"column":90}}]},"5":{"loc":{"start":{"line":137,"column":22},"end":{"line":137,"column":101}},"type":"cond-expr","locations":[{"start":{"line":137,"column":47},"end":{"line":137,"column":60}},{"start":{"line":137,"column":63},"end":{"line":137,"column":101}}]},"6":{"loc":{"start":{"line":156,"column":6},"end":{"line":160,"column":7}},"type":"if","locations":[{"start":{"line":156,"column":6},"end":{"line":160,"column":7}}]},"7":{"loc":{"start":{"line":179,"column":22},"end":{"line":179,"column":91}},"type":"cond-expr","locations":[{"start":{"line":179,"column":47},"end":{"line":179,"column":60}},{"start":{"line":179,"column":63},"end":{"line":179,"column":91}}]},"8":{"loc":{"start":{"line":198,"column":6},"end":{"line":202,"column":7}},"type":"if","locations":[{"start":{"line":198,"column":6},"end":{"line":202,"column":7}}]},"9":{"loc":{"start":{"line":204,"column":6},"end":{"line":208,"column":7}},"type":"if","locations":[{"start":{"line":204,"column":6},"end":{"line":208,"column":7}}]},"10":{"loc":{"start":{"line":227,"column":22},"end":{"line":227,"column":90}},"type":"cond-expr","locations":[{"start":{"line":227,"column":47},"end":{"line":227,"column":60}},{"start":{"line":227,"column":63},"end":{"line":227,"column":90}}]},"11":{"loc":{"start":{"line":256,"column":22},"end":{"line":256,"column":103}},"type":"cond-expr","locations":[{"start":{"line":256,"column":47},"end":{"line":256,"column":60}},{"start":{"line":256,"column":63},"end":{"line":256,"column":103}}]}},"s":{"0":0,"1":0,"2":0,"3":0,"4":0,"5":0,"6":0,"7":0,"8":0,"9":0,"10":0,"11":0,"12":0,"13":0,"14":0,"15":0,"16":0,"17":0,"18":0,"19":0,"20":0,"21":0,"22":0,"23":0,"24":0,"25":0,"26":0,"27":0,"28":0,"29":0,"30":0,"31":0,"32":0,"33":0,"34":0,"35":0,"36":0,"37":0,"38":0,"39":0,"40":0,"41":0,"42":0,"43":0,"44":0,"45":0,"46":0,"47":0,"48":0,"49":0,"50":0,"51":0,"52":0,"53":0,"54":0,"55":0,"56":0,"57":0,"58":0,"59":0,"60":0,"61":0,"62":0,"63":0,"64":0,"65":0},"f":{"0":0,"1":0,"2":0,"3":0,"4":0,"5":0},"b":{"0":[0],"1":[0],"2":[0,0],"3":[0,0],"4":[0,0],"5":[0,0],"6":[0],"7":[0,0],"8":[0],"9":[0],"10":[0,0],"11":[0,0]}}
,"/Users/kriszzdiscord/Documents/Code/PrimeEdge/server/middleware/auth.ts": {"path":"/Users/kriszzdiscord/Documents/Code/PrimeEdge/server/middleware/auth.ts","statementMap":{"0":{"start":{"line":27,"column":2},"end":{"line":87,"column":3}},"1":{"start":{"line":28,"column":23},"end":{"line":28,"column":48}},"2":{"start":{"line":29,"column":18},"end":{"line":29,"column":56}},"3":{"start":{"line":31,"column":4},"end":{"line":37,"column":5}},"4":{"start":{"line":32,"column":6},"end":{"line":36,"column":9}},"5":{"start":{"line":39,"column":22},"end":{"line":39,"column":44}},"6":{"start":{"line":40,"column":4},"end":{"line":47,"column":5}},"7":{"start":{"line":41,"column":6},"end":{"line":41,"column":70}},"8":{"start":{"line":42,"column":6},"end":{"line":46,"column":9}},"9":{"start":{"line":49,"column":20},"end":{"line":49,"column":62}},"10":{"start":{"line":52,"column":17},"end":{"line":61,"column":6}},"11":{"start":{"line":63,"column":4},"end":{"line":69,"column":5}},"12":{"start":{"line":64,"column":6},"end":{"line":68,"column":9}},"13":{"start":{"line":72,"column":5},"end":{"line":77,"column":6}},"14":{"start":{"line":79,"column":4},"end":{"line":79,"column":11}},"15":{"start":{"line":81,"column":4},"end":{"line":81,"column":62}},"16":{"start":{"line":82,"column":4},"end":{"line":86,"column":7}},"17":{"start":{"line":95,"column":18},"end":{"line":95,"column":45}},"18":{"start":{"line":97,"column":2},"end":{"line":103,"column":3}},"19":{"start":{"line":98,"column":4},"end":{"line":102,"column":7}},"20":{"start":{"line":105,"column":2},"end":{"line":111,"column":3}},"21":{"start":{"line":106,"column":4},"end":{"line":110,"column":7}},"22":{"start":{"line":113,"column":2},"end":{"line":113,"column":9}},"23":{"start":{"line":122,"column":18},"end":{"line":122,"column":45}},"24":{"start":{"line":123,"column":2},"end":{"line":123,"column":90}},"25":{"start":{"line":124,"column":2},"end":{"line":124,"column":9}}},"fnMap":{"0":{"name":"authenticateToken","decl":{"start":{"line":26,"column":22},"end":{"line":26,"column":39}},"loc":{"start":{"line":26,"column":87},"end":{"line":88,"column":null}}},"1":{"name":"requireAdmin","decl":{"start":{"line":94,"column":16},"end":{"line":94,"column":28}},"loc":{"start":{"line":94,"column":76},"end":{"line":114,"column":1}}},"2":{"name":"transferRateLimit","decl":{"start":{"line":119,"column":16},"end":{"line":119,"column":33}},"loc":{"start":{"line":119,"column":81},"end":{"line":125,"column":1}}}},"branchMap":{"0":{"loc":{"start":{"line":29,"column":18},"end":{"line":29,"column":56}},"type":"binary-expr","locations":[{"start":{"line":29,"column":18},"end":{"line":29,"column":28}},{"start":{"line":29,"column":32},"end":{"line":29,"column":56}}]},"1":{"loc":{"start":{"line":31,"column":4},"end":{"line":37,"column":5}},"type":"if","locations":[{"start":{"line":31,"column":4},"end":{"line":37,"column":5}}]},"2":{"loc":{"start":{"line":40,"column":4},"end":{"line":47,"column":5}},"type":"if","locations":[{"start":{"line":40,"column":4},"end":{"line":47,"column":5}}]},"3":{"loc":{"start":{"line":63,"column":4},"end":{"line":69,"column":5}},"type":"if","locations":[{"start":{"line":63,"column":4},"end":{"line":69,"column":5}}]},"4":{"loc":{"start":{"line":63,"column":8},"end":{"line":63,"column":31}},"type":"binary-expr","locations":[{"start":{"line":63,"column":8},"end":{"line":63,"column":13}},{"start":{"line":63,"column":17},"end":{"line":63,"column":31}}]},"5":{"loc":{"start":{"line":97,"column":2},"end":{"line":103,"column":3}},"type":"if","locations":[{"start":{"line":97,"column":2},"end":{"line":103,"column":3}}]},"6":{"loc":{"start":{"line":105,"column":2},"end":{"line":111,"column":3}},"type":"if","locations":[{"start":{"line":105,"column":2},"end":{"line":111,"column":3}}]},"7":{"loc":{"start":{"line":123,"column":57},"end":{"line":123,"column":86}},"type":"binary-expr","locations":[{"start":{"line":123,"column":57},"end":{"line":123,"column":73}},{"start":{"line":123,"column":77},"end":{"line":123,"column":86}}]},"8":{"loc":{"start":{"line":123,"column":57},"end":{"line":123,"column":73}},"type":"cond-expr","locations":[{"start":{"line":123,"column":69},"end":{"line":123,"column":71}},{"start":{"line":123,"column":69},"end":{"line":123,"column":73}}]},"9":{"loc":{"start":{"line":123,"column":57},"end":{"line":123,"column":71}},"type":"binary-expr","locations":[{"start":{"line":123,"column":57},"end":{"line":123,"column":71}},{"start":{"line":123,"column":69},"end":{"line":123,"column":71}}]}},"s":{"0":0,"1":0,"2":0,"3":0,"4":0,"5":0,"6":0,"7":0,"8":0,"9":0,"10":0,"11":0,"12":0,"13":0,"14":0,"15":0,"16":0,"17":0,"18":0,"19":0,"20":0,"21":0,"22":0,"23":0,"24":0,"25":0},"f":{"0":0,"1":0,"2":0},"b":{"0":[0,0],"1":[0],"2":[0],"3":[0],"4":[0,0],"5":[0],"6":[0],"7":[0,0],"8":[0,0],"9":[0,0]}}
,"/Users/kriszzdiscord/Documents/Code/PrimeEdge/server/middleware/transferValidation.ts": {"path":"/Users/kriszzdiscord/Documents/Code/PrimeEdge/server/middleware/transferValidation.ts","statementMap":{"0":{"start":{"line":7,"column":37},"end":{"line":28,"column":2}},"1":{"start":{"line":16,"column":21},"end":{"line":16,"column":57}},"2":{"start":{"line":19,"column":4},"end":{"line":25,"column":5}},"3":{"start":{"line":20,"column":6},"end":{"line":23,"column":9}},"4":{"start":{"line":24,"column":6},"end":{"line":24,"column":19}},"5":{"start":{"line":26,"column":4},"end":{"line":26,"column":16}},"6":{"start":{"line":30,"column":33},"end":{"line":44,"column":2}},"7":{"start":{"line":32,"column":21},"end":{"line":32,"column":81}},"8":{"start":{"line":35,"column":4},"end":{"line":41,"column":5}},"9":{"start":{"line":36,"column":6},"end":{"line":39,"column":9}},"10":{"start":{"line":40,"column":6},"end":{"line":40,"column":19}},"11":{"start":{"line":42,"column":4},"end":{"line":42,"column":16}},"12":{"start":{"line":47,"column":33},"end":{"line":55,"column":2}},"13":{"start":{"line":57,"column":36},"end":{"line":65,"column":2}},"14":{"start":{"line":68,"column":39},"end":{"line":220,"column":2}},"15":{"start":{"line":68,"column":97},"end":{"line":220,"column":2}},"16":{"start":{"line":69,"column":2},"end":{"line":219,"column":3}},"17":{"start":{"line":71,"column":26},"end":{"line":71,"column":63}},"18":{"start":{"line":74,"column":17},"end":{"line":83,"column":6}},"19":{"start":{"line":85,"column":4},"end":{"line":89,"column":5}},"20":{"start":{"line":86,"column":6},"end":{"line":88,"column":9}},"21":{"start":{"line":92,"column":4},"end":{"line":97,"column":5}},"22":{"start":{"line":93,"column":6},"end":{"line":96,"column":9}},"23":{"start":{"line":100,"column":18},"end":{"line":100,"column":28}},"24":{"start":{"line":101,"column":4},"end":{"line":101,"column":31}},"25":{"start":{"line":103,"column":27},"end":{"line":112,"column":6}},"26":{"start":{"line":114,"column":32},"end":{"line":114,"column":63}},"27":{"start":{"line":115,"column":31},"end":{"line":115,"column":57}},"28":{"start":{"line":118,"column":27},"end":{"line":129,"column":5}},"29":{"start":{"line":119,"column":6},"end":{"line":128,"column":7}},"30":{"start":{"line":120,"column":8},"end":{"line":125,"column":9}},"31":{"start":{"line":121,"column":22},"end":{"line":121,"column":58}},"32":{"start":{"line":122,"column":25},"end":{"line":122,"column":60}},"33":{"start":{"line":123,"column":23},"end":{"line":123,"column":57}},"34":{"start":{"line":124,"column":19},"end":{"line":124,"column":54}},"35":{"start":{"line":127,"column":8},"end":{"line":127,"column":42}},"36":{"start":{"line":131,"column":19},"end":{"line":131,"column":65}},"37":{"start":{"line":133,"column":4},"end":{"line":140,"column":5}},"38":{"start":{"line":134,"column":6},"end":{"line":139,"column":9}},"39":{"start":{"line":142,"column":4},"end":{"line":149,"column":5}},"40":{"start":{"line":143,"column":6},"end":{"line":148,"column":9}},"41":{"start":{"line":152,"column":4},"end":{"line":183,"column":5}},"42":{"start":{"line":153,"column":39},"end":{"line":160,"column":8}},"43":{"start":{"line":162,"column":27},"end":{"line":162,"column":68}},"44":{"start":{"line":163,"column":31},"end":{"line":163,"column":58}},"45":{"start":{"line":165,"column":6},"end":{"line":172,"column":7}},"46":{"start":{"line":166,"column":8},"end":{"line":171,"column":11}},"47":{"start":{"line":175,"column":6},"end":{"line":182,"column":7}},"48":{"start":{"line":176,"column":8},"end":{"line":181,"column":11}},"49":{"start":{"line":186,"column":4},"end":{"line":200,"column":5}},"50":{"start":{"line":187,"column":25},"end":{"line":187,"column":46}},"51":{"start":{"line":188,"column":26},"end":{"line":190,"column":null}},"52":{"start":{"line":189,"column":8},"end":{"line":190,"column":74}},"53":{"start":{"line":193,"column":6},"end":{"line":199,"column":7}},"54":{"start":{"line":194,"column":8},"end":{"line":198,"column":11}},"55":{"start":{"line":203,"column":4},"end":{"line":203,"column":42}},"56":{"start":{"line":204,"column":4},"end":{"line":204,"column":11}},"57":{"start":{"line":207,"column":4},"end":{"line":215,"column":5}},"58":{"start":{"line":208,"column":6},"end":{"line":214,"column":9}},"59":{"start":{"line":210,"column":41},"end":{"line":213,"column":10}},"60":{"start":{"line":217,"column":4},"end":{"line":217,"column":55}},"61":{"start":{"line":218,"column":4},"end":{"line":218,"column":63}},"62":{"start":{"line":223,"column":35},"end":{"line":309,"column":2}},"63":{"start":{"line":223,"column":93},"end":{"line":309,"column":2}},"64":{"start":{"line":224,"column":2},"end":{"line":308,"column":3}},"65":{"start":{"line":226,"column":4},"end":{"line":231,"column":5}},"66":{"start":{"line":227,"column":6},"end":{"line":230,"column":9}},"67":{"start":{"line":234,"column":26},"end":{"line":234,"column":59}},"68":{"start":{"line":237,"column":21},"end":{"line":244,"column":6}},"69":{"start":{"line":246,"column":4},"end":{"line":251,"column":5}},"70":{"start":{"line":247,"column":6},"end":{"line":250,"column":9}},"71":{"start":{"line":253,"column":4},"end":{"line":259,"column":5}},"72":{"start":{"line":254,"column":6},"end":{"line":258,"column":9}},"73":{"start":{"line":262,"column":4},"end":{"line":271,"column":5}},"74":{"start":{"line":263,"column":6},"end":{"line":270,"column":7}},"75":{"start":{"line":264,"column":8},"end":{"line":269,"column":11}},"76":{"start":{"line":274,"column":4},"end":{"line":282,"column":7}},"77":{"start":{"line":285,"column":4},"end":{"line":285,"column":40}},"78":{"start":{"line":286,"column":4},"end":{"line":292,"column":6}},"79":{"start":{"line":293,"column":4},"end":{"line":293,"column":11}},"80":{"start":{"line":296,"column":4},"end":{"line":304,"column":5}},"81":{"start":{"line":297,"column":6},"end":{"line":303,"column":9}},"82":{"start":{"line":299,"column":41},"end":{"line":302,"column":10}},"83":{"start":{"line":306,"column":4},"end":{"line":306,"column":59}},"84":{"start":{"line":307,"column":4},"end":{"line":307,"column":63}},"85":{"start":{"line":312,"column":30},"end":{"line":460,"column":2}},"86":{"start":{"line":312,"column":88},"end":{"line":460,"column":2}},"87":{"start":{"line":313,"column":2},"end":{"line":459,"column":3}},"88":{"start":{"line":314,"column":19},"end":{"line":314,"column":31}},"89":{"start":{"line":315,"column":47},"end":{"line":315,"column":69}},"90":{"start":{"line":317,"column":20},"end":{"line":317,"column":21}},"91":{"start":{"line":318,"column":34},"end":{"line":318,"column":36}},"92":{"start":{"line":321,"column":4},"end":{"line":330,"column":5}},"93":{"start":{"line":322,"column":6},"end":{"line":322,"column":21}},"94":{"start":{"line":323,"column":6},"end":{"line":323,"column":43}},"95":{"start":{"line":324,"column":11},"end":{"line":330,"column":5}},"96":{"start":{"line":325,"column":6},"end":{"line":325,"column":21}},"97":{"start":{"line":326,"column":6},"end":{"line":326,"column":38}},"98":{"start":{"line":327,"column":11},"end":{"line":330,"column":5}},"99":{"start":{"line":328,"column":6},"end":{"line":328,"column":21}},"100":{"start":{"line":329,"column":6},"end":{"line":329,"column":42}},"101":{"start":{"line":333,"column":24},"end":{"line":333,"column":66}},"102":{"start":{"line":335,"column":27},"end":{"line":341,"column":6}},"103":{"start":{"line":343,"column":4},"end":{"line":346,"column":5}},"104":{"start":{"line":344,"column":6},"end":{"line":344,"column":21}},"105":{"start":{"line":345,"column":6},"end":{"line":345,"column":53}},"106":{"start":{"line":349,"column":4},"end":{"line":364,"column":5}},"107":{"start":{"line":350,"column":32},"end":{"line":358,"column":8}},"108":{"start":{"line":360,"column":6},"end":{"line":363,"column":7}},"109":{"start":{"line":361,"column":8},"end":{"line":361,"column":23}},"110":{"start":{"line":362,"column":8},"end":{"line":362,"column":47}},"111":{"start":{"line":367,"column":35},"end":{"line":375,"column":6}},"112":{"start":{"line":377,"column":22},"end":{"line":377,"column":61}},"113":{"start":{"line":378,"column":22},"end":{"line":378,"column":61}},"114":{"start":{"line":381,"column":4},"end":{"line":384,"column":5}},"115":{"start":{"line":382,"column":6},"end":{"line":382,"column":21}},"116":{"start":{"line":383,"column":6},"end":{"line":383,"column":67}},"117":{"start":{"line":386,"column":4},"end":{"line":389,"column":5}},"118":{"start":{"line":387,"column":6},"end":{"line":387,"column":21}},"119":{"start":{"line":388,"column":6},"end":{"line":388,"column":56}},"120":{"start":{"line":392,"column":17},"end":{"line":392,"column":38}},"121":{"start":{"line":393,"column":4},"end":{"line":396,"column":5}},"122":{"start":{"line":394,"column":6},"end":{"line":394,"column":21}},"123":{"start":{"line":395,"column":6},"end":{"line":395,"column":51}},"124":{"start":{"line":402,"column":20},"end":{"line":402,"column":25}},"125":{"start":{"line":403,"column":4},"end":{"line":409,"column":5}},"126":{"start":{"line":404,"column":6},"end":{"line":404,"column":29}},"127":{"start":{"line":405,"column":11},"end":{"line":409,"column":5}},"128":{"start":{"line":406,"column":6},"end":{"line":406,"column":25}},"129":{"start":{"line":407,"column":11},"end":{"line":409,"column":5}},"130":{"start":{"line":408,"column":6},"end":{"line":408,"column":27}},"131":{"start":{"line":412,"column":4},"end":{"line":437,"column":5}},"132":{"start":{"line":413,"column":6},"end":{"line":429,"column":9}},"133":{"start":{"line":431,"column":6},"end":{"line":436,"column":9}},"134":{"start":{"line":440,"column":4},"end":{"line":445,"column":6}},"135":{"start":{"line":447,"column":4},"end":{"line":447,"column":11}},"136":{"start":{"line":450,"column":4},"end":{"line":450,"column":51}},"137":{"start":{"line":452,"column":4},"end":{"line":457,"column":6}},"138":{"start":{"line":458,"column":4},"end":{"line":458,"column":11}},"139":{"start":{"line":465,"column":2},"end":{"line":470,"column":4}}},"fnMap":{"0":{"name":"(anonymous_7)","decl":{"start":{"line":16,"column":14},"end":{"line":16,"column":17}},"loc":{"start":{"line":16,"column":21},"end":{"line":16,"column":57}}},"1":{"name":"(anonymous_8)","decl":{"start":{"line":18,"column":41},"end":{"line":18,"column":42}},"loc":{"start":{"line":18,"column":54},"end":{"line":27,"column":3}}},"2":{"name":"(anonymous_9)","decl":{"start":{"line":32,"column":14},"end":{"line":32,"column":17}},"loc":{"start":{"line":32,"column":21},"end":{"line":32,"column":81}}},"3":{"name":"(anonymous_10)","decl":{"start":{"line":34,"column":39},"end":{"line":34,"column":40}},"loc":{"start":{"line":34,"column":52},"end":{"line":43,"column":3}}},"4":{"name":"(anonymous_11)","decl":{"start":{"line":68,"column":39},"end":{"line":68,"column":46}},"loc":{"start":{"line":68,"column":97},"end":{"line":220,"column":2}}},"5":{"name":"(anonymous_12)","decl":{"start":{"line":68,"column":97},"end":{"line":68,"column":null}},"loc":{"start":{"line":68,"column":97},"end":{"line":220,"column":1}}},"6":{"name":"(anonymous_13)","decl":{"start":{"line":118,"column":27},"end":{"line":118,"column":28}},"loc":{"start":{"line":118,"column":68},"end":{"line":129,"column":5}}},"7":{"name":"(anonymous_14)","decl":{"start":{"line":188,"column":42},"end":{"line":188,"column":46}},"loc":{"start":{"line":189,"column":8},"end":{"line":190,"column":74}}},"8":{"name":"(anonymous_15)","decl":{"start":{"line":210,"column":33},"end":{"line":210,"column":36}},"loc":{"start":{"line":210,"column":41},"end":{"line":213,"column":10}}},"9":{"name":"(anonymous_16)","decl":{"start":{"line":223,"column":35},"end":{"line":223,"column":42}},"loc":{"start":{"line":223,"column":93},"end":{"line":309,"column":2}}},"10":{"name":"(anonymous_17)","decl":{"start":{"line":223,"column":93},"end":{"line":223,"column":null}},"loc":{"start":{"line":223,"column":93},"end":{"line":309,"column":1}}},"11":{"name":"(anonymous_18)","decl":{"start":{"line":299,"column":33},"end":{"line":299,"column":36}},"loc":{"start":{"line":299,"column":41},"end":{"line":302,"column":10}}},"12":{"name":"(anonymous_19)","decl":{"start":{"line":312,"column":30},"end":{"line":312,"column":37}},"loc":{"start":{"line":312,"column":88},"end":{"line":460,"column":2}}},"13":{"name":"(anonymous_20)","decl":{"start":{"line":312,"column":88},"end":{"line":312,"column":null}},"loc":{"start":{"line":312,"column":88},"end":{"line":460,"column":1}}},"14":{"name":"getValidBanks","decl":{"start":{"line":463,"column":15},"end":{"line":463,"column":28}},"loc":{"start":{"line":463,"column":28},"end":{"line":471,"column":null}}}},"branchMap":{"0":{"loc":{"start":{"line":19,"column":4},"end":{"line":25,"column":5}},"type":"if","locations":[{"start":{"line":19,"column":4},"end":{"line":25,"column":5}}]},"1":{"loc":{"start":{"line":19,"column":8},"end":{"line":19,"column":59}},"type":"binary-expr","locations":[{"start":{"line":19,"column":8},"end":{"line":19,"column":51}},{"start":{"line":19,"column":55},"end":{"line":19,"column":59}}]},"2":{"loc":{"start":{"line":35,"column":4},"end":{"line":41,"column":5}},"type":"if","locations":[{"start":{"line":35,"column":4},"end":{"line":41,"column":5}}]},"3":{"loc":{"start":{"line":35,"column":8},"end":{"line":35,"column":46}},"type":"binary-expr","locations":[{"start":{"line":35,"column":8},"end":{"line":35,"column":38}},{"start":{"line":35,"column":42},"end":{"line":35,"column":46}}]},"4":{"loc":{"start":{"line":85,"column":4},"end":{"line":89,"column":5}},"type":"if","locations":[{"start":{"line":85,"column":4},"end":{"line":89,"column":5}}]},"5":{"loc":{"start":{"line":85,"column":8},"end":{"line":85,"column":31}},"type":"binary-expr","locations":[{"start":{"line":85,"column":8},"end":{"line":85,"column":13}},{"start":{"line":85,"column":17},"end":{"line":85,"column":31}}]},"6":{"loc":{"start":{"line":92,"column":4},"end":{"line":97,"column":5}},"type":"if","locations":[{"start":{"line":92,"column":4},"end":{"line":97,"column":5}}]},"7":{"loc":{"start":{"line":92,"column":8},"end":{"line":92,"column":69}},"type":"binary-expr","locations":[{"start":{"line":92,"column":8},"end":{"line":92,"column":36}},{"start":{"line":92,"column":40},"end":{"line":92,"column":69}}]},"8":{"loc":{"start":{"line":114,"column":32},"end":{"line":114,"column":63}},"type":"binary-expr","locations":[{"start":{"line":114,"column":32},"end":{"line":114,"column":58}},{"start":{"line":114,"column":62},"end":{"line":114,"column":63}}]},"9":{"loc":{"start":{"line":115,"column":31},"end":{"line":115,"column":57}},"type":"binary-expr","locations":[{"start":{"line":115,"column":31},"end":{"line":115,"column":52}},{"start":{"line":115,"column":56},"end":{"line":115,"column":57}}]},"10":{"loc":{"start":{"line":119,"column":6},"end":{"line":128,"column":7}},"type":"if","locations":[{"start":{"line":119,"column":6},"end":{"line":128,"column":7}},{"start":{"line":126,"column":13},"end":{"line":128,"column":7}}]},"11":{"loc":{"start":{"line":120,"column":8},"end":{"line":125,"column":9}},"type":"switch","locations":[{"start":{"line":121,"column":10},"end":{"line":121,"column":58}},{"start":{"line":122,"column":10},"end":{"line":122,"column":60}},{"start":{"line":123,"column":10},"end":{"line":123,"column":57}},{"start":{"line":124,"column":10},"end":{"line":124,"column":54}}]},"12":{"loc":{"start":{"line":133,"column":4},"end":{"line":140,"column":5}},"type":"if","locations":[{"start":{"line":133,"column":4},"end":{"line":140,"column":5}}]},"13":{"loc":{"start":{"line":142,"column":4},"end":{"line":149,"column":5}},"type":"if","locations":[{"start":{"line":142,"column":4},"end":{"line":149,"column":5}}]},"14":{"loc":{"start":{"line":152,"column":4},"end":{"line":183,"column":5}},"type":"if","locations":[{"start":{"line":152,"column":4},"end":{"line":183,"column":5}},{"start":{"line":173,"column":11},"end":{"line":183,"column":5}}]},"15":{"loc":{"start":{"line":162,"column":27},"end":{"line":162,"column":68}},"type":"binary-expr","locations":[{"start":{"line":162,"column":27},"end":{"line":162,"column":63}},{"start":{"line":162,"column":67},"end":{"line":162,"column":68}}]},"16":{"loc":{"start":{"line":165,"column":6},"end":{"line":172,"column":7}},"type":"if","locations":[{"start":{"line":165,"column":6},"end":{"line":172,"column":7}}]},"17":{"loc":{"start":{"line":175,"column":6},"end":{"line":182,"column":7}},"type":"if","locations":[{"start":{"line":175,"column":6},"end":{"line":182,"column":7}}]},"18":{"loc":{"start":{"line":186,"column":4},"end":{"line":200,"column":5}},"type":"if","locations":[{"start":{"line":186,"column":4},"end":{"line":200,"column":5}}]},"19":{"loc":{"start":{"line":186,"column":8},"end":{"line":186,"column":80}},"type":"binary-expr","locations":[{"start":{"line":186,"column":8},"end":{"line":186,"column":54}},{"start":{"line":186,"column":58},"end":{"line":186,"column":80}}]},"20":{"loc":{"start":{"line":189,"column":8},"end":{"line":190,"column":74}},"type":"binary-expr","locations":[{"start":{"line":189,"column":8},"end":{"line":189,"column":74}},{"start":{"line":190,"column":8},"end":{"line":190,"column":74}}]},"21":{"loc":{"start":{"line":193,"column":6},"end":{"line":199,"column":7}},"type":"if","locations":[{"start":{"line":193,"column":6},"end":{"line":199,"column":7}}]},"22":{"loc":{"start":{"line":207,"column":4},"end":{"line":215,"column":5}},"type":"if","locations":[{"start":{"line":207,"column":4},"end":{"line":215,"column":5}}]},"23":{"loc":{"start":{"line":226,"column":4},"end":{"line":231,"column":5}},"type":"if","locations":[{"start":{"line":226,"column":4},"end":{"line":231,"column":5}}]},"24":{"loc":{"start":{"line":226,"column":8},"end":{"line":226,"column":46}},"type":"binary-expr","locations":[{"start":{"line":226,"column":8},"end":{"line":226,"column":17}},{"start":{"line":226,"column":21},"end":{"line":226,"column":46}}]},"25":{"loc":{"start":{"line":246,"column":4},"end":{"line":251,"column":5}},"type":"if","locations":[{"start":{"line":246,"column":4},"end":{"line":251,"column":5}}]},"26":{"loc":{"start":{"line":253,"column":4},"end":{"line":259,"column":5}},"type":"if","locations":[{"start":{"line":253,"column":4},"end":{"line":259,"column":5}}]},"27":{"loc":{"start":{"line":253,"column":8},"end":{"line":253,"column":33}},"type":"cond-expr","locations":[{"start":{"line":253,"column":25},"end":{"line":253,"column":27}},{"start":{"line":253,"column":25},"end":{"line":253,"column":33}}]},"28":{"loc":{"start":{"line":253,"column":8},"end":{"line":253,"column":27}},"type":"binary-expr","locations":[{"start":{"line":253,"column":8},"end":{"line":253,"column":27}},{"start":{"line":253,"column":25},"end":{"line":253,"column":27}}]},"29":{"loc":{"start":{"line":257,"column":23},"end":{"line":257,"column":48}},"type":"cond-expr","locations":[{"start":{"line":257,"column":40},"end":{"line":257,"column":42}},{"start":{"line":257,"column":40},"end":{"line":257,"column":48}}]},"30":{"loc":{"start":{"line":257,"column":23},"end":{"line":257,"column":42}},"type":"binary-expr","locations":[{"start":{"line":257,"column":23},"end":{"line":257,"column":42}},{"start":{"line":257,"column":40},"end":{"line":257,"column":42}}]},"31":{"loc":{"start":{"line":262,"column":4},"end":{"line":271,"column":5}},"type":"if","locations":[{"start":{"line":262,"column":4},"end":{"line":271,"column":5}}]},"32":{"loc":{"start":{"line":263,"column":6},"end":{"line":270,"column":7}},"type":"if","locations":[{"start":{"line":263,"column":6},"end":{"line":270,"column":7}}]},"33":{"loc":{"start":{"line":296,"column":4},"end":{"line":304,"column":5}},"type":"if","locations":[{"start":{"line":296,"column":4},"end":{"line":304,"column":5}}]},"34":{"loc":{"start":{"line":321,"column":4},"end":{"line":330,"column":5}},"type":"if","locations":[{"start":{"line":321,"column":4},"end":{"line":330,"column":5}},{"start":{"line":324,"column":11},"end":{"line":330,"column":5}}]},"35":{"loc":{"start":{"line":324,"column":11},"end":{"line":330,"column":5}},"type":"if","locations":[{"start":{"line":324,"column":11},"end":{"line":330,"column":5}},{"start":{"line":327,"column":11},"end":{"line":330,"column":5}}]},"36":{"loc":{"start":{"line":327,"column":11},"end":{"line":330,"column":5}},"type":"if","locations":[{"start":{"line":327,"column":11},"end":{"line":330,"column":5}}]},"37":{"loc":{"start":{"line":343,"column":4},"end":{"line":346,"column":5}},"type":"if","locations":[{"start":{"line":343,"column":4},"end":{"line":346,"column":5}}]},"38":{"loc":{"start":{"line":349,"column":4},"end":{"line":364,"column":5}},"type":"if","locations":[{"start":{"line":349,"column":4},"end":{"line":364,"column":5}}]},"39":{"loc":{"start":{"line":349,"column":8},"end":{"line":349,"column":52}},"type":"binary-expr","locations":[{"start":{"line":349,"column":8},"end":{"line":349,"column":40}},{"start":{"line":349,"column":44},"end":{"line":349,"column":52}}]},"40":{"loc":{"start":{"line":360,"column":6},"end":{"line":363,"column":7}},"type":"if","locations":[{"start":{"line":360,"column":6},"end":{"line":363,"column":7}}]},"41":{"loc":{"start":{"line":377,"column":22},"end":{"line":377,"column":61}},"type":"binary-expr","locations":[{"start":{"line":377,"column":22},"end":{"line":377,"column":56}},{"start":{"line":377,"column":60},"end":{"line":377,"column":61}}]},"42":{"loc":{"start":{"line":378,"column":22},"end":{"line":378,"column":61}},"type":"binary-expr","locations":[{"start":{"line":378,"column":22},"end":{"line":378,"column":56}},{"start":{"line":378,"column":60},"end":{"line":378,"column":61}}]},"43":{"loc":{"start":{"line":3
[...]
column":84}},{"start":{"line":65,"column":87},"end":{"line":65,"column":111}}]},"20":{"loc":{"start":{"line":66,"column":15},"end":{"line":66,"column":111}},"type":"cond-expr","locations":[{"start":{"line":66,"column":39},"end":{"line":66,"column":84}},{"start":{"line":66,"column":87},"end":{"line":66,"column":111}}]},"21":{"loc":{"start":{"line":75,"column":2},"end":{"line":77,"column":3}},"type":"if","locations":[{"start":{"line":75,"column":2},"end":{"line":77,"column":3}}]},"22":{"loc":{"start":{"line":75,"column":6},"end":{"line":75,"column":47}},"type":"binary-expr","locations":[{"start":{"line":75,"column":6},"end":{"line":75,"column":15}},{"start":{"line":75,"column":19},"end":{"line":75,"column":47}}]},"23":{"loc":{"start":{"line":82,"column":4},"end":{"line":100,"column":5}},"type":"if","locations":[{"start":{"line":82,"column":4},"end":{"line":100,"column":5}}]},"24":{"loc":{"start":{"line":85,"column":6},"end":{"line":98,"column":7}},"type":"if","locations":[{"start":{"line":85,"column":6},"end":{"line":98,"column":7}},{"start":{"line":87,"column":13},"end":{"line":98,"column":7}}]},"25":{"loc":{"start":{"line":85,"column":10},"end":{"line":85,"column":47}},"type":"binary-expr","locations":[{"start":{"line":85,"column":10},"end":{"line":85,"column":24}},{"start":{"line":85,"column":28},"end":{"line":85,"column":47}}]},"26":{"loc":{"start":{"line":87,"column":13},"end":{"line":98,"column":7}},"type":"if","locations":[{"start":{"line":87,"column":13},"end":{"line":98,"column":7}},{"start":{"line":89,"column":13},"end":{"line":98,"column":7}}]},"27":{"loc":{"start":{"line":87,"column":17},"end":{"line":87,"column":101}},"type":"binary-expr","locations":[{"start":{"line":87,"column":17},"end":{"line":87,"column":42}},{"start":{"line":87,"column":46},"end":{"line":87,"column":71}},{"start":{"line":87,"column":75},"end":{"line":87,"column":101}}]},"28":{"loc":{"start":{"line":89,"column":13},"end":{"line":98,"column":7}},"type":"if","locations":[{"start":{"line":89,"column":13},"end":{"line":98,"column":7}},{"start":{"line":91,"column":13},"end":{"line":98,"column":7}}]},"29":{"loc":{"start":{"line":91,"column":13},"end":{"line":98,"column":7}},"type":"if","locations":[{"start":{"line":91,"column":13},"end":{"line":98,"column":7}},{"start":{"line":95,"column":13},"end":{"line":98,"column":7}}]},"30":{"loc":{"start":{"line":93,"column":10},"end":{"line":93,"column":91}},"type":"binary-expr","locations":[{"start":{"line":93,"column":10},"end":{"line":93,"column":34}},{"start":{"line":93,"column":38},"end":{"line":93,"column":62}},{"start":{"line":93,"column":66},"end":{"line":93,"column":91}}]},"31":{"loc":{"start":{"line":95,"column":13},"end":{"line":98,"column":7}},"type":"if","locations":[{"start":{"line":95,"column":13},"end":{"line":98,"column":7}}]},"32":{"loc":{"start":{"line":109,"column":50},"end":{"line":109,"column":74}},"type":"default-arg","locations":[{"start":{"line":109,"column":71},"end":{"line":109,"column":74}}]},"33":{"loc":{"start":{"line":125,"column":53},"end":{"line":125,"column":77}},"type":"default-arg","locations":[{"start":{"line":125,"column":74},"end":{"line":125,"column":77}}]},"34":{"loc":{"start":{"line":129,"column":11},"end":{"line":129,"column":59}},"type":"cond-expr","locations":[{"start":{"line":129,"column":21},"end":{"line":129,"column":47}},{"start":{"line":129,"column":50},"end":{"line":129,"column":59}}]},"35":{"loc":{"start":{"line":140,"column":13},"end":{"line":140,"column":58}},"type":"binary-expr","locations":[{"start":{"line":140,"column":13},"end":{"line":140,"column":20}},{"start":{"line":140,"column":24},"end":{"line":140,"column":58}}]}},"s":{"0":0,"1":0,"2":0,"3":0,"4":0,"5":0,"6":0,"7":0,"8":0,"9":0,"10":0,"11":0,"12":0,"13":0,"14":0,"15":0,"16":0,"17":0,"18":0,"19":0,"20":0,"21":0,"22":0,"23":0,"24":0,"25":0,"26":0,"27":0,"28":0,"29":0,"30":0,"31":0,"32":0,"33":0,"34":0,"35":0,"36":0,"37":0,"38":0,"39":0,"40":0,"41":0,"42":0,"43":0,"44":0,"45":0,"46":0,"47":0,"48":0,"49":0,"50":0,"51":0},"f":{"0":0,"1":0,"2":0,"3":0,"4":0,"5":0,"6":0,"7":0,"8":0,"9":0},"b":{"0":[0],"1":[0,0],"2":[0],"3":[0],"4":[0],"5":[0,0],"6":[0,0],"7":[0,0],"8":[0,0,0],"9":[0,0],"10":[0,0],"11":[0],"12":[0],"13":[0,0],"14":[0,0],"15":[0,0],"16":[0,0],"17":[0,0],"18":[0,0],"19":[0,0],"20":[0,0],"21":[0],"22":[0,0],"23":[0],"24":[0,0],"25":[0,0],"26":[0,0],"27":[0,0,0],"28":[0,0],"29":[0,0],"30":[0,0,0],"31":[0],"32":[0],"33":[0],"34":[0,0],"35":[0,0]}}
,"/Users/kriszzdiscord/Documents/Code/PrimeEdge/server/utils/sanitizeTransactionData.ts": {"path":"/Users/kriszzdiscord/Documents/Code/PrimeEdge/server/utils/sanitizeTransactionData.ts","statementMap":{"0":{"start":{"line":34,"column":2},"end":{"line":34,"column":32}},"1":{"start":{"line":34,"column":20},"end":{"line":34,"column":32}},"2":{"start":{"line":36,"column":2},"end":{"line":55,"column":3}},"3":{"start":{"line":37,"column":4},"end":{"line":51,"column":6}},"4":{"start":{"line":53,"column":4},"end":{"line":53,"column":69}},"5":{"start":{"line":54,"column":4},"end":{"line":54,"column":16}},"6":{"start":{"line":62,"column":2},"end":{"line":62,"column":46}},"7":{"start":{"line":62,"column":36},"end":{"line":62,"column":46}},"8":{"start":{"line":64,"column":2},"end":{"line":66,"column":58}},"9":{"start":{"line":66,"column":46},"end":{"line":66,"column":56}},"10":{"start":{"line":73,"column":2},"end":{"line":73,"column":25}},"11":{"start":{"line":73,"column":13},"end":{"line":73,"column":25}},"12":{"start":{"line":75,"column":2},"end":{"line":85,"column":3}},"13":{"start":{"line":76,"column":4},"end":{"line":81,"column":6}},"14":{"start":{"line":83,"column":4},"end":{"line":83,"column":62}},"15":{"start":{"line":84,"column":4},"end":{"line":84,"column":16}},"16":{"start":{"line":92,"column":31},"end":{"line":92,"column":63}},"17":{"start":{"line":93,"column":2},"end":{"line":93,"column":41}},"18":{"start":{"line":93,"column":29},"end":{"line":93,"column":41}},"19":{"start":{"line":95,"column":2},"end":{"line":97,"column":null}},"20":{"start":{"line":105,"column":2},"end":{"line":107,"column":3}},"21":{"start":{"line":106,"column":4},"end":{"line":106,"column":16}},"22":{"start":{"line":109,"column":2},"end":{"line":124,"column":3}},"23":{"start":{"line":111,"column":39},"end":{"line":111,"column":41}},"24":{"start":{"line":113,"column":4},"end":{"line":118,"column":5}},"25":{"start":{"line":114,"column":6},"end":{"line":117,"column":7}},"26":{"start":{"line":115,"column":22},"end":{"line":115,"column":35}},"27":{"start":{"line":116,"column":8},"end":{"line":116,"column":42}},"28":{"start":{"line":120,"column":4},"end":{"line":120,"column":17}},"29":{"start":{"line":122,"column":4},"end":{"line":122,"column":66}},"30":{"start":{"line":123,"column":4},"end":{"line":123,"column":16}},"31":{"start":{"line":131,"column":2},"end":{"line":133,"column":3}},"32":{"start":{"line":132,"column":4},"end":{"line":132,"column":17}},"33":{"start":{"line":135,"column":2},"end":{"line":137,"column":3}},"34":{"start":{"line":136,"column":4},"end":{"line":136,"column":17}},"35":{"start":{"line":139,"column":2},"end":{"line":141,"column":3}},"36":{"start":{"line":140,"column":4},"end":{"line":140,"column":31}},"37":{"start":{"line":143,"column":2},"end":{"line":145,"column":3}},"38":{"start":{"line":144,"column":4},"end":{"line":144,"column":28}},"39":{"start":{"line":147,"column":2},"end":{"line":149,"column":3}},"40":{"start":{"line":148,"column":4},"end":{"line":148,"column":36}},"41":{"start":{"line":151,"column":2},"end":{"line":173,"column":3}},"42":{"start":{"line":152,"column":39},"end":{"line":152,"column":41}},"43":{"start":{"line":154,"column":4},"end":{"line":170,"column":5}},"44":{"start":{"line":155,"column":6},"end":{"line":169,"column":7}},"45":{"start":{"line":157,"column":8},"end":{"line":168,"column":9}},"46":{"start":{"line":159,"column":10},"end":{"line":165,"column":11}},"47":{"start":{"line":160,"column":12},"end":{"line":162,"column":14}},"48":{"start":{"line":161,"column":14},"end":{"line":161,"column":80}},"49":{"start":{"line":164,"column":12},"end":{"line":164,"column":64}},"50":{"start":{"line":167,"column":10},"end":{"line":167,"column":49}},"51":{"start":{"line":172,"column":4},"end":{"line":172,"column":17}},"52":{"start":{"line":176,"column":2},"end":{"line":176,"column":14}},"53":{"start":{"line":183,"column":2},"end":{"line":185,"column":3}},"54":{"start":{"line":184,"column":4},"end":{"line":184,"column":23}},"55":{"start":{"line":188,"column":2},"end":{"line":194,"column":3}},"56":{"start":{"line":189,"column":23},"end":{"line":189,"column":45}},"57":{"start":{"line":190,"column":4},"end":{"line":190,"column":39}},"58":{"start":{"line":192,"column":4},"end":{"line":192,"column":68}},"59":{"start":{"line":193,"column":4},"end":{"line":193,"column":19}},"60":{"start":{"line":201,"column":2},"end":{"line":207,"column":3}},"61":{"start":{"line":202,"column":4},"end":{"line":202,"column":24}},"62":{"start":{"line":203,"column":4},"end":{"line":203,"column":16}},"63":{"start":{"line":205,"column":4},"end":{"line":205,"column":64}},"64":{"start":{"line":206,"column":4},"end":{"line":206,"column":17}}},"fnMap":{"0":{"name":"sanitizeTransaction","decl":{"start":{"line":33,"column":16},"end":{"line":33,"column":35}},"loc":{"start":{"line":33,"column":52},"end":{"line":56,"column":1}}},"1":{"name":"sanitizeTransactions","decl":{"start":{"line":61,"column":16},"end":{"line":61,"column":36}},"loc":{"start":{"line":61,"column":56},"end":{"line":67,"column":1}}},"2":{"name":"(anonymous_2)","decl":{"start":{"line":66,"column":12},"end":{"line":66,"column":13}},"loc":{"start":{"line":66,"column":46},"end":{"line":66,"column":56}}},"3":{"name":"sanitizeUser","decl":{"start":{"line":72,"column":16},"end":{"line":72,"column":28}},"loc":{"start":{"line":72,"column":38},"end":{"line":86,"column":1}}},"4":{"name":"sanitizeTransactionWithUser","decl":{"start":{"line":91,"column":16},"end":{"line":91,"column":43}},"loc":{"start":{"line":91,"column":60},"end":{"line":99,"column":1}}},"5":{"name":"sanitizeMetadata","decl":{"start":{"line":104,"column":9},"end":{"line":104,"column":25}},"loc":{"start":{"line":104,"column":39},"end":{"line":125,"column":1}}},"6":{"name":"sanitizeValue","decl":{"start":{"line":130,"column":9},"end":{"line":130,"column":22}},"loc":{"start":{"line":130,"column":33},"end":{"line":177,"column":1}}},"7":{"name":"(anonymous_7)","decl":{"start":{"line":160,"column":40},"end":{"line":160,"column":41}},"loc":{"start":{"line":161,"column":14},"end":{"line":161,"column":80}}},"8":{"name":"createCleanObject","decl":{"start":{"line":182,"column":16},"end":{"line":182,"column":33}},"loc":{"start":{"line":182,"column":70},"end":{"line":195,"column":1}}},"9":{"name":"validateSerializable","decl":{"start":{"line":200,"column":16},"end":{"line":200,"column":36}},"loc":{"start":{"line":200,"column":45},"end":{"line":208,"column":1}}}},"branchMap":{"0":{"loc":{"start":{"line":34,"column":2},"end":{"line":34,"column":32}},"type":"if","locations":[{"start":{"line":34,"column":2},"end":{"line":34,"column":32}}]},"1":{"loc":{"start":{"line":38,"column":17},"end":{"line":38,"column":37}},"type":"binary-expr","locations":[{"start":{"line":38,"column":17},"end":{"line":38,"column":31}},{"start":{"line":38,"column":35},"end":{"line":38,"column":37}}]},"2":{"loc":{"start":{"line":39,"column":21},"end":{"line":39,"column":45}},"type":"binary-expr","locations":[{"start":{"line":39,"column":21},"end":{"line":39,"column":39}},{"start":{"line":39,"column":43},"end":{"line":39,"column":45}}]},"3":{"loc":{"start":{"line":40,"column":19},"end":{"line":40,"column":41}},"type":"binary-expr","locations":[{"start":{"line":40,"column":19},"end":{"line":40,"column":35}},{"start":{"line":40,"column":39},"end":{"line":40,"column":41}}]},"4":{"loc":{"start":{"line":41,"column":14},"end":{"line":43,"column":41}},"type":"cond-expr","locations":[{"start":{"line":42,"column":10},"end":{"line":42,"column":39}},{"start":{"line":43,"column":10},"end":{"line":43,"column":41}}]},"5":{"loc":{"start":{"line":43,"column":10},"end":{"line":43,"column":41}},"type":"binary-expr","locations":[{"start":{"line":43,"column":10},"end":{"line":43,"column":36}},{"start":{"line":43,"column":40},"end":{"line":43,"column":41}}]},"6":{"loc":{"start":{"line":44,"column":23},"end":{"line":44,"column":52}},"type":"binary-expr","locations":[{"start":{"line":44,"column":23},"end":{"line":44,"column":43}},{"start":{"line":44,"column":47},"end":{"line":44,"column":52}}]},"7":{"loc":{"start":{"line":45,"column":21},"end":{"line":45,"column":52}},"type":"binary-expr","locations":[{"start":{"line":45,"column":21},"end":{"line":45,"column":39}},{"start":{"line":45,"column":43},"end":{"line":45,"column":52}}]},"8":{"loc":{"start":{"line":46,"column":19},"end":{"line":46,"column":83}},"type":"cond-expr","locations":[{"start":{"line":46,"column":45},"end":{"line":46,"column":76}},{"start":{"line":46,"column":79},"end":{"line":46,"column":83}}]},"9":{"loc":{"start":{"line":48,"column":17},"end":{"line":48,"column":77}},"type":"cond-expr","locations":[{"start":{"line":48,"column":41},"end":{"line":48,"column":70}},{"start":{"line":48,"column":73},"end":{"line":48,"column":77}}]},"10":{"loc":{"start":{"line":49,"column":17},"end":{"line":49,"column":113}},"type":"cond-expr","locations":[{"start":{"line":49,"column":41},"end":{"line":49,"column":86}},{"start":{"line":49,"column":89},"end":{"line":49,"column":113}}]},"11":{"loc":{"start":{"line":50,"column":17},"end":{"line":50,"column":113}},"type":"cond-expr","locations":[{"start":{"line":50,"column":41},"end":{"line":50,"column":86}},{"start":{"line":50,"column":89},"end":{"line":50,"column":113}}]},"12":{"loc":{"start":{"line":62,"column":2},"end":{"line":62,"column":46}},"type":"if","locations":[{"start":{"line":62,"column":2},"end":{"line":62,"column":46}}]},"13":{"loc":{"start":{"line":73,"column":2},"end":{"line":73,"column":25}},"type":"if","locations":[{"start":{"line":73,"column":2},"end":{"line":73,"column":25}}]},"14":{"loc":{"start":{"line":77,"column":17},"end":{"line":77,"column":30}},"type":"binary-expr","locations":[{"start":{"line":77,"column":17},"end":{"line":77,"column":24}},{"start":{"line":77,"column":28},"end":{"line":77,"column":30}}]},"15":{"loc":{"start":{"line":78,"column":20},"end":{"line":78,"column":36}},"type":"binary-expr","locations":[{"start":{"line":78,"column":20},"end":{"line":78,"column":30}},{"start":{"line":78,"column":34},"end":{"line":78,"column":36}}]},"16":{"loc":{"start":{"line":79,"column":19},"end":{"line":79,"column":34}},"type":"binary-expr","locations":[{"start":{"line":79,"column":19},"end":{"line":79,"column":28}},{"start":{"line":79,"column":32},"end":{"line":79,"column":34}}]},"17":{"loc":{"start":{"line":80,"column":19},"end":{"line":80,"column":38}},"type":"binary-expr","locations":[{"start":{"line":80,"column":19},"end":{"line":80,"column":28}},{"start":{"line":80,"column":32},"end":{"line":80,"column":38}}]},"18":{"loc":{"start":{"line":93,"column":2},"end":{"line":93,"column":41}},"type":"if","locations":[{"start":{"line":93,"column":2},"end":{"line":93,"column":41}}]},"19":{"loc":{"start":{"line":97,"column":10},"end":{"line":97,"column":66}},"type":"cond-expr","locations":[{"start":{"line":97,"column":29},"end":{"line":97,"column":59}},{"start":{"line":97,"column":62},"end":{"line":97,"column":66}}]},"20":{"loc":{"start":{"line":105,"column":2},"end":{"line":107,"column":3}},"type":"if","locations":[{"start":{"line":105,"column":2},"end":{"line":107,"column":3}}]},"21":{"loc":{"start":{"line":105,"column":6},"end":{"line":105,"column":47}},"type":"binary-expr","locations":[{"start":{"line":105,"column":6},"end":{"line":105,"column":15}},{"start":{"line":105,"column":19},"end":{"line":105,"column":47}}]},"22":{"loc":{"start":{"line":114,"column":6},"end":{"line":117,"column":7}},"type":"if","locations":[{"start":{"line":114,"column":6},"end":{"line":117,"column":7}}]},"23":{"loc":{"start":{"line":131,"column":2},"end":{"line":133,"column":3}},"type":"if","locations":[{"start":{"line":131,"column":2},"end":{"line":133,"column":3}}]},"24":{"loc":{"start":{"line":131,"column":6},"end":{"line":131,"column":43}},"type":"binary-expr","locations":[{"start":{"line":131,"column":6},"end":{"line":131,"column":20}},{"start":{"line":131,"column":24},"end":{"line":131,"column":43}}]},"25":{"loc":{"start":{"line":135,"column":2},"end":{"line":137,"column":3}},"type":"if","locations":[{"start":{"line":135,"column":2},"end":{"line":137,"column":3}}]},"26":{"loc":{"start":{"line":135,"column":6},"end":{"line":135,"column":90}},"type":"binary-expr","locations":[{"start":{"line":135,"column":6},"end":{"line":135,"column":31}},{"start":{"line":135,"column":35},"end":{"line":135,"column":60}},{"start":{"line":135,"column":64},"end":{"line":135,"column":90}}]},"27":{"loc":{"start":{"line":139,"column":2},"end":{"line":141,"column":3}},"type":"if","locations":[{"start":{"line":139,"column":2},"end":{"line":141,"column":3}}]},"28":{"loc":{"start":{"line":143,"column":2},"end":{"line":145,"column":3}},"type":"if","locations":[{"start":{"line":143,"column":2},"end":{"line":145,"column":3}}]},"29":{"loc":{"start":{"line":147,"column":2},"end":{"line":149,"column":3}},"type":"if","locations":[{"start":{"line":147,"column":2},"end":{"line":149,"column":3}}]},"30":{"loc":{"start":{"line":151,"column":2},"end":{"line":173,"column":3}},"type":"if","locations":[{"start":{"line":151,"column":2},"end":{"line":173,"column":3}}]},"31":{"loc":{"start":{"line":155,"column":6},"end":{"line":169,"column":7}},"type":"if","locations":[{"start":{"line":155,"column":6},"end":{"line":169,"column":7}}]},"32":{"loc":{"start":{"line":157,"column":8},"end":{"line":168,"column":9}},"type":"if","locations":[{"start":{"line":157,"column":8},"end":{"line":168,"column":9}},{"start":{"line":166,"column":15},"end":{"line":168,"column":9}}]},"33":{"loc":{"start":{"line":157,"column":12},"end":{"line":157,"column":65}},"type":"binary-expr","locations":[{"start":{"line":157,"column":12},"end":{"line":157,"column":42}},{"start":{"line":157,"column":46},"end":{"line":157,"column":65}}]},"34":{"loc":{"start":{"line":159,"column":10},"end":{"line":165,"column":11}},"type":"if","locations":[{"start":{"line":159,"column":10},"end":{"line":165,"column":11}},{"start":{"line":163,"column":17},"end":{"line":165,"column":11}}]},"35":{"loc":{"start":{"line":161,"column":14},"end":{"line":161,"column":80}},"type":"cond-expr","locations":[{"start":{"line":161,"column":41},"end":{"line":161,"column":73}},{"start":{"line":161,"column":76},"end":{"line":161,"column":80}}]},"36":{"loc":{"start":{"line":183,"column":2},"end":{"line":185,"column":3}},"type":"if","locations":[{"start":{"line":183,"column":2},"end":{"line":185,"column":3}}]},"37":{"loc":{"start":{"line":183,"column":6},"end":{"line":183,"column":43}},"type":"binary-expr","locations":[{"start":{"line":183,"column":6},"end":{"line":183,"column":13}},{"start":{"line":183,"column":17},"end":{"line":183,"column":43}}]}},"s":{"0":0,"1":0,"2":0,"3":0,"4":0,"5":0,"6":0,"7":0,"8":0,"9":0,"10":0,"11":0,"12":0,"13":0,"14":0,"15":0,"16":0,"17":0,"18":0,"19":0,"20":0,"21":0,"22":0,"23":0,"24":0,"25":0,"26":0,"27":0,"28":0,"29":0,"30":0,"31":0,"32":0,"33":0,"34":0,"35":0,"36":0,"37":0,"38":0,"39":0,"40":0,"41":0,"42":0,"43":0,"44":0,"45":0,"46":0,"47":0,"48":0,"49":0,"50":0,"51":0,"52":0,"53":0,"54":0,"55":0,"56":0,"57":0,"58":0,"59":0,"60":0,"61":0,"62":0,"63":0,"64":0},"f":{"0":0,"1":0,"2":0,"3":0,"4":0,"5":0,"6":0,"7":0,"8":0,"9":0},"b":{"0":[0],"1":[0,0],"2":[0,0],"3":[0,0],"4":[0,0],"5":[0,0],"6":[0,0],"7":[0,0],"8":[0,0],"9":[0,0],"10":[0,0],"11":[0,0],"12":[0],"13":[0],"14":[0,0],"15":[0,0],"16":[0,0],"17":[0,0],"18":[0],"19":[0,0],"20":[0],"21":[0,0],"22":[0],"23":[0],"24":[0,0],"25":[0],"26":[0,0,0],"27":[0],"28":[0],"29":[0],"30":[0],"31":[0],"32":[0,0],"33":[0,0],"34":[0,0],"35":[0,0],"36":[0],"37":[0,0]}}
}
