TN:
SF:server/prisma.ts
FN:17,testDatabaseConnection
FN:30,disconnectDatabase
FNF:2
FNH:0
FNDA:0,testDatabaseConnection
FNDA:0,disconnectDatabase
DA:4,0
DA:8,0
DA:12,0
DA:13,0
DA:18,0
DA:19,0
DA:20,0
DA:21,0
DA:23,0
DA:24,0
DA:25,0
DA:31,0
LF:12
LH:0
BRDA:8,0,0,0
BRDA:8,0,1,0
BRDA:8,1,0,0
BRDA:8,1,1,0
BRDA:12,2,0,0
BRF:5
BRH:0
end_of_record
TN:
SF:server/vite.ts
FN:11,log
FN:22,setupVite
FN:34,(anonymous_10)
FN:44,(anonymous_11)
FN:44,(anonymous_12)
FN:70,serveStatic
FN:82,(anonymous_14)
FNF:7
FNH:0
FNDA:0,log
FNDA:0,setupVite
FNDA:0,(anonymous_10)
FNDA:0,(anonymous_11)
FNDA:0,(anonymous_12)
FNDA:0,serveStatic
FNDA:0,(anonymous_14)
DA:9,0
DA:12,0
DA:19,0
DA:23,0
DA:29,0
DA:35,0
DA:36,0
DA:43,0
DA:44,0
DA:45,0
DA:47,0
DA:48,0
DA:56,0
DA:57,0
DA:61,0
DA:62,0
DA:64,0
DA:65,0
DA:71,0
DA:73,0
DA:74,0
DA:79,0
DA:82,0
DA:83,0
LF:24
LH:0
BRDA:11,0,0,0
BRDA:73,1,0,0
BRF:2
BRH:0
end_of_record
TN:
SF:server/controllers/adminKycController.ts
FN:8,(anonymous_7)
FN:19,(anonymous_9)
FN:23,(anonymous_10)
FN:31,(anonymous_11)
FN:59,(anonymous_12)
FN:60,(anonymous_13)
FN:61,(anonymous_14)
FN:63,(anonymous_15)
FN:80,(anonymous_16)
FN:93,(anonymous_18)
FN:144,(anonymous_19)
FN:172,(anonymous_20)
FN:227,(anonymous_22)
FN:275,(anonymous_24)
FN:345,(anonymous_26)
FN:371,(anonymous_27)
FN:401,calculateAge
FN:414,calculateRiskScore
FN:442,validateAddressFormat
FNF:19
FNH:0
FNDA:0,(anonymous_7)
FNDA:0,(anonymous_9)
FNDA:0,(anonymous_10)
FNDA:0,(anonymous_11)
FNDA:0,(anonymous_12)
FNDA:0,(anonymous_13)
FNDA:0,(anonymous_14)
FNDA:0,(anonymous_15)
FNDA:0,(anonymous_16)
FNDA:0,(anonymous_18)
FNDA:0,(anonymous_19)
FNDA:0,(anonymous_20)
FNDA:0,(anonymous_22)
FNDA:0,(anonymous_24)
FNDA:0,(anonymous_26)
FNDA:0,(anonymous_27)
FNDA:0,calculateAge
FNDA:0,calculateRiskScore
FNDA:0,validateAddressFormat
DA:9,0
DA:10,0
DA:11,0
DA:12,0
DA:15,0
DA:18,0
DA:19,0
DA:23,0
DA:26,0
DA:27,0
DA:28,0
DA:31,0
DA:46,0
DA:59,0
DA:60,0
DA:61,0
DA:63,0
DA:71,0
DA:72,0
DA:81,0
DA:82,0
DA:84,0
DA:85,0
DA:86,0
DA:93,0
DA:94,0
DA:95,0
DA:97,0
DA:98,0
DA:99,0
DA:100,0
DA:108,0
DA:111,0
DA:114,0
DA:115,0
DA:116,0
DA:117,0
DA:118,0
DA:119,0
DA:120,0
DA:128,0
DA:133,0
DA:135,0
DA:145,0
DA:157,0
DA:163,0
DA:164,0
DA:173,0
DA:174,0
DA:177,0
DA:178,0
DA:179,0
DA:186,0
DA:187,0
DA:188,0
DA:191,0
DA:192,0
DA:198,0
DA:200,0
DA:201,0
DA:208,0
DA:211,0
DA:212,0
DA:213,0
DA:215,0
DA:218,0
DA:219,0
DA:228,0
DA:229,0
DA:230,0
DA:231,0
DA:233,0
DA:242,0
DA:244,0
DA:246,0
DA:248,0
DA:259,0
DA:266,0
DA:267,0
DA:276,0
DA:277,0
DA:278,0
DA:280,0
DA:281,0
DA:287,0
DA:288,0
DA:294,0
DA:296,0
DA:297,0
DA:300,0
DA:302,0
DA:307,0
DA:310,0
DA:316,0
DA:319,0
DA:324,0
DA:327,0
DA:330,0
DA:337,0
DA:345,0
DA:346,0
DA:348,0
DA:362,0
DA:363,0
DA:372,0
DA:373,0
DA:375,0
DA:391,0
DA:392,0
DA:402,0
DA:403,0
DA:404,0
DA:405,0
DA:407,0
DA:408,0
DA:411,0
DA:415,0
DA:418,0
DA:419,0
DA:422,0
DA:423,0
DA:426,0
DA:428,0
DA:432,0
DA:435,0
DA:436,0
DA:439,0
DA:444,0
DA:445,0
DA:446,0
DA:448,0
LF:131
LH:0
BRDA:10,0,0,0
BRDA:10,0,1,0
BRDA:11,1,0,0
BRDA:11,1,1,0
BRDA:18,2,0,0
BRDA:18,3,0,0
BRDA:18,3,1,0
BRDA:39,4,0,0
BRDA:39,4,1,0
BRDA:41,5,0,0
BRDA:41,5,1,0
BRDA:62,6,0,0
BRDA:62,6,1,0
BRDA:85,7,0,0
BRDA:98,8,0,0
BRDA:115,9,0,0
BRDA:118,10,0,0
BRDA:178,11,0,0
BRDA:187,12,0,0
BRDA:191,13,0,0
BRDA:200,14,0,0
BRDA:244,15,0,0
BRDA:244,15,1,0
BRDA:280,16,0,0
BRDA:280,17,0,0
BRDA:280,17,1,0
BRDA:287,18,0,0
BRDA:300,19,0,0
BRDA:300,19,1,0
BRDA:300,19,2,0
BRDA:300,19,3,0
BRDA:305,20,0,0
BRDA:305,20,1,0
BRDA:305,21,0,0
BRDA:305,21,1,0
BRDA:305,22,0,0
BRDA:305,22,1,0
BRDA:313,23,0,0
BRDA:313,23,1,0
BRDA:313,24,0,0
BRDA:313,24,1,0
BRDA:313,25,0,0
BRDA:313,25,1,0
BRDA:314,26,0,0
BRDA:314,26,1,0
BRDA:314,27,0,0
BRDA:314,27,1,0
BRDA:322,28,0,0
BRDA:322,28,1,0
BRDA:322,29,0,0
BRDA:322,29,1,0
BRDA:322,30,0,0
BRDA:322,30,1,0
BRDA:381,31,0,0
BRDA:381,31,1,0
BRDA:383,32,0,0
BRDA:383,32,1,0
BRDA:407,33,0,0
BRDA:407,34,0,0
BRDA:407,34,1,0
BRDA:407,34,2,0
BRDA:419,35,0,0
BRDA:419,36,0,0
BRDA:419,36,1,0
BRDA:423,37,0,0
BRDA:426,38,0,0
BRDA:426,39,0,0
BRDA:426,39,1,0
BRDA:432,40,0,0
BRDA:435,41,0,0
BRDA:435,42,0,0
BRDA:435,42,1,0
BRDA:448,43,0,0
BRDA:448,43,1,0
BRDA:448,43,2,0
BRF:75
BRH:0
end_of_record
TN:
SF:server/controllers/kycController.ts
FN:9,(anonymous_7)
FN:108,(anonymous_9)
FN:143,(anonymous_10)
FN:191,(anonymous_12)
FN:244,(anonymous_14)
FN:281,(anonymous_16)
FNF:6
FNH:0
FNDA:0,(anonymous_7)
FNDA:0,(anonymous_9)
FNDA:0,(anonymous_10)
FNDA:0,(anonymous_12)
FNDA:0,(anonymous_14)
FNDA:0,(anonymous_16)
DA:10,0
DA:11,0
DA:12,0
DA:13,0
DA:16,0
DA:17,0
DA:19,0
DA:20,0
DA:23,0
DA:29,0
DA:30,0
DA:33,0
DA:34,0
DA:35,0
DA:37,0
DA:43,0
DA:44,0
DA:45,0
DA:47,0
DA:54,0
DA:55,0
DA:56,0
DA:60,0
DA:61,0
DA:65,0
DA:69,0
DA:70,0
DA:77,0
DA:91,0
DA:93,0
DA:94,0
DA:107,0
DA:108,0
DA:109,0
DA:110,0
DA:111,0
DA:112,0
DA:115,0
DA:119,0
DA:126,0
DA:129,0
DA:130,0
DA:131,0
DA:132,0
DA:135,0
DA:144,0
DA:145,0
DA:146,0
DA:148,0
DA:149,0
DA:160,0
DA:182,0
DA:183,0
DA:192,0
DA:193,0
DA:194,0
DA:197,0
DA:198,0
DA:199,0
DA:205,0
DA:206,0
DA:207,0
DA:210,0
DA:211,0
DA:218,0
DA:220,0
DA:221,0
DA:228,0
DA:229,0
DA:230,0
DA:232,0
DA:235,0
DA:236,0
DA:245,0
DA:246,0
DA:249,0
DA:250,0
DA:251,0
DA:257,0
DA:259,0
DA:260,0
DA:265,0
DA:272,0
DA:273,0
DA:282,0
DA:283,0
DA:286,0
DA:287,0
DA:288,0
DA:294,0
DA:295,0
DA:302,0
DA:305,0
DA:308,0
DA:309,0
LF:95
LH:0
BRDA:16,0,0,0
BRDA:16,1,0,0
BRDA:16,1,1,0
BRDA:16,1,2,0
BRDA:17,2,0,0
BRDA:19,3,0,0
BRDA:19,3,1,0
BRDA:19,4,0,0
BRDA:19,4,1,0
BRDA:33,5,0,0
BRDA:33,6,0,0
BRDA:33,6,1,0
BRDA:43,7,0,0
BRDA:61,8,0,0
BRDA:61,8,1,0
BRDA:65,9,0,0
BRDA:65,9,1,0
BRDA:69,10,0,0
BRDA:86,11,0,0
BRDA:86,11,1,0
BRDA:93,12,0,0
BRDA:93,12,1,0
BRDA:111,13,0,0
BRDA:130,14,0,0
BRDA:131,15,0,0
BRDA:131,15,1,0
BRDA:131,16,0,0
BRDA:131,16,1,0
BRDA:148,17,0,0
BRDA:167,18,0,0
BRDA:167,18,1,0
BRDA:198,19,0,0
BRDA:206,20,0,0
BRDA:210,21,0,0
BRDA:220,22,0,0
BRDA:250,23,0,0
BRDA:250,24,0,0
BRDA:250,24,1,0
BRDA:259,25,0,0
BRDA:259,25,1,0
BRDA:287,26,0,0
BRDA:294,27,0,0
BRF:42
BRH:0
end_of_record
TN:
SF:server/controllers/transferController.ts
FN:19,(anonymous_7)
FN:69,(anonymous_9)
FN:112,(anonymous_11)
FN:149,(anonymous_13)
FN:191,(anonymous_15)
FN:239,(anonymous_17)
FNF:6
FNH:0
FNDA:0,(anonymous_7)
FNDA:0,(anonymous_9)
FNDA:0,(anonymous_11)
FNDA:0,(anonymous_13)
FNDA:0,(anonymous_15)
FNDA:0,(anonymous_17)
DA:20,0
DA:21,0
DA:23,0
DA:26,0
DA:27,0
DA:32,0
DA:33,0
DA:39,0
DA:46,0
DA:48,0
DA:56,0
DA:57,0
DA:59,0
DA:70,0
DA:71,0
DA:73,0
DA:75,0
DA:80,0
DA:82,0
DA:90,0
DA:93,0
DA:113,0
DA:114,0
DA:116,0
DA:118,0
DA:123,0
DA:125,0
DA:136,0
DA:137,0
DA:139,0
DA:150,0
DA:151,0
DA:152,0
DA:154,0
DA:156,0
DA:157,0
DA:162,0
DA:168,0
DA:170,0
DA:178,0
DA:179,0
DA:181,0
DA:192,0
DA:193,0
DA:194,0
DA:196,0
DA:198,0
DA:199,0
DA:204,0
DA:205,0
DA:210,0
DA:216,0
DA:218,0
DA:226,0
DA:227,0
DA:229,0
DA:240,0
DA:241,0
DA:243,0
DA:245,0
DA:247,0
DA:255,0
DA:256,0
DA:258,0
DA:266,0
DA:267,0
LF:66
LH:0
BRDA:26,0,0,0
BRDA:32,1,0,0
BRDA:46,2,0,0
BRDA:46,2,1,0
BRDA:46,3,0,0
BRDA:46,3,1,0
BRDA:57,4,0,0
BRDA:57,4,1,0
BRDA:137,5,0,0
BRDA:137,5,1,0
BRDA:156,6,0,0
BRDA:179,7,0,0
BRDA:179,7,1,0
BRDA:198,8,0,0
BRDA:204,9,0,0
BRDA:227,10,0,0
BRDA:227,10,1,0
BRDA:256,11,0,0
BRDA:256,11,1,0
BRF:19
BRH:0
end_of_record
TN:
SF:server/middleware/auth.ts
FN:26,authenticateToken
FN:94,requireAdmin
FN:119,transferRateLimit
FNF:3
FNH:0
FNDA:0,authenticateToken
FNDA:0,requireAdmin
FNDA:0,transferRateLimit
DA:27,0
DA:28,0
DA:29,0
DA:31,0
DA:32,0
DA:39,0
DA:40,0
DA:41,0
DA:42,0
DA:49,0
DA:52,0
DA:63,0
DA:64,0
DA:72,0
DA:79,0
DA:81,0
DA:82,0
DA:95,0
DA:97,0
DA:98,0
DA:105,0
DA:106,0
DA:113,0
DA:122,0
DA:123,0
DA:124,0
LF:26
LH:0
BRDA:29,0,0,0
BRDA:29,0,1,0
BRDA:31,1,0,0
BRDA:40,2,0,0
BRDA:63,3,0,0
BRDA:63,4,0,0
BRDA:63,4,1,0
BRDA:97,5,0,0
BRDA:105,6,0,0
BRDA:123,7,0,0
BRDA:123,7,1,0
BRDA:123,8,0,0
BRDA:123,8,1,0
BRDA:123,9,0,0
BRDA:123,9,1,0
BRF:15
BRH:0
end_of_record
TN:
SF:server/middleware/transferValidation.ts
FN:16,(anonymous_7)
FN:18,(anonymous_8)
FN:32,(anonymous_9)
FN:34,(anonymous_10)
FN:68,(anonymous_11)
FN:68,(anonymous_12)
FN:118,(anonymous_13)
FN:188,(anonymous_14)
FN:210,(anonymous_15)
FN:223,(anonymous_16)
FN:223,(anonymous_17)
FN:299,(anonymous_18)
FN:312,(anonymous_19)
FN:312,(anonymous_20)
FN:463,getValidBanks
FNF:15
FNH:0
FNDA:0,(anonymous_7)
FNDA:0,(anonymous_8)
FNDA:0,(anonymous_9)
FNDA:0,(anonymous_10)
FNDA:0,(anonymous_11)
FNDA:0,(anonymous_12)
FNDA:0,(anonymous_13)
FNDA:0,(anonymous_14)
FNDA:0,(anonymous_15)
FNDA:0,(anonymous_16)
FNDA:0,(anonymous_17)
FNDA:0,(anonymous_18)
FNDA:0,(anonymous_19)
FNDA:0,(anonymous_20)
FNDA:0,getValidBanks
DA:7,0
DA:16,0
DA:19,0
DA:20,0
DA:24,0
DA:26,0
DA:30,0
DA:32,0
DA:35,0
DA:36,0
DA:40,0
DA:42,0
DA:47,0
DA:57,0
DA:68,0
DA:69,0
DA:71,0
DA:74,0
DA:85,0
DA:86,0
DA:92,0
DA:93,0
DA:100,0
DA:101,0
DA:103,0
DA:114,0
DA:115,0
DA:118,0
DA:119,0
DA:120,0
DA:121,0
DA:122,0
DA:123,0
DA:124,0
DA:127,0
DA:131,0
DA:133,0
DA:134,0
DA:142,0
DA:143,0
DA:152,0
DA:153,0
DA:162,0
DA:163,0
DA:165,0
DA:166,0
DA:175,0
DA:176,0
DA:186,0
DA:187,0
DA:188,0
DA:189,0
DA:193,0
DA:194,0
DA:203,0
DA:204,0
DA:207,0
DA:208,0
DA:210,0
DA:217,0
DA:218,0
DA:223,0
DA:224,0
DA:226,0
DA:227,0
DA:234,0
DA:237,0
DA:246,0
DA:247,0
DA:253,0
DA:254,0
DA:262,0
DA:263,0
DA:264,0
DA:274,0
DA:285,0
DA:286,0
DA:293,0
DA:296,0
DA:297,0
DA:299,0
DA:306,0
DA:307,0
DA:312,0
DA:313,0
DA:314,0
DA:315,0
DA:317,0
DA:318,0
DA:321,0
DA:322,0
DA:323,0
DA:324,0
DA:325,0
DA:326,0
DA:327,0
DA:328,0
DA:329,0
DA:333,0
DA:335,0
DA:343,0
DA:344,0
DA:345,0
DA:349,0
DA:350,0
DA:360,0
DA:361,0
DA:362,0
DA:367,0
DA:377,0
DA:378,0
DA:381,0
DA:382,0
DA:383,0
DA:386,0
DA:387,0
DA:388,0
DA:392,0
DA:393,0
DA:394,0
DA:395,0
DA:402,0
DA:403,0
DA:404,0
DA:405,0
DA:406,0
DA:407,0
DA:408,0
DA:412,0
DA:413,0
DA:431,0
DA:440,0
DA:447,0
DA:450,0
DA:452,0
DA:458,0
DA:465,0
LF:137
LH:0
BRDA:19,0,0,0
BRDA:19,1,0,0
BRDA:19,1,1,0
BRDA:35,2,0,0
BRDA:35,3,0,0
BRDA:35,3,1,0
BRDA:85,4,0,0
BRDA:85,5,0,0
BRDA:85,5,1,0
BRDA:92,6,0,0
BRDA:92,7,0,0
BRDA:92,7,1,0
BRDA:114,8,0,0
BRDA:114,8,1,0
BRDA:115,9,0,0
BRDA:115,9,1,0
BRDA:119,10,0,0
BRDA:119,10,1,0
BRDA:120,11,0,0
BRDA:120,11,1,0
BRDA:120,11,2,0
BRDA:120,11,3,0
BRDA:133,12,0,0
BRDA:142,13,0,0
BRDA:152,14,0,0
BRDA:152,14,1,0
BRDA:162,15,0,0
BRDA:162,15,1,0
BRDA:165,16,0,0
BRDA:175,17,0,0
BRDA:186,18,0,0
BRDA:186,19,0,0
BRDA:186,19,1,0
BRDA:189,20,0,0
BRDA:189,20,1,0
BRDA:193,21,0,0
BRDA:207,22,0,0
BRDA:226,23,0,0
BRDA:226,24,0,0
BRDA:226,24,1,0
BRDA:246,25,0,0
BRDA:253,26,0,0
BRDA:253,27,0,0
BRDA:253,27,1,0
BRDA:253,28,0,0
BRDA:253,28,1,0
BRDA:257,29,0,0
BRDA:257,29,1,0
BRDA:257,30,0,0
BRDA:257,30,1,0
BRDA:262,31,0,0
BRDA:263,32,0,0
BRDA:296,33,0,0
BRDA:321,34,0,0
BRDA:321,34,1,0
BRDA:324,35,0,0
BRDA:324,35,1,0
BRDA:327,36,0,0
BRDA:343,37,0,0
BRDA:349,38,0,0
BRDA:349,39,0,0
BRDA:349,39,1,0
BRDA:360,40,0,0
BRDA:377,41,0,0
BRDA:377,41,1,0
BRDA:378,42,0,0
BRDA:378,42,1,0
BRDA:381,43,0,0
BRDA:386,44,0,0
BRDA:393,45,0,0
BRDA:393,46,0,0
BRDA:393,46,1,0
BRDA:403,47,0,0
BRDA:403,47,1,0
BRDA:405,48,0,0
BRDA:405,48,1,0
BRDA:407,49,0,0
BRDA:412,50,0,0
BRDA:444,51,0,0
BRDA:444,51,1,0
BRF:80
BRH:0
end_of_record
TN:
SF:server/middleware/uploadMiddleware.ts
FN:24,(anonymous_0)
FN:25,(anonymous_1)
FN:36,(anonymous_2)
FN:66,(anonymous_3)
FN:77,(anonymous_4)
FN:81,(anonymous_5)
FN:111,(anonymous_6)
FN:173,(anonymous_7)
FN:192,(anonymous_8)
FN:193,(anonymous_9)
FN:200,(anonymous_10)
FN:213,(anonymous_11)
FN:214,(anonymous_12)
FN:226,(anonymous_13)
FNF:14
FNH:0
FNDA:0,(anonymous_0)
FNDA:0,(anonymous_1)
FNDA:0,(anonymous_2)
FNDA:0,(anonymous_3)
FNDA:0,(anonymous_4)
FNDA:0,(anonymous_5)
FNDA:0,(anonymous_6)
FNDA:0,(anonymous_7)
FNDA:0,(anonymous_8)
FNDA:0,(anonymous_9)
FNDA:0,(anonymous_10)
FNDA:0,(anonymous_11)
FNDA:0,(anonymous_12)
FNDA:0,(anonymous_13)
DA:9,0
DA:24,0
DA:25,0
DA:26,0
DA:27,0
DA:33,0
DA:36,0
DA:37,0
DA:39,0
DA:40,0
DA:44,0
DA:45,0
DA:46,0
DA:50,0
DA:51,0
DA:55,0
DA:56,0
DA:59,0
DA:61,0
DA:66,0
DA:67,0
DA:68,0
DA:69,0
DA:70,0
DA:72,0
DA:76,0
DA:79,0
DA:82,0
DA:83,0
DA:84,0
DA:86,0
DA:92,0
DA:105,0
DA:111,0
DA:112,0
DA:113,0
DA:115,0
DA:116,0
DA:122,0
DA:123,0
DA:126,0
DA:127,0
DA:133,0
DA:134,0
DA:141,0
DA:143,0
DA:144,0
DA:151,0
DA:152,0
DA:154,0
DA:155,0
DA:162,0
DA:164,0
DA:165,0
DA:173,0
DA:174,0
DA:189,0
DA:190,0
DA:192,0
DA:193,0
DA:194,0
DA:200,0
DA:201,0
DA:203,0
DA:204,0
DA:205,0
DA:206,0
DA:209,0
DA:213,0
DA:214,0
DA:215,0
DA:216,0
DA:217,0
DA:220,0
DA:226,0
DA:227,0
DA:228,0
DA:230,0
DA:231,0
DA:235,0
DA:236,0
DA:239,0
DA:241,0
DA:242,0
DA:243,0
DA:244,0
DA:247,0
DA:248,0
DA:250,0
DA:252,0
DA:253,0
LF:91
LH:0
BRDA:26,0,0,0
BRDA:39,1,0,0
BRDA:45,2,0,0
BRDA:50,3,0,0
BRDA:50,4,0,0
BRDA:50,4,1,0
BRDA:50,4,2,0
BRDA:55,5,0,0
BRDA:115,6,0,0
BRDA:122,7,0,0
BRDA:122,8,0,0
BRDA:126,9,0,0
BRDA:133,10,0,0
BRDA:143,11,0,0
BRDA:152,12,0,0
BRDA:190,13,0,0
BRDA:194,14,0,0
BRDA:194,14,1,0
BRDA:216,15,0,0
BRDA:230,16,0,0
BRF:20
BRH:0
end_of_record
TN:
SF:server/middleware/validation.ts
FN:16,(anonymous_7)
FN:31,(anonymous_8)
FN:43,(anonymous_9)
FN:66,(anonymous_10)
FN:110,(anonymous_11)
FN:112,(anonymous_12)
FN:148,(anonymous_13)
FN:173,(anonymous_14)
FN:180,(anonymous_15)
FN:192,(anonymous_16)
FN:220,(anonymous_17)
FN:258,(anonymous_18)
FN:258,(anonymous_19)
FNF:13
FNH:0
FNDA:0,(anonymous_7)
FNDA:0,(anonymous_8)
FNDA:0,(anonymous_9)
FNDA:0,(anonymous_10)
FNDA:0,(anonymous_11)
FNDA:0,(anonymous_12)
FNDA:0,(anonymous_13)
FNDA:0,(anonymous_14)
FNDA:0,(anonymous_15)
FNDA:0,(anonymous_16)
FNDA:0,(anonymous_17)
FNDA:0,(anonymous_18)
FNDA:0,(anonymous_19)
DA:7,0
DA:18,0
DA:23,0
DA:33,0
DA:34,0
DA:36,0
DA:44,0
DA:45,0
DA:46,0
DA:48,0
DA:49,0
DA:51,0
DA:52,0
DA:55,0
DA:68,0
DA:92,0
DA:93,0
DA:95,0
DA:111,0
DA:112,0
DA:114,0
DA:115,0
DA:119,0
DA:120,0
DA:123,0
DA:134,0
DA:149,0
DA:150,0
DA:152,0
DA:173,0
DA:174,0
DA:176,0
DA:177,0
DA:180,0
DA:188,0
DA:192,0
DA:193,0
DA:194,0
DA:195,0
DA:198,0
DA:199,0
DA:202,0
DA:203,0
DA:206,0
DA:207,0
DA:210,0
DA:212,0
DA:220,0
DA:221,0
DA:229,0
DA:234,0
DA:235,0
DA:236,0
DA:238,0
DA:246,0
DA:254,0
DA:258,0
DA:259,0
DA:261,0
DA:262,0
DA:265,0
DA:266,0
DA:270,0
DA:271,0
DA:278,0
DA:285,0
DA:287,0
DA:288,0
LF:68
LH:0
BRDA:18,0,0,0
BRDA:18,0,1,0
BRDA:18,1,0,0
BRDA:18,1,1,0
BRDA:33,2,0,0
BRDA:33,3,0,0
BRDA:33,3,1,0
BRDA:33,3,2,0
BRDA:48,4,0,0
BRDA:51,5,0,0
BRDA:92,6,0,0
BRDA:114,7,0,0
BRDA:119,8,0,0
BRDA:149,9,0,0
BRDA:149,10,0,0
BRDA:149,10,1,0
BRDA:176,11,0,0
BRDA:181,12,0,0
BRDA:181,12,1,0
BRDA:183,13,0,0
BRDA:183,13,1,0
BRDA:194,14,0,0
BRDA:198,15,0,0
BRDA:202,16,0,0
BRDA:206,17,0,0
BRDA:236,18,0,0
BRDA:239,19,0,0
BRDA:239,19,1,0
BRDA:239,20,0,0
BRDA:239,20,1,0
BRDA:261,21,0,0
BRDA:261,22,0,0
BRDA:261,22,1,0
BRDA:261,23,0,0
BRDA:261,23,1,0
BRDA:261,24,0,0
BRDA:261,24,1,0
BRDA:265,25,0,0
BRDA:265,25,1,0
BRDA:270,26,0,0
BRDA:270,27,0,0
BRDA:270,27,1,0
BRDA:279,28,0,0
BRDA:279,28,1,0
BRDA:279,29,0,0
BRDA:279,29,1,0
BRF:46
BRH:0
end_of_record
TN:
SF:server/routes/admin-transfers.ts
FNF:0
FNH:0
DA:5,0
DA:8,0
DA:9,0
DA:22,0
DA:40,0
DA:57,0
DA:69,0
LF:7
LH:0
BRF:0
BRH:0
end_of_record
TN:
SF:server/routes/admin.ts
FN:16,(anonymous_7)
FN:16,(anonymous_8)
FN:27,(anonymous_9)
FN:27,(anonymous_10)
FN:41,(anonymous_11)
FN:41,(anonymous_12)
FN:57,(anonymous_13)
FN:57,(anonymous_14)
FN:78,(anonymous_15)
FN:78,(anonymous_16)
FN:103,(anonymous_17)
FN:103,(anonymous_18)
FN:123,(anonymous_19)
FN:123,(anonymous_20)
FN:139,(anonymous_21)
FN:139,(anonymous_22)
FN:153,(anonymous_23)
FN:153,(anonymous_24)
FN:189,(anonymous_25)
FN:189,(anonymous_26)
FN:232,(anonymous_27)
FN:232,(anonymous_28)
FN:322,(anonymous_29)
FN:322,(anonymous_30)
FN:401,(anonymous_31)
FN:401,(anonymous_32)
FN:457,(anonymous_33)
FN:457,(anonymous_34)
FN:473,(anonymous_35)
FN:473,(anonymous_36)
FN:484,(anonymous_37)
FN:484,(anonymous_38)
FN:501,(anonymous_39)
FN:501,(anonymous_40)
FN:534,(anonymous_41)
FN:534,(anonymous_42)
FN:555,(anonymous_43)
FN:555,(anonymous_44)
FN:577,(anonymous_45)
FN:577,(anonymous_46)
FNF:40
FNH:0
FNDA:0,(anonymous_7)
FNDA:0,(anonymous_8)
FNDA:0,(anonymous_9)
FNDA:0,(anonymous_10)
FNDA:0,(anonymous_11)
FNDA:0,(anonymous_12)
FNDA:0,(anonymous_13)
FNDA:0,(anonymous_14)
FNDA:0,(anonymous_15)
FNDA:0,(anonymous_16)
FNDA:0,(anonymous_17)
FNDA:0,(anonymous_18)
FNDA:0,(anonymous_19)
FNDA:0,(anonymous_20)
FNDA:0,(anonymous_21)
FNDA:0,(anonymous_22)
FNDA:0,(anonymous_23)
FNDA:0,(anonymous_24)
FNDA:0,(anonymous_25)
FNDA:0,(anonymous_26)
FNDA:0,(anonymous_27)
FNDA:0,(anonymous_28)
FNDA:0,(anonymous_29)
FNDA:0,(anonymous_30)
FNDA:0,(anonymous_31)
FNDA:0,(anonymous_32)
FNDA:0,(anonymous_33)
FNDA:0,(anonymous_34)
FNDA:0,(anonymous_35)
FNDA:0,(anonymous_36)
FNDA:0,(anonymous_37)
FNDA:0,(anonymous_38)
FNDA:0,(anonymous_39)
FNDA:0,(anonymous_40)
FNDA:0,(anonymous_41)
FNDA:0,(anonymous_42)
FNDA:0,(anonymous_43)
FNDA:0,(anonymous_44)
FNDA:0,(anonymous_45)
FNDA:0,(anonymous_46)
DA:10,0
DA:13,0
DA:16,0
DA:17,0
DA:18,0
DA:19,0
DA:21,0
DA:22,0
DA:27,0
DA:28,0
DA:29,0
DA:30,0
DA:32,0
DA:33,0
DA:35,0
DA:36,0
DA:41,0
DA:42,0
DA:43,0
DA:44,0
DA:46,0
DA:48,0
DA:49,0
DA:52,0
DA:57,0
DA:58,0
DA:59,0
DA:60,0
DA:62,0
DA:67,0
DA:69,0
DA:70,0
DA:73,0
DA:78,0
DA:79,0
DA:80,0
DA:85,0
DA:87,0
DA:92,0
DA:94,0
DA:95,0
DA:98,0
DA:103,0
DA:104,0
DA:105,0
DA:107,0
DA:112,0
DA:114,0
DA:115,0
DA:118,0
DA:123,0
DA:124,0
DA:125,0
DA:126,0
DA:128,0
DA:130,0
DA:131,0
DA:134,0
DA:139,0
DA:140,0
DA:141,0
DA:142,0
DA:144,0
DA:145,0
DA:147,0
DA:148,0
DA:153,0
DA:154,0
DA:155,0
DA:157,0
DA:178,0
DA:180,0
DA:181,0
DA:186,0
DA:189,0
DA:190,0
DA:191,0
DA:192,0
DA:193,0
DA:196,0
DA:197,0
DA:201,0
DA:210,0
DA:211,0
DA:214,0
DA:215,0
DA:218,0
DA:219,0
DA:220,0
DA:221,0
DA:223,0
DA:225,0
DA:226,0
DA:232,0
DA:234,0
DA:251,0
DA:259,0
DA:270,0
DA:287,0
DA:291,0
DA:292,0
DA:293,0
DA:299,0
DA:301,0
DA:312,0
DA:313,0
DA:318,0
DA:320,0
DA:322,0
DA:324,0
DA:340,0
DA:351,0
DA:369,0
DA:373,0
DA:374,0
DA:375,0
DA:381,0
DA:383,0
DA:386,0
DA:387,0
DA:392,0
DA:395,0
DA:396,0
DA:401,0
DA:402,0
DA:403,0
DA:405,0
DA:442,0
DA:449,0
DA:450,0
DA:457,0
DA:458,0
DA:459,0
DA:460,0
DA:461,0
DA:462,0
DA:464,0
DA:465,0
DA:467,0
DA:468,0
DA:473,0
DA:474,0
DA:475,0
DA:476,0
DA:478,0
DA:479,0
DA:484,0
DA:485,0
DA:486,0
DA:487,0
DA:488,0
DA:490,0
DA:492,0
DA:493,0
DA:496,0
DA:501,0
DA:502,0
DA:503,0
DA:504,0
DA:506,0
DA:507,0
DA:510,0
DA:521,0
DA:523,0
DA:525,0
DA:526,0
DA:529,0
DA:534,0
DA:535,0
DA:536,0
DA:537,0
DA:539,0
DA:547,0
DA:549,0
DA:550,0
DA:555,0
DA:556,0
DA:557,0
DA:558,0
DA:559,0
DA:568,0
DA:569,0
DA:571,0
DA:572,0
DA:577,0
DA:578,0
DA:579,0
DA:580,0
DA:582,0
DA:591,0
DA:593,0
DA:594,0
DA:599,0
LF:193
LH:0
BRDA:29,0,0,0
BRDA:29,0,1,0
BRDA:30,1,0,0
BRDA:30,1,1,0
BRDA:48,2,0,0
BRDA:48,3,0,0
BRDA:48,3,1,0
BRDA:69,4,0,0
BRDA:69,5,0,0
BRDA:69,5,1,0
BRDA:94,6,0,0
BRDA:94,7,0,0
BRDA:94,7,1,0
BRDA:108,8,0,0
BRDA:108,8,1,0
BRDA:114,9,0,0
BRDA:130,10,0,0
BRDA:141,11,0,0
BRDA:141,11,1,0
BRDA:142,12,0,0
BRDA:142,12,1,0
BRDA:196,13,0,0
BRDA:210,14,0,0
BRDA:214,15,0,0
BRDA:214,16,0,0
BRDA:214,16,1,0
BRDA:214,17,0,0
BRDA:214,17,1,0
BRDA:223,18,0,0
BRDA:223,18,1,0
BRDA:225,19,0,0
BRDA:244,20,0,0
BRDA:244,20,1,0
BRDA:265,21,0,0
BRDA:265,21,1,0
BRDA:265,22,0,0
BRDA:265,22,1,0
BRDA:281,23,0,0
BRDA:281,23,1,0
BRDA:281,24,0,0
BRDA:281,24,1,0
BRDA:297,25,0,0
BRDA:297,25,1,0
BRDA:320,26,0,0
BRDA:333,27,0,0
BRDA:333,27,1,0
BRDA:346,28,0,0
BRDA:346,28,1,0
BRDA:346,29,0,0
BRDA:346,29,1,0
BRDA:346,30,0,0
BRDA:346,30,1,0
BRDA:362,31,0,0
BRDA:362,31,1,0
BRDA:362,32,0,0
BRDA:362,32,1,0
BRDA:379,33,0,0
BRDA:379,33,1,0
BRDA:444,34,0,0
BRDA:444,34,1,0
BRDA:459,35,0,0
BRDA:459,35,1,0
BRDA:460,36,0,0
BRDA:460,36,1,0
BRDA:492,37,0,0
BRDA:492,38,0,0
BRDA:492,38,1,0
BRDA:506,39,0,0
BRDA:516,40,0,0
BRDA:516,40,1,0
BRDA:525,41,0,0
BRDA:525,42,0,0
BRDA:525,42,1,0
BRDA:542,43,0,0
BRDA:542,43,1,0
BRDA:557,44,0,0
BRDA:557,44,1,0
BRDA:558,45,0,0
BRDA:558,45,1,0
BRF:79
BRH:0
end_of_record
TN:
SF:server/routes/auth.ts
FN:9,(anonymous_8)
FN:9,(anonymous_9)
FN:31,(anonymous_10)
FN:31,(anonymous_11)
FN:55,(anonymous_12)
FN:55,(anonymous_13)
FN:71,(anonymous_14)
FN:71,(anonymous_15)
FNF:8
FNH:0
FNDA:0,(anonymous_8)
FNDA:0,(anonymous_9)
FNDA:0,(anonymous_10)
FNDA:0,(anonymous_11)
FNDA:0,(anonymous_12)
FNDA:0,(anonymous_13)
FNDA:0,(anonymous_14)
FNDA:0,(anonymous_15)
DA:6,0
DA:9,0
DA:10,0
DA:11,0
DA:12,0
DA:14,0
DA:20,0
DA:22,0
DA:23,0
DA:26,0
DA:31,0
DA:32,0
DA:33,0
DA:34,0
DA:36,0
DA:38,0
DA:44,0
DA:46,0
DA:47,0
DA:50,0
DA:55,0
DA:56,0
DA:57,0
DA:59,0
DA:60,0
DA:63,0
DA:65,0
DA:66,0
DA:71,0
DA:74,0
LF:30
LH:0
BRDA:22,0,0,0
BRDA:46,1,0,0
BRDA:59,2,0,0
BRF:3
BRH:0
end_of_record
TN:
SF:server/routes/documents.ts
FN:12,(anonymous_7)
FN:19,(anonymous_8)
FN:30,(anonymous_9)
FN:41,(anonymous_10)
FN:41,(anonymous_11)
FN:53,(anonymous_12)
FN:54,(anonymous_13)
FN:55,(anonymous_14)
FN:67,(anonymous_15)
FN:67,(anonymous_16)
FN:126,(anonymous_17)
FN:126,(anonymous_18)
FN:150,(anonymous_19)
FN:150,(anonymous_20)
FN:201,(anonymous_21)
FN:201,(anonymous_22)
FNF:16
FNH:0
FNDA:0,(anonymous_7)
FNDA:0,(anonymous_8)
FNDA:0,(anonymous_9)
FNDA:0,(anonymous_10)
FNDA:0,(anonymous_11)
FNDA:0,(anonymous_12)
FNDA:0,(anonymous_13)
FNDA:0,(anonymous_14)
FNDA:0,(anonymous_15)
FNDA:0,(anonymous_16)
FNDA:0,(anonymous_17)
FNDA:0,(anonymous_18)
FNDA:0,(anonymous_19)
FNDA:0,(anonymous_20)
FNDA:0,(anonymous_21)
FNDA:0,(anonymous_22)
DA:8,0
DA:11,0
DA:13,0
DA:14,0
DA:15,0
DA:17,0
DA:20,0
DA:21,0
DA:25,0
DA:31,0
DA:32,0
DA:33,0
DA:35,0
DA:41,0
DA:42,0
DA:43,0
DA:45,0
DA:51,0
DA:53,0
DA:54,0
DA:55,0
DA:59,0
DA:61,0
DA:62,0
DA:67,0
DA:68,0
DA:69,0
DA:70,0
DA:71,0
DA:73,0
DA:74,0
DA:77,0
DA:78,0
DA:82,0
DA:83,0
DA:84,0
DA:88,0
DA:102,0
DA:118,0
DA:120,0
DA:121,0
DA:126,0
DA:127,0
DA:128,0
DA:129,0
DA:131,0
DA:138,0
DA:139,0
DA:142,0
DA:144,0
DA:145,0
DA:150,0
DA:151,0
DA:152,0
DA:153,0
DA:155,0
DA:162,0
DA:163,0
DA:167,0
DA:168,0
DA:169,0
DA:173,0
DA:178,0
DA:193,0
DA:195,0
DA:196,0
DA:201,0
DA:202,0
DA:203,0
DA:204,0
DA:205,0
DA:208,0
DA:212,0
DA:213,0
DA:216,0
DA:226,0
DA:241,0
DA:243,0
DA:244,0
LF:79
LH:0
BRDA:14,0,0,0
BRDA:32,1,0,0
BRDA:32,1,1,0
BRDA:73,2,0,0
BRDA:77,3,0,0
BRDA:83,4,0,0
BRDA:138,5,0,0
BRDA:162,6,0,0
BRDA:168,7,0,0
BRDA:212,8,0,0
BRDA:212,9,0,0
BRDA:212,9,1,0
BRDA:220,10,0,0
BRDA:220,10,1,0
BRDA:221,11,0,0
BRDA:221,11,1,0
BRDA:229,12,0,0
BRDA:229,12,1,0
BRDA:230,13,0,0
BRDA:230,13,1,0
BRF:20
BRH:0
end_of_record
TN:
SF:server/routes/index.ts
FN:14,registerRoutes
FN:23,(anonymous_9)
FNF:2
FNH:0
FNDA:0,registerRoutes
FNDA:0,(anonymous_9)
DA:16,0
DA:18,0
DA:19,0
DA:23,0
DA:24,0
DA:32,0
DA:33,0
DA:34,0
DA:35,0
DA:36,0
DA:37,0
DA:38,0
DA:39,0
DA:40,0
DA:43,0
DA:44,0
LF:16
LH:0
BRDA:18,0,0,0
BRDA:27,1,0,0
BRDA:27,1,1,0
BRF:3
BRH:0
end_of_record
TN:
SF:server/routes/kyc.ts
FN:89,(anonymous_0)
FNF:1
FNH:0
FNDA:0,(anonymous_0)
DA:14,0
DA:17,0
DA:36,0
DA:53,0
DA:70,0
DA:78,0
DA:86,0
DA:89,0
DA:90,0
DA:93,0
DA:94,0
DA:100,0
DA:101,0
DA:107,0
DA:108,0
DA:115,0
DA:116,0
DA:123,0
DA:124,0
DA:131,0
LF:20
LH:0
BRDA:93,0,0,0
BRDA:100,1,0,0
BRDA:107,2,0,0
BRDA:115,3,0,0
BRDA:115,4,0,0
BRDA:115,4,1,0
BRDA:123,5,0,0
BRDA:123,6,0,0
BRDA:123,6,1,0
BRF:9
BRH:0
end_of_record
TN:
SF:server/routes/settings.ts
FN:12,(anonymous_7)
FN:12,(anonymous_8)
FN:50,(anonymous_9)
FN:50,(anonymous_10)
FN:117,(anonymous_11)
FN:117,(anonymous_12)
FN:174,(anonymous_13)
FN:174,(anonymous_14)
FN:254,(anonymous_15)
FN:254,(anonymous_16)
FN:294,(anonymous_17)
FN:294,(anonymous_18)
FN:320,(anonymous_19)
FN:357,(anonymous_20)
FN:357,(anonymous_21)
FN:407,(anonymous_22)
FN:407,(anonymous_23)
FN:430,(anonymous_24)
FN:430,(anonymous_25)
FN:466,(anonymous_26)
FN:466,(anonymous_27)
FN:489,(anonymous_28)
FN:489,(anonymous_29)
FN:525,(anonymous_30)
FN:525,(anonymous_31)
FN:560,(anonymous_32)
FN:560,(anonymous_33)
FN:632,(anonymous_34)
FN:632,(anonymous_35)
FN:672,(anonymous_36)
FN:672,(anonymous_37)
FN:708,(anonymous_38)
FN:708,(anonymous_39)
FN:747,(anonymous_40)
FN:747,(anonymous_41)
FN:775,(anonymous_42)
FN:775,(anonymous_43)
FN:807,(anonymous_44)
FN:807,(anonymous_45)
FN:832,(anonymous_46)
FN:832,(anonymous_47)
FN:857,(anonymous_48)
FN:857,(anonymous_49)
FN:887,(anonymous_50)
FN:887,(anonymous_51)
FN:920,(anonymous_52)
FN:920,(anonymous_53)
FN:970,(anonymous_54)
FN:970,(anonymous_55)
FN:997,(anonymous_56)
FN:997,(anonymous_57)
FN:1029,(anonymous_58)
FN:1029,(anonymous_59)
FN:1070,(anonymous_60)
FN:1070,(anonymous_61)
FN:1100,(anonymous_62)
FN:1100,(anonymous_63)
FNF:57
FNH:0
FNDA:0,(anonymous_7)
FNDA:0,(anonymous_8)
FNDA:0,(anonymous_9)
FNDA:0,(anonymous_10)
FNDA:0,(anonymous_11)
FNDA:0,(anonymous_12)
FNDA:0,(anonymous_13)
FNDA:0,(anonymous_14)
FNDA:0,(anonymous_15)
FNDA:0,(anonymous_16)
FNDA:0,(anonymous_17)
FNDA:0,(anonymous_18)
FNDA:0,(anonymous_19)
FNDA:0,(anonymous_20)
FNDA:0,(anonymous_21)
FNDA:0,(anonymous_22)
FNDA:0,(anonymous_23)
FNDA:0,(anonymous_24)
FNDA:0,(anonymous_25)
FNDA:0,(anonymous_26)
FNDA:0,(anonymous_27)
FNDA:0,(anonymous_28)
FNDA:0,(anonymous_29)
FNDA:0,(anonymous_30)
FNDA:0,(anonymous_31)
FNDA:0,(anonymous_32)
FNDA:0,(anonymous_33)
FNDA:0,(anonymous_34)
FNDA:0,(anonymous_35)
FNDA:0,(anonymous_36)
FNDA:0,(anonymous_37)
FNDA:0,(anonymous_38)
FNDA:0,(anonymous_39)
FNDA:0,(anonymous_40)
FNDA:0,(anonymous_41)
FNDA:0,(anonymous_42)
FNDA:0,(anonymous_43)
FNDA:0,(anonymous_44)
FNDA:0,(anonymous_45)
FNDA:0,(anonymous_46)
FNDA:0,(anonymous_47)
FNDA:0,(anonymous_48)
FNDA:0,(anonymous_49)
FNDA:0,(anonymous_50)
FNDA:0,(anonymous_51)
FNDA:0,(anonymous_52)
FNDA:0,(anonymous_53)
FNDA:0,(anonymous_54)
FNDA:0,(anonymous_55)
FNDA:0,(anonymous_56)
FNDA:0,(anonymous_57)
FNDA:0,(anonymous_58)
FNDA:0,(anonymous_59)
FNDA:0,(anonymous_60)
FNDA:0,(anonymous_61)
FNDA:0,(anonymous_62)
FNDA:0,(anonymous_63)
DA:9,0
DA:12,0
DA:13,0
DA:14,0
DA:16,0
DA:38,0
DA:39,0
DA:42,0
DA:44,0
DA:45,0
DA:50,0
DA:51,0
DA:52,0
DA:62,0
DA:65,0
DA:78,0
DA:109,0
DA:111,0
DA:112,0
DA:117,0
DA:118,0
DA:119,0
DA:121,0
DA:126,0
DA:127,0
DA:133,0
DA:147,0
DA:156,0
DA:162,0
DA:168,0
DA:169,0
DA:174,0
DA:175,0
DA:176,0
DA:177,0
DA:180,0
DA:181,0
DA:184,0
DA:185,0
DA:189,0
DA:193,0
DA:194,0
DA:198,0
DA:199,0
DA:201,0
DA:212,0
DA:216,0
DA:219,0
DA:246,0
DA:248,0
DA:249,0
DA:254,0
DA:255,0
DA:256,0
DA:259,0
DA:266,0
DA:269,0
DA:282,0
DA:288,0
DA:289,0
DA:294,0
DA:295,0
DA:296,0
DA:297,0
DA:299,0
DA:303,0
DA:304,0
DA:308,0
DA:315,0
DA:316,0
DA:320,0
DA:321,0
DA:325,0
DA:346,0
DA:351,0
DA:352,0
DA:357,0
DA:358,0
DA:359,0
DA:360,0
DA:363,0
DA:367,0
DA:368,0
DA:371,0
DA:372,0
DA:373,0
DA:377,0
DA:399,0
DA:401,0
DA:402,0
DA:407,0
DA:408,0
DA:409,0
DA:411,0
DA:416,0
DA:417,0
DA:422,0
DA:424,0
DA:425,0
DA:430,0
DA:431,0
DA:432,0
DA:433,0
DA:435,0
DA:445,0
DA:458,0
DA:460,0
DA:461,0
DA:466,0
DA:467,0
DA:468,0
DA:470,0
DA:475,0
DA:476,0
DA:481,0
DA:483,0
DA:484,0
DA:489,0
DA:490,0
DA:491,0
DA:492,0
DA:494,0
DA:504,0
DA:517,0
DA:519,0
DA:520,0
DA:525,0
DA:526,0
DA:527,0
DA:528,0
DA:530,0
DA:541,0
DA:552,0
DA:554,0
DA:555,0
DA:560,0
DA:561,0
DA:562,0
DA:565,0
DA:598,0
DA:599,0
DA:603,0
DA:610,0
DA:621,0
DA:626,0
DA:627,0
DA:632,0
DA:633,0
DA:634,0
DA:636,0
DA:641,0
DA:642,0
DA:648,0
DA:654,0
DA:660,0
DA:666,0
DA:667,0
DA:672,0
DA:673,0
DA:674,0
DA:675,0
DA:677,0
DA:687,0
DA:700,0
DA:702,0
DA:703,0
DA:708,0
DA:709,0
DA:710,0
DA:711,0
DA:713,0
DA:728,0
DA:739,0
DA:741,0
DA:742,0
DA:747,0
DA:748,0
DA:749,0
DA:750,0
DA:753,0
DA:759,0
DA:767,0
DA:769,0
DA:770,0
DA:775,0
DA:776,0
DA:777,0
DA:778,0
DA:780,0
DA:788,0
DA:799,0
DA:801,0
DA:802,0
DA:807,0
DA:808,0
DA:809,0
DA:813,0
DA:824,0
DA:826,0
DA:827,0
DA:832,0
DA:833,0
DA:834,0
DA:838,0
DA:849,0
DA:851,0
DA:852,0
DA:857,0
DA:858,0
DA:859,0
DA:863,0
DA:879,0
DA:881,0
DA:882,0
DA:887,0
DA:888,0
DA:889,0
DA:890,0
DA:893,0
DA:907,0
DA:912,0
DA:914,0
DA:915,0
DA:920,0
DA:921,0
DA:922,0
DA:923,0
DA:926,0
DA:930,0
DA:931,0
DA:934,0
DA:935,0
DA:936,0
DA:940,0
DA:957,0
DA:962,0
DA:964,0
DA:965,0
DA:970,0
DA:971,0
DA:972,0
DA:975,0
DA:989,0
DA:991,0
DA:992,0
DA:997,0
DA:998,0
DA:999,0
DA:1000,0
DA:1003,0
DA:1016,0
DA:1021,0
DA:1023,0
DA:1024,0
DA:1029,0
DA:1030,0
DA:1031,0
DA:1034,0
DA:1062,0
DA:1064,0
DA:1065,0
DA:1070,0
DA:1071,0
DA:1072,0
DA:1075,0
DA:1092,0
DA:1094,0
DA:1095,0
DA:1100,0
DA:1101,0
DA:1102,0
DA:1103,0
DA:1106,0
DA:1119,0
DA:1124,0
DA:1126,0
DA:1127,0
LF:277
LH:0
BRDA:38,0,0,0
BRDA:88,1,0,0
BRDA:88,1,1,0
BRDA:126,2,0,0
BRDA:180,3,0,0
BRDA:180,4,0,0
BRDA:180,4,1,0
BRDA:184,5,0,0
BRDA:193,6,0,0
BRDA:199,7,0,0
BRDA:303,8,0,0
BRDA:303,9,0,0
BRDA:303,9,1,0
BRDA:303,10,0,0
BRDA:303,10,1,0
BRDA:315,11,0,0
BRDA:367,12,0,0
BRDA:372,13,0,0
BRDA:416,14,0,0
BRDA:475,15,0,0
BRDA:598,16,0,0
BRDA:641,17,0,0
BRDA:930,18,0,0
BRDA:935,19,0,0
BRF:24
BRH:0
end_of_record
TN:
SF:server/routes/statements.ts
FN:8,(anonymous_7)
FN:8,(anonymous_8)
FN:24,(anonymous_9)
FN:37,(anonymous_10)
FN:37,(anonymous_11)
FN:75,(anonymous_12)
FN:75,(anonymous_13)
FN:76,(anonymous_14)
FN:76,(anonymous_15)
FN:109,(anonymous_16)
FN:109,(anonymous_17)
FN:147,(anonymous_18)
FN:147,(anonymous_19)
FN:182,generateStatements
FN:194,(anonymous_21)
FN:224,(anonymous_22)
FN:250,(anonymous_23)
FN:270,(anonymous_24)
FN:274,formatPeriod
FNF:19
FNH:0
FNDA:0,(anonymous_7)
FNDA:0,(anonymous_8)
FNDA:0,(anonymous_9)
FNDA:0,(anonymous_10)
FNDA:0,(anonymous_11)
FNDA:0,(anonymous_12)
FNDA:0,(anonymous_13)
FNDA:0,(anonymous_14)
FNDA:0,(anonymous_15)
FNDA:0,(anonymous_16)
FNDA:0,(anonymous_17)
FNDA:0,(anonymous_18)
FNDA:0,(anonymous_19)
FNDA:0,generateStatements
FNDA:0,(anonymous_21)
FNDA:0,(anonymous_22)
FNDA:0,(anonymous_23)
FNDA:0,(anonymous_24)
FNDA:0,formatPeriod
DA:5,0
DA:8,0
DA:9,0
DA:10,0
DA:13,0
DA:19,0
DA:22,0
DA:24,0
DA:29,0
DA:31,0
DA:32,0
DA:37,0
DA:38,0
DA:39,0
DA:40,0
DA:43,0
DA:44,0
DA:47,0
DA:48,0
DA:49,0
DA:53,0
DA:65,0
DA:75,0
DA:76,0
DA:85,0
DA:101,0
DA:103,0
DA:104,0
DA:109,0
DA:110,0
DA:111,0
DA:112,0
DA:121,0
DA:136,0
DA:141,0
DA:142,0
DA:147,0
DA:148,0
DA:149,0
DA:150,0
DA:152,0
DA:153,0
DA:157,0
DA:172,0
DA:176,0
DA:177,0
DA:183,0
DA:184,0
DA:185,0
DA:186,0
DA:189,0
DA:190,0
DA:191,0
DA:194,0
DA:195,0
DA:196,0
DA:199,0
DA:200,0
DA:215,0
DA:216,0
DA:217,0
DA:218,0
DA:219,0
DA:222,0
DA:224,0
DA:225,0
DA:226,0
DA:229,0
DA:230,0
DA:246,0
DA:247,0
DA:248,0
DA:250,0
DA:251,0
DA:252,0
DA:255,0
DA:256,0
DA:270,0
DA:275,0
DA:277,0
DA:279,0
DA:280,0
DA:282,0
DA:284,0
DA:286,0
LF:85
LH:0
BRDA:26,0,0,0
BRDA:26,0,1,0
BRDA:43,1,0,0
BRDA:43,2,0,0
BRDA:43,2,1,0
BRDA:43,2,2,0
BRDA:48,3,0,0
BRDA:152,4,0,0
BRDA:173,5,0,0
BRDA:173,5,1,0
BRDA:196,6,0,0
BRDA:196,6,1,0
BRDA:199,7,0,0
BRDA:199,8,0,0
BRDA:199,8,1,0
BRDA:206,9,0,0
BRDA:206,9,1,0
BRDA:208,10,0,0
BRDA:208,10,1,0
BRDA:222,11,0,0
BRDA:226,12,0,0
BRDA:226,12,1,0
BRDA:229,13,0,0
BRDA:252,14,0,0
BRDA:252,14,1,0
BRDA:255,15,0,0
BRDA:275,16,0,0
BRDA:275,16,1,0
BRDA:275,16,2,0
BRDA:275,16,3,0
BRDA:275,16,4,0
BRF:31
BRH:0
end_of_record
TN:
SF:server/routes/user-transfers.ts
FNF:0
FNH:0
DA:5,0
DA:8,0
DA:29,0
DA:46,0
LF:4
LH:0
BRF:0
BRH:0
end_of_record
TN:
SF:server/routes/user.ts
FN:17,(anonymous_7)
FN:17,(anonymous_8)
FN:46,(anonymous_9)
FN:46,(anonymous_10)
FN:67,(anonymous_11)
FN:92,(anonymous_12)
FN:92,(anonymous_13)
FN:128,(anonymous_14)
FN:129,(anonymous_15)
FN:137,(anonymous_16)
FN:147,(anonymous_17)
FN:147,(anonymous_18)
FN:272,(anonymous_19)
FN:272,(anonymous_20)
FN:342,(anonymous_21)
FN:342,(anonymous_22)
FN:357,(anonymous_23)
FN:373,(anonymous_24)
FN:373,(anonymous_25)
FN:405,(anonymous_26)
FN:465,(anonymous_27)
FN:465,(anonymous_28)
FN:495,(anonymous_29)
FN:495,(anonymous_30)
FN:528,(anonymous_31)
FN:528,(anonymous_32)
FN:578,(anonymous_33)
FN:578,(anonymous_34)
FN:605,(anonymous_35)
FN:605,(anonymous_36)
FN:637,(anonymous_37)
FN:637,(anonymous_38)
FN:678,(anonymous_39)
FN:678,(anonymous_40)
FN:708,(anonymous_41)
FN:708,(anonymous_42)
FNF:36
FNH:0
FNDA:0,(anonymous_7)
FNDA:0,(anonymous_8)
FNDA:0,(anonymous_9)
FNDA:0,(anonymous_10)
FNDA:0,(anonymous_11)
FNDA:0,(anonymous_12)
FNDA:0,(anonymous_13)
FNDA:0,(anonymous_14)
FNDA:0,(anonymous_15)
FNDA:0,(anonymous_16)
FNDA:0,(anonymous_17)
FNDA:0,(anonymous_18)
FNDA:0,(anonymous_19)
FNDA:0,(anonymous_20)
FNDA:0,(anonymous_21)
FNDA:0,(anonymous_22)
FNDA:0,(anonymous_23)
FNDA:0,(anonymous_24)
FNDA:0,(anonymous_25)
FNDA:0,(anonymous_26)
FNDA:0,(anonymous_27)
FNDA:0,(anonymous_28)
FNDA:0,(anonymous_29)
FNDA:0,(anonymous_30)
FNDA:0,(anonymous_31)
FNDA:0,(anonymous_32)
FNDA:0,(anonymous_33)
FNDA:0,(anonymous_34)
FNDA:0,(anonymous_35)
FNDA:0,(anonymous_36)
FNDA:0,(anonymous_37)
FNDA:0,(anonymous_38)
FNDA:0,(anonymous_39)
FNDA:0,(anonymous_40)
FNDA:0,(anonymous_41)
FNDA:0,(anonymous_42)
DA:11,0
DA:14,0
DA:17,0
DA:18,0
DA:19,0
DA:34,0
DA:35,0
DA:38,0
DA:40,0
DA:41,0
DA:46,0
DA:47,0
DA:48,0
DA:49,0
DA:50,0
DA:52,0
DA:54,0
DA:67,0
DA:69,0
DA:79,0
DA:82,0
DA:83,0
DA:85,0
DA:86,0
DA:87,0
DA:92,0
DA:93,0
DA:94,0
DA:108,0
DA:115,0
DA:116,0
DA:118,0
DA:128,0
DA:129,0
DA:131,0
DA:137,0
DA:141,0
DA:142,0
DA:147,0
DA:148,0
DA:149,0
DA:155,0
DA:156,0
DA:157,0
DA:160,0
DA:163,0
DA:164,0
DA:165,0
DA:169,0
DA:170,0
DA:171,0
DA:175,0
DA:176,0
DA:177,0
DA:178,0
DA:182,0
DA:187,0
DA:188,0
DA:189,0
DA:193,0
DA:195,0
DA:207,0
DA:208,0
DA:209,0
DA:210,0
DA:214,0
DA:236,0
DA:248,0
DA:251,0
DA:252,0
DA:253,0
DA:254,0
DA:256,0
DA:260,0
DA:268,0
DA:269,0
DA:272,0
DA:273,0
DA:291,0
DA:296,0
DA:300,0
DA:312,0
DA:314,0
DA:322,0
DA:323,0
DA:327,0
DA:329,0
DA:336,0
DA:337,0
DA:342,0
DA:343,0
DA:344,0
DA:357,0
DA:359,0
DA:363,0
DA:364,0
DA:366,0
DA:367,0
DA:368,0
DA:373,0
DA:374,0
DA:377,0
DA:378,0
DA:380,0
DA:382,0
DA:383,0
DA:391,0
DA:394,0
DA:402,0
DA:405,0
DA:406,0
DA:407,0
DA:419,0
DA:420,0
DA:434,0
DA:445,0
DA:446,0
DA:449,0
DA:451,0
DA:465,0
DA:466,0
DA:467,0
DA:471,0
DA:487,0
DA:489,0
DA:490,0
DA:495,0
DA:496,0
DA:497,0
DA:498,0
DA:501,0
DA:515,0
DA:520,0
DA:522,0
DA:523,0
DA:528,0
DA:529,0
DA:530,0
DA:531,0
DA:534,0
DA:538,0
DA:539,0
DA:542,0
DA:543,0
DA:544,0
DA:548,0
DA:565,0
DA:570,0
DA:572,0
DA:573,0
DA:578,0
DA:579,0
DA:580,0
DA:583,0
DA:597,0
DA:599,0
DA:600,0
DA:605,0
DA:606,0
DA:607,0
DA:608,0
DA:611,0
DA:624,0
DA:629,0
DA:631,0
DA:632,0
DA:637,0
DA:638,0
DA:639,0
DA:642,0
DA:670,0
DA:672,0
DA:673,0
DA:678,0
DA:679,0
DA:680,0
DA:683,0
DA:700,0
DA:702,0
DA:703,0
DA:708,0
DA:709,0
DA:710,0
DA:711,0
DA:714,0
DA:727,0
DA:732,0
DA:734,0
DA:735,0
LF:189
LH:0
BRDA:34,0,0,0
BRDA:48,1,0,0
BRDA:48,1,1,0
BRDA:49,2,0,0
BRDA:49,2,1,0
BRDA:128,3,0,0
BRDA:128,3,1,0
BRDA:128,4,0,0
BRDA:128,4,1,0
BRDA:128,5,0,0
BRDA:128,5,1,0
BRDA:129,6,0,0
BRDA:129,6,1,0
BRDA:129,7,0,0
BRDA:129,7,1,0
BRDA:129,8,0,0
BRDA:129,8,1,0
BRDA:155,9,0,0
BRDA:155,10,0,0
BRDA:155,10,1,0
BRDA:163,11,0,0
BRDA:163,12,0,0
BRDA:163,12,1,0
BRDA:163,12,2,0
BRDA:169,13,0,0
BRDA:169,14,0,0
BRDA:169,14,1,0
BRDA:176,15,0,0
BRDA:176,16,0,0
BRDA:176,16,1,0
BRDA:187,17,0,0
BRDA:187,18,0,0
BRDA:187,18,1,0
BRDA:193,19,0,0
BRDA:193,19,1,0
BRDA:207,20,0,0
BRDA:207,20,1,0
BRDA:208,21,0,0
BRDA:230,22,0,0
BRDA:230,22,1,0
BRDA:230,23,0,0
BRDA:230,23,1,0
BRDA:245,24,0,0
BRDA:245,24,1,0
BRDA:309,25,0,0
BRDA:309,25,1,0
BRDA:374,26,0,0
BRDA:374,26,1,0
BRDA:374,27,0,0
BRDA:374,27,1,0
BRDA:374,28,0,0
BRDA:374,28,1,0
BRDA:382,29,0,0
BRDA:382,30,0,0
BRDA:382,30,1,0
BRDA:382,31,0,0
BRDA:382,31,1,0
BRDA:391,32,0,0
BRDA:391,32,1,0
BRDA:408,33,0,0
BRDA:408,33,1,0
BRDA:409,34,0,0
BRDA:409,34,1,0
BRDA:410,35,0,0
BRDA:410,35,1,0
BRDA:411,36,0,0
BRDA:411,36,1,0
BRDA:412,37,0,0
BRDA:412,37,1,0
BRDA:413,38,0,0
BRDA:413,38,1,0
BRDA:414,39,0,0
BRDA:414,39,1,0
BRDA:415,40,0,0
BRDA:415,40,1,0
BRDA:416,41,0,0
BRDA:416,41,1,0
BRDA:538,42,0,0
BRDA:543,43,0,0
BRF:79
BRH:0
end_of_record
TN:
SF:server/routes/admin/kyc.ts
FN:99,(anonymous_0)
FN:118,(anonymous_1)
FN:132,(anonymous_2)
FN:141,(anonymous_3)
FNF:4
FNH:0
FNDA:0,(anonymous_0)
FNDA:0,(anonymous_1)
FNDA:0,(anonymous_2)
FNDA:0,(anonymous_3)
DA:10,0
DA:13,0
DA:25,0
DA:32,0
DA:40,0
DA:49,0
DA:64,0
DA:85,0
DA:99,0
DA:101,0
DA:118,0
DA:120,0
DA:132,0
DA:134,0
DA:141,0
DA:142,0
DA:145,0
DA:157,0
DA:158,0
DA:164,0
DA:165,0
DA:172,0
LF:22
LH:0
BRDA:146,0,0,0
BRDA:146,0,1,0
BRDA:146,1,0,0
BRDA:146,1,1,0
BRDA:147,2,0,0
BRDA:147,2,1,0
BRDA:147,3,0,0
BRDA:147,3,1,0
BRDA:157,4,0,0
BRDA:157,5,0,0
BRDA:157,5,1,0
BRDA:164,6,0,0
BRDA:164,7,0,0
BRDA:164,7,1,0
BRF:14
BRH:0
end_of_record
TN:
SF:server/services/adminService.ts
FN:6,(anonymous_7)
FN:6,(anonymous_8)
FN:41,(anonymous_9)
FN:69,(anonymous_11)
FN:98,(anonymous_13)
FN:143,(anonymous_15)
FN:175,(anonymous_17)
FN:207,(anonymous_19)
FN:207,(anonymous_20)
FN:239,(anonymous_21)
FN:277,(anonymous_23)
FN:277,(anonymous_24)
FN:328,(anonymous_25)
FN:361,(anonymous_27)
FN:381,(anonymous_28)
FN:463,(anonymous_30)
FN:523,(anonymous_32)
FN:523,(anonymous_33)
FN:575,(anonymous_34)
FN:614,(anonymous_36)
FN:614,(anonymous_37)
FN:654,(anonymous_38)
FN:667,(anonymous_40)
FN:667,(anonymous_41)
FN:734,(anonymous_42)
FNF:25
FNH:0
FNDA:0,(anonymous_7)
FNDA:0,(anonymous_8)
FNDA:0,(anonymous_9)
FNDA:0,(anonymous_11)
FNDA:0,(anonymous_13)
FNDA:0,(anonymous_15)
FNDA:0,(anonymous_17)
FNDA:0,(anonymous_19)
FNDA:0,(anonymous_20)
FNDA:0,(anonymous_21)
FNDA:0,(anonymous_23)
FNDA:0,(anonymous_24)
FNDA:0,(anonymous_25)
FNDA:0,(anonymous_27)
FNDA:0,(anonymous_28)
FNDA:0,(anonymous_30)
FNDA:0,(anonymous_32)
FNDA:0,(anonymous_33)
FNDA:0,(anonymous_34)
FNDA:0,(anonymous_36)
FNDA:0,(anonymous_37)
FNDA:0,(anonymous_38)
FNDA:0,(anonymous_40)
FNDA:0,(anonymous_41)
FNDA:0,(anonymous_42)
DA:6,0
DA:7,0
DA:9,0
DA:29,0
DA:42,0
DA:61,0
DA:62,0
DA:65,0
DA:70,0
DA:74,0
DA:75,0
DA:79,0
DA:85,0
DA:94,0
DA:99,0
DA:103,0
DA:104,0
DA:107,0
DA:112,0
DA:118,0
DA:129,0
DA:139,0
DA:144,0
DA:148,0
DA:149,0
DA:152,0
DA:153,0
DA:156,0
DA:162,0
DA:171,0
DA:176,0
DA:180,0
DA:181,0
DA:184,0
DA:185,0
DA:189,0
DA:194,0
DA:203,0
DA:207,0
DA:208,0
DA:210,0
DA:227,0
DA:246,0
DA:264,0
DA:277,0
DA:278,0
DA:279,0
DA:283,0
DA:284,0
DA:286,0
DA:287,0
DA:290,0
DA:316,0
DA:336,0
DA:360,0
DA:362,0
DA:363,0
DA:364,0
DA:366,0
DA:370,0
DA:382,0
DA:414,0
DA:415,0
DA:418,0
DA:473,0
DA:478,0
DA:479,0
DA:482,0
DA:484,0
DA:487,0
DA:489,0
DA:491,0
DA:493,0
DA:494,0
DA:496,0
DA:497,0
DA:499,0
DA:500,0
DA:502,0
DA:503,0
DA:505,0
DA:506,0
DA:508,0
DA:510,0
DA:511,0
DA:513,0
DA:514,0
DA:516,0
DA:517,0
DA:519,0
DA:523,0
DA:525,0
DA:536,0
DA:537,0
DA:544,0
DA:561,0
DA:568,0
DA:571,0
DA:582,0
DA:583,0
DA:584,0
DA:587,0
DA:603,0
DA:610,0
DA:614,0
DA:615,0
DA:616,0
DA:618,0
DA:619,0
DA:620,0
DA:621,0
DA:622,0
DA:623,0
DA:624,0
DA:625,0
DA:628,0
DA:642,0
DA:662,0
DA:663,0
DA:664,0
DA:667,0
DA:668,0
DA:669,0
DA:672,0
DA:673,0
DA:675,0
DA:676,0
DA:678,0
DA:679,0
DA:681,0
DA:682,0
DA:684,0
DA:685,0
DA:687,0
DA:688,0
DA:692,0
DA:711,0
DA:717,0
DA:720,0
DA:727,0
DA:730,0
DA:740,0
DA:741,0
DA:750,0
LF:144
LH:0
BRDA:6,0,0,0
BRDA:6,1,0,0
BRDA:61,2,0,0
BRDA:74,3,0,0
BRDA:103,4,0,0
BRDA:107,5,0,0
BRDA:107,5,1,0
BRDA:121,6,0,0
BRDA:121,6,1,0
BRDA:135,7,0,0
BRDA:135,7,1,0
BRDA:148,8,0,0
BRDA:152,9,0,0
BRDA:165,10,0,0
BRDA:165,10,1,0
BRDA:167,11,0,0
BRDA:167,11,1,0
BRDA:180,12,0,0
BRDA:184,13,0,0
BRDA:207,14,0,0
BRDA:207,15,0,0
BRDA:269,16,0,0
BRDA:269,16,1,0
BRDA:277,17,0,0
BRDA:277,18,0,0
BRDA:277,19,0,0
BRDA:283,20,0,0
BRDA:286,21,0,0
BRDA:360,22,0,0
BRDA:360,22,1,0
BRDA:362,23,0,0
BRDA:414,24,0,0
BRDA:478,25,0,0
BRDA:487,26,0,0
BRDA:487,26,1,0
BRDA:487,26,2,0
BRDA:487,26,3,0
BRDA:487,26,4,0
BRDA:491,27,0,0
BRDA:491,27,1,0
BRDA:491,27,2,0
BRDA:491,27,3,0
BRDA:491,27,4,0
BRDA:531,28,0,0
BRDA:531,28,1,0
BRDA:531,29,0,0
BRDA:531,29,1,0
BRDA:536,30,0,0
BRDA:583,31,0,0
BRDA:614,32,0,0
BRDA:614,33,0,0
BRDA:614,34,0,0
BRDA:618,35,0,0
BRDA:619,36,0,0
BRDA:620,37,0,0
BRDA:621,38,0,0
BRDA:622,39,0,0
BRDA:622,40,0,0
BRDA:622,40,1,0
BRDA:624,41,0,0
BRDA:625,42,0,0
BRDA:663,43,0,0
BRDA:673,44,0,0
BRDA:673,44,1,0
BRDA:673,44,2,0
BRDA:673,44,3,0
BRDA:673,44,4,0
BRDA:746,45,0,0
BRDA:746,45,1,0
BRF:69
BRH:0
end_of_record
TN:
SF:server/services/authService.ts
FN:19,(anonymous_7)
FN:65,(anonymous_9)
FN:111,(anonymous_11)
FN:136,(anonymous_13)
FNF:4
FNH:0
FNDA:0,(anonymous_7)
FNDA:0,(anonymous_9)
FNDA:0,(anonymous_11)
FNDA:0,(anonymous_13)
DA:6,0
DA:7,0
DA:20,0
DA:24,0
DA:25,0
DA:28,0
DA:29,0
DA:32,0
DA:33,0
DA:34,0
DA:38,0
DA:43,0
DA:53,0
DA:62,0
DA:67,0
DA:71,0
DA:72,0
DA:76,0
DA:79,0
DA:89,0
DA:99,0
DA:108,0
DA:112,0
DA:113,0
DA:115,0
DA:119,0
DA:120,0
DA:123,0
DA:132,0
DA:137,0
DA:141,0
DA:142,0
DA:145,0
LF:33
LH:0
BRDA:6,0,0,0
BRDA:6,0,1,0
BRDA:24,1,0,0
BRDA:28,2,0,0
BRDA:33,3,0,0
BRDA:71,4,0,0
BRDA:84,5,0,0
BRDA:84,5,1,0
BRDA:85,6,0,0
BRDA:85,6,1,0
BRDA:119,7,0,0
BRDA:119,8,0,0
BRDA:119,8,1,0
BRDA:141,9,0,0
BRF:14
BRH:0
end_of_record
TN:
SF:server/services/kycService.ts
FN:68,(anonymous_7)
FN:167,(anonymous_9)
FN:228,(anonymous_11)
FN:243,(anonymous_13)
FN:278,(anonymous_14)
FN:338,(anonymous_16)
FN:431,(anonymous_18)
FN:485,(anonymous_20)
FNF:8
FNH:0
FNDA:0,(anonymous_7)
FNDA:0,(anonymous_9)
FNDA:0,(anonymous_11)
FNDA:0,(anonymous_13)
FNDA:0,(anonymous_14)
FNDA:0,(anonymous_16)
FNDA:0,(anonymous_18)
FNDA:0,(anonymous_20)
DA:7,0
DA:69,0
DA:71,0
DA:79,0
DA:80,0
DA:81,0
DA:82,0
DA:87,0
DA:95,0
DA:96,0
DA:97,0
DA:104,0
DA:105,0
DA:106,0
DA:113,0
DA:127,0
DA:136,0
DA:151,0
DA:158,0
DA:159,0
DA:168,0
DA:169,0
DA:185,0
DA:187,0
DA:188,0
DA:222,0
DA:223,0
DA:229,0
DA:230,0
DA:243,0
DA:272,0
DA:273,0
DA:279,0
DA:280,0
DA:295,0
DA:297,0
DA:298,0
DA:332,0
DA:333,0
DA:339,0
DA:341,0
DA:342,0
DA:343,0
DA:349,0
DA:350,0
DA:357,0
DA:371,0
DA:374,0
DA:384,0
DA:394,0
DA:410,0
DA:413,0
DA:416,0
DA:422,0
DA:423,0
DA:432,0
DA:434,0
DA:441,0
DA:443,0
DA:444,0
DA:445,0
DA:450,0
DA:451,0
DA:456,0
DA:461,0
DA:470,0
DA:476,0
DA:477,0
DA:486,0
DA:487,0
DA:511,0
DA:520,0
DA:521,0
LF:73
LH:0
BRDA:79,0,0,0
BRDA:81,1,0,0
BRDA:81,1,1,0
BRDA:96,2,0,0
BRDA:105,3,0,0
BRDA:122,4,0,0
BRDA:122,4,1,0
BRDA:122,5,0,0
BRDA:122,5,1,0
BRDA:141,6,0,0
BRDA:141,6,1,0
BRDA:153,7,0,0
BRDA:153,7,1,0
BRDA:153,8,0,0
BRDA:153,8,1,0
BRDA:185,9,0,0
BRDA:215,10,0,0
BRDA:215,10,1,0
BRDA:295,11,0,0
BRDA:325,12,0,0
BRDA:325,12,1,0
BRDA:342,13,0,0
BRDA:349,14,0,0
BRDA:349,15,0,0
BRDA:349,15,1,0
BRDA:362,16,0,0
BRDA:362,16,1,0
BRDA:363,17,0,0
BRDA:363,17,1,0
BRDA:364,18,0,0
BRDA:364,18,1,0
BRDA:365,19,0,0
BRDA:365,19,1,0
BRDA:371,20,0,0
BRDA:371,20,1,0
BRDA:372,21,0,0
BRDA:372,21,1,0
BRDA:389,22,0,0
BRDA:389,22,1,0
BRDA:397,23,0,0
BRDA:397,23,1,0
BRDA:399,24,0,0
BRDA:399,24,1,0
BRDA:410,25,0,0
BRDA:410,26,0,0
BRDA:410,26,1,0
BRDA:443,27,0,0
BRDA:450,28,0,0
BRDA:512,29,0,0
BRDA:512,29,1,0
BRDA:512,30,0,0
BRDA:512,30,1,0
BRDA:512,31,0,0
BRDA:512,31,1,0
BRDA:513,32,0,0
BRDA:513,32,1,0
BRDA:513,33,0,0
BRDA:513,33,1,0
BRDA:513,34,0,0
BRDA:513,34,1,0
BRDA:514,35,0,0
BRDA:514,35,1,0
BRDA:514,36,0,0
BRDA:514,36,1,0
BRDA:514,37,0,0
BRDA:514,37,1,0
BRDA:515,38,0,0
BRDA:515,38,1,0
BRDA:515,39,0,0
BRDA:515,39,1,0
BRDA:515,40,0,0
BRDA:515,40,1,0
BRDA:516,41,0,0
BRDA:516,41,1,0
BRDA:516,42,0,0
BRDA:516,42,1,0
BRDA:516,43,0,0
BRDA:516,43,1,0
BRF:78
BRH:0
end_of_record
TN:
SF:server/services/socketService.ts
FN:21,(anonymous_7)
FN:42,(anonymous_8)
FN:43,(anonymous_9)
FN:43,(anonymous_10)
FN:89,(anonymous_11)
FN:90,(anonymous_12)
FN:110,(anonymous_13)
FN:110,(anonymous_14)
FN:128,(anonymous_15)
FN:143,(anonymous_16)
FN:152,(anonymous_17)
FN:165,(anonymous_19)
FN:166,(anonymous_20)
FN:187,(anonymous_21)
FN:206,(anonymous_22)
FN:231,(anonymous_23)
FN:248,(anonymous_24)
FN:256,(anonymous_25)
FN:271,(anonymous_26)
FN:279,(anonymous_27)
FN:280,(anonymous_28)
FN:282,(anonymous_29)
FN:292,(anonymous_30)
FN:300,(anonymous_31)
FN:308,(anonymous_32)
FNF:25
FNH:0
FNDA:0,(anonymous_7)
FNDA:0,(anonymous_8)
FNDA:0,(anonymous_9)
FNDA:0,(anonymous_10)
FNDA:0,(anonymous_11)
FNDA:0,(anonymous_12)
FNDA:0,(anonymous_13)
FNDA:0,(anonymous_14)
FNDA:0,(anonymous_15)
FNDA:0,(anonymous_16)
FNDA:0,(anonymous_17)
FNDA:0,(anonymous_19)
FNDA:0,(anonymous_20)
FNDA:0,(anonymous_21)
FNDA:0,(anonymous_22)
FNDA:0,(anonymous_23)
FNDA:0,(anonymous_24)
FNDA:0,(anonymous_25)
FNDA:0,(anonymous_26)
FNDA:0,(anonymous_27)
FNDA:0,(anonymous_28)
FNDA:0,(anonymous_29)
FNDA:0,(anonymous_30)
FNDA:0,(anonymous_31)
FNDA:0,(anonymous_32)
DA:19,0
DA:22,0
DA:34,0
DA:35,0
DA:43,0
DA:44,0
DA:46,0
DA:48,0
DA:49,0
DA:50,0
DA:54,0
DA:56,0
DA:57,0
DA:58,0
DA:62,0
DA:67,0
DA:68,0
DA:69,0
DA:73,0
DA:74,0
DA:76,0
DA:77,0
DA:80,0
DA:81,0
DA:90,0
DA:91,0
DA:92,0
DA:94,0
DA:97,0
DA:98,0
DA:100,0
DA:103,0
DA:110,0
DA:111,0
DA:112,0
DA:113,0
DA:115,0
DA:116,0
DA:124,0
DA:125,0
DA:128,0
DA:129,0
DA:132,0
DA:133,0
DA:134,0
DA:135,0
DA:136,0
DA:137,0
DA:143,0
DA:144,0
DA:153,0
DA:155,0
DA:165,0
DA:166,0
DA:167,0
DA:168,0
DA:172,0
DA:178,0
DA:180,0
DA:188,0
DA:189,0
DA:191,0
DA:197,0
DA:199,0
DA:207,0
DA:208,0
DA:210,0
DA:220,0
DA:222,0
DA:224,0
DA:232,0
DA:233,0
DA:239,0
DA:241,0
DA:253,0
DA:254,0
DA:256,0
DA:257,0
DA:258,0
DA:261,0
DA:272,0
DA:273,0
DA:280,0
DA:281,0
DA:282,0
DA:283,0
DA:284,0
DA:293,0
DA:298,0
DA:300,0
DA:301,0
DA:302,0
DA:303,0
DA:305,0
DA:308,0
DA:309,0
DA:310,0
DA:312,0
LF:98
LH:0
BRDA:24,0,0,0
BRDA:24,0,1,0
BRDA:46,1,0,0
BRDA:46,1,1,0
BRDA:46,2,0,0
BRDA:46,2,1,0
BRDA:46,3,0,0
BRDA:46,3,1,0
BRDA:46,4,0,0
BRDA:46,4,1,0
BRDA:46,5,0,0
BRDA:46,5,1,0
BRDA:48,6,0,0
BRDA:54,7,0,0
BRDA:54,7,1,0
BRDA:56,8,0,0
BRDA:56,9,0,0
BRDA:56,9,1,0
BRDA:67,10,0,0
BRDA:67,11,0,0
BRDA:67,11,1,0
BRDA:97,12,0,0
BRDA:133,13,0,0
BRDA:135,14,0,0
BRDA:167,15,0,0
BRDA:167,15,1,0
BRDA:168,16,0,0
BRDA:168,16,1,0
BRDA:214,17,0,0
BRDA:214,17,1,0
BRDA:216,18,0,0
BRDA:216,18,1,0
BRDA:273,19,0,0
BRDA:273,19,1,0
BRDA:301,20,0,0
BRDA:309,21,0,0
BRF:36
BRH:0
end_of_record
TN:
SF:server/services/transferService.ts
FN:41,(anonymous_7)
FN:45,(anonymous_8)
FN:52,(anonymous_10)
FN:73,(anonymous_11)
FN:75,(anonymous_13)
FN:91,(anonymous_14)
FN:95,(anonymous_15)
FN:100,(anonymous_17)
FN:128,(anonymous_19)
FN:198,(anonymous_21)
FN:198,(anonymous_22)
FN:226,(anonymous_23)
FN:226,(anonymous_24)
FN:264,(anonymous_25)
FN:264,(anonymous_26)
FN:316,(anonymous_27)
FN:356,(anonymous_29)
FN:356,(anonymous_30)
FN:369,(anonymous_31)
FN:369,(anonymous_32)
FN:455,(anonymous_33)
FN:506,(anonymous_35)
FNF:22
FNH:0
FNDA:0,(anonymous_7)
FNDA:0,(anonymous_8)
FNDA:0,(anonymous_10)
FNDA:0,(anonymous_11)
FNDA:0,(anonymous_13)
FNDA:0,(anonymous_14)
FNDA:0,(anonymous_15)
FNDA:0,(anonymous_17)
FNDA:0,(anonymous_19)
FNDA:0,(anonymous_21)
FNDA:0,(anonymous_22)
FNDA:0,(anonymous_23)
FNDA:0,(anonymous_24)
FNDA:0,(anonymous_25)
FNDA:0,(anonymous_26)
FNDA:0,(anonymous_27)
FNDA:0,(anonymous_29)
FNDA:0,(anonymous_30)
FNDA:0,(anonymous_31)
FNDA:0,(anonymous_32)
FNDA:0,(anonymous_33)
FNDA:0,(anonymous_35)
DA:42,0
DA:52,0
DA:54,0
DA:57,0
DA:59,0
DA:60,0
DA:66,0
DA:75,0
DA:77,0
DA:78,0
DA:80,0
DA:92,0
DA:93,0
DA:96,0
DA:97,0
DA:101,0
DA:103,0
DA:105,0
DA:106,0
DA:107,0
DA:108,0
DA:109,0
DA:111,0
DA:116,0
DA:121,0
DA:122,0
DA:129,0
DA:132,0
DA:133,0
DA:134,0
DA:137,0
DA:138,0
DA:139,0
DA:142,0
DA:143,0
DA:144,0
DA:148,0
DA:159,0
DA:160,0
DA:163,0
DA:164,0
DA:165,0
DA:169,0
DA:186,0
DA:188,0
DA:190,0
DA:191,0
DA:192,0
DA:194,0
DA:198,0
DA:199,0
DA:200,0
DA:202,0
DA:213,0
DA:215,0
DA:220,0
DA:226,0
DA:227,0
DA:229,0
DA:230,0
DA:232,0
DA:233,0
DA:236,0
DA:241,0
DA:242,0
DA:247,0
DA:253,0
DA:255,0
DA:264,0
DA:265,0
DA:267,0
DA:268,0
DA:270,0
DA:298,0
DA:300,0
DA:317,0
DA:319,0
DA:328,0
DA:329,0
DA:332,0
DA:333,0
DA:336,0
DA:337,0
DA:341,0
DA:356,0
DA:357,0
DA:358,0
DA:360,0
DA:367,0
DA:369,0
DA:371,0
DA:386,0
DA:396,0
DA:399,0
DA:411,0
DA:415,0
DA:419,0
DA:420,0
DA:421,0
DA:422,0
DA:423,0
DA:424,0
DA:426,0
DA:432,0
DA:435,0
DA:449,0
DA:456,0
DA:458,0
DA:459,0
DA:462,0
DA:466,0
DA:467,0
DA:470,0
DA:471,0
DA:475,0
DA:488,0
DA:491,0
DA:492,0
DA:493,0
DA:494,0
DA:496,0
DA:500,0
DA:507,0
DA:516,0
DA:541,0
DA:555,0
LF:126
LH:0
BRDA:42,0,0,0
BRDA:42,0,1,0
BRDA:59,1,0,0
BRDA:101,2,0,0
BRDA:101,3,0,0
BRDA:101,3,1,0
BRDA:107,4,0,0
BRDA:133,5,0,0
BRDA:138,6,0,0
BRDA:143,7,0,0
BRDA:159,8,0,0
BRDA:159,9,0,0
BRDA:159,9,1,0
BRDA:164,10,0,0
BRDA:176,11,0,0
BRDA:176,11,1,0
BRDA:188,12,0,0
BRDA:226,13,0,0
BRDA:232,14,0,0
BRDA:241,15,0,0
BRDA:264,16,0,0
BRDA:328,17,0,0
BRDA:332,18,0,0
BRDA:336,19,0,0
BRDA:349,20,0,0
BRDA:349,20,1,0
BRDA:363,21,0,0
BRDA:363,21,1,0
BRDA:363,22,0,0
BRDA:363,22,1,0
BRDA:367,23,0,0
BRDA:367,23,1,0
BRDA:419,24,0,0
BRDA:421,25,0,0
BRDA:442,26,0,0
BRDA:442,26,1,0
BRDA:458,27,0,0
BRDA:458,28,0,0
BRDA:458,28,1,0
BRDA:466,29,0,0
BRDA:470,30,0,0
BRDA:491,31,0,0
BRDA:550,32,0,0
BRDA:550,32,1,0
BRDA:550,33,0,0
BRDA:550,33,1,0
BRDA:550,34,0,0
BRDA:550,34,1,0
BRF:48
BRH:0
end_of_record
TN:
SF:server/socket/socket.ts
FN:21,(anonymous_0)
FN:40,(anonymous_1)
FN:41,(anonymous_2)
FN:71,(anonymous_3)
FN:72,(anonymous_4)
FN:103,(anonymous_5)
FN:115,(anonymous_6)
FN:134,(anonymous_7)
FN:152,(anonymous_8)
FN:181,(anonymous_9)
FN:197,(anonymous_10)
FN:199,(anonymous_11)
FN:204,(anonymous_12)
FN:211,(anonymous_13)
FN:216,(anonymous_14)
FN:227,initializeSocket
FN:238,getSocketService
FNF:17
FNH:0
FNDA:0,(anonymous_0)
FNDA:0,(anonymous_1)
FNDA:0,(anonymous_2)
FNDA:0,(anonymous_3)
FNDA:0,(anonymous_4)
FNDA:0,(anonymous_5)
FNDA:0,(anonymous_6)
FNDA:0,(anonymous_7)
FNDA:0,(anonymous_8)
FNDA:0,(anonymous_9)
FNDA:0,(anonymous_10)
FNDA:0,(anonymous_11)
FNDA:0,(anonymous_12)
FNDA:0,(anonymous_13)
FNDA:0,(anonymous_14)
FNDA:0,initializeSocket
FNDA:0,getSocketService
DA:19,0
DA:22,0
DA:36,0
DA:37,0
DA:41,0
DA:42,0
DA:43,0
DA:45,0
DA:46,0
DA:47,0
DA:50,0
DA:51,0
DA:52,0
DA:53,0
DA:56,0
DA:58,0
DA:59,0
DA:60,0
DA:62,0
DA:63,0
DA:65,0
DA:66,0
DA:72,0
DA:73,0
DA:74,0
DA:75,0
DA:78,0
DA:81,0
DA:84,0
DA:85,0
DA:87,0
DA:89,0
DA:92,0
DA:103,0
DA:104,0
DA:115,0
DA:116,0
DA:118,0
DA:119,0
DA:120,0
DA:122,0
DA:123,0
DA:124,0
DA:135,0
DA:137,0
DA:139,0
DA:153,0
DA:155,0
DA:157,0
DA:158,0
DA:159,0
DA:160,0
DA:161,0
DA:162,0
DA:163,0
DA:164,0
DA:165,0
DA:168,0
DA:182,0
DA:184,0
DA:198,0
DA:199,0
DA:201,0
DA:204,0
DA:212,0
DA:213,0
DA:216,0
DA:217,0
DA:218,0
DA:219,0
DA:225,0
DA:228,0
DA:229,0
DA:230,0
DA:233,0
DA:234,0
DA:235,0
DA:239,0
DA:240,0
DA:242,0
LF:80
LH:0
BRDA:45,0,0,0
BRDA:51,1,0,0
BRDA:65,2,0,0
BRDA:65,2,1,0
BRDA:73,3,0,0
BRDA:84,4,0,0
BRDA:118,5,0,0
BRDA:118,6,0,0
BRDA:118,6,1,0
BRDA:122,7,0,0
BRDA:158,8,0,0
BRDA:158,8,1,0
BRDA:160,9,0,0
BRDA:160,9,1,0
BRDA:162,10,0,0
BRDA:162,10,1,0
BRDA:164,11,0,0
BRDA:181,12,0,0
BRDA:228,13,0,0
BRDA:239,14,0,0
BRF:20
BRH:0
end_of_record
TN:
SF:server/utils/responseHelpers.ts
FN:31,createSuccessResponse
FN:45,createErrorResponse
FN:59,createPaginatedResponse
FN:88,validateAmount
FN:116,validateCurrency
FN:135,validateRecipientInfo
FN:170,validatePagination
FN:180,validateSinceDate
FNF:8
FNH:0
FNDA:0,createSuccessResponse
FNDA:0,createErrorResponse
FNDA:0,createPaginatedResponse
FNDA:0,validateAmount
FNDA:0,validateCurrency
FNDA:0,validateRecipientInfo
FNDA:0,validatePagination
FNDA:0,validateSinceDate
DA:35,0
DA:49,0
DA:66,0
DA:68,0
DA:89,0
DA:90,0
DA:93,0
DA:95,0
DA:96,0
DA:99,0
DA:100,0
DA:103,0
DA:104,0
DA:108,0
DA:109,0
DA:110,0
DA:113,0
DA:117,0
DA:118,0
DA:121,0
DA:122,0
DA:125,0
DA:126,0
DA:128,0
DA:129,0
DA:132,0
DA:136,0
DA:137,0
DA:140,0
DA:142,0
DA:143,0
DA:146,0
DA:147,0
DA:151,0
DA:152,0
DA:155,0
DA:156,0
DA:160,0
DA:161,0
DA:164,0
DA:171,0
DA:172,0
DA:174,0
DA:181,0
DA:182,0
DA:185,0
DA:187,0
DA:188,0
DA:192,0
DA:193,0
DA:195,0
DA:196,0
DA:199,0
LF:53
LH:0
BRDA:89,0,0,0
BRDA:89,1,0,0
BRDA:89,1,1,0
BRDA:95,2,0,0
BRDA:99,3,0,0
BRDA:103,4,0,0
BRDA:108,5,0,0
BRDA:108,5,1,0
BRDA:109,6,0,0
BRDA:117,7,0,0
BRDA:121,8,0,0
BRDA:128,9,0,0
BRDA:136,10,0,0
BRDA:136,11,0,0
BRDA:136,11,1,0
BRDA:142,12,0,0
BRDA:142,13,0,0
BRDA:142,13,1,0
BRDA:142,13,2,0
BRDA:146,14,0,0
BRDA:146,15,0,0
BRDA:146,15,1,0
BRDA:151,16,0,0
BRDA:155,17,0,0
BRDA:155,18,0,0
BRDA:155,18,1,0
BRDA:160,19,0,0
BRDA:171,20,0,0
BRDA:171,20,1,0
BRDA:172,21,0,0
BRDA:172,21,1,0
BRDA:181,22,0,0
BRDA:187,23,0,0
BRDA:195,24,0,0
BRF:34
BRH:0
end_of_record
TN:
SF:server/utils/responseUtils.ts
FN:10,createPlainObject
FN:24,(anonymous_1)
FN:39,(anonymous_2)
FN:55,sanitizeTransactionData
FN:74,sanitizeMetadata
FN:92,(anonymous_5)
FN:109,createSafeJsonResponse
FN:125,createErrorResponse
FN:137,createSuccessResponse
FN:149,validateSerializable
FNF:10
FNH:0
FNDA:0,createPlainObject
FNDA:0,(anonymous_1)
FNDA:0,(anonymous_2)
FNDA:0,sanitizeTransactionData
FNDA:0,sanitizeMetadata
FNDA:0,(anonymous_5)
FNDA:0,createSafeJsonResponse
FNDA:0,createErrorResponse
FNDA:0,createSuccessResponse
FNDA:0,validateSerializable
DA:11,0
DA:12,0
DA:15,0
DA:18,0
DA:19,0
DA:23,0
DA:24,0
DA:28,0
DA:29,0
DA:30,0
DA:32,0
DA:33,0
DA:34,0
DA:35,0
DA:36,0
DA:37,0
DA:38,0
DA:39,0
DA:40,0
DA:42,0
DA:48,0
DA:56,0
DA:58,0
DA:75,0
DA:76,0
DA:79,0
DA:81,0
DA:82,0
DA:83,0
DA:85,0
DA:86,0
DA:87,0
DA:88,0
DA:89,0
DA:90,0
DA:91,0
DA:92,0
DA:93,0
DA:95,0
DA:97,0
DA:103,0
DA:110,0
DA:126,0
DA:138,0
DA:150,0
DA:151,0
DA:152,0
DA:154,0
DA:155,0
LF:49
LH:0
BRDA:11,0,0,0
BRDA:11,1,0,0
BRDA:11,1,1,0
BRDA:18,2,0,0
BRDA:23,3,0,0
BRDA:29,4,0,0
BRDA:32,5,0,0
BRDA:32,5,1,0
BRDA:32,6,0,0
BRDA:32,6,1,0
BRDA:34,7,0,0
BRDA:34,7,1,0
BRDA:34,8,0,0
BRDA:34,8,1,0
BRDA:34,8,2,0
BRDA:36,9,0,0
BRDA:36,9,1,0
BRDA:38,10,0,0
BRDA:38,10,1,0
BRDA:40,11,0,0
BRDA:56,12,0,0
BRDA:59,13,0,0
BRDA:59,13,1,0
BRDA:60,14,0,0
BRDA:60,14,1,0
BRDA:61,15,0,0
BRDA:61,15,1,0
BRDA:62,16,0,0
BRDA:62,16,1,0
BRDA:63,17,0,0
BRDA:63,17,1,0
BRDA:64,18,0,0
BRDA:64,18,1,0
BRDA:65,19,0,0
BRDA:65,19,1,0
BRDA:66,20,0,0
BRDA:66,20,1,0
BRDA:75,21,0,0
BRDA:75,22,0,0
BRDA:75,22,1,0
BRDA:82,23,0,0
BRDA:85,24,0,0
BRDA:85,24,1,0
BRDA:85,25,0,0
BRDA:85,25,1,0
BRDA:87,26,0,0
BRDA:87,26,1,0
BRDA:87,27,0,0
BRDA:87,27,1,0
BRDA:87,27,2,0
BRDA:89,28,0,0
BRDA:89,28,1,0
BRDA:91,29,0,0
BRDA:91,29,1,0
BRDA:93,30,0,0
BRDA:93,30,1,0
BRDA:93,30,2,0
BRDA:95,31,0,0
BRDA:109,32,0,0
BRDA:125,33,0,0
BRDA:129,34,0,0
BRDA:129,34,1,0
BRDA:140,35,0,0
BRDA:140,35,1,0
BRF:64
BRH:0
end_of_record
TN:
SF:server/utils/sanitizeTransactionData.ts
FN:33,sanitizeTransaction
FN:61,sanitizeTransactions
FN:66,(anonymous_2)
FN:72,sanitizeUser
FN:91,sanitizeTransactionWithUser
FN:104,sanitizeMetadata
FN:130,sanitizeValue
FN:160,(anonymous_7)
FN:182,createCleanObject
FN:200,validateSerializable
FNF:10
FNH:0
FNDA:0,sanitizeTransaction
FNDA:0,sanitizeTransactions
FNDA:0,(anonymous_2)
FNDA:0,sanitizeUser
FNDA:0,sanitizeTransactionWithUser
FNDA:0,sanitizeMetadata
FNDA:0,sanitizeValue
FNDA:0,(anonymous_7)
FNDA:0,createCleanObject
FNDA:0,validateSerializable
DA:34,0
DA:36,0
DA:37,0
DA:53,0
DA:54,0
DA:62,0
DA:64,0
DA:66,0
DA:73,0
DA:75,0
DA:76,0
DA:83,0
DA:84,0
DA:92,0
DA:93,0
DA:95,0
DA:105,0
DA:106,0
DA:109,0
DA:111,0
DA:113,0
DA:114,0
DA:115,0
DA:116,0
DA:120,0
DA:122,0
DA:123,0
DA:131,0
DA:132,0
DA:135,0
DA:136,0
DA:139,0
DA:140,0
DA:143,0
DA:144,0
DA:147,0
DA:148,0
DA:151,0
DA:152,0
DA:154,0
DA:155,0
DA:157,0
DA:159,0
DA:160,0
DA:161,0
DA:164,0
DA:167,0
DA:172,0
DA:176,0
DA:183,0
DA:184,0
DA:188,0
DA:189,0
DA:190,0
DA:192,0
DA:193,0
DA:201,0
DA:202,0
DA:203,0
DA:205,0
DA:206,0
LF:61
LH:0
BRDA:34,0,0,0
BRDA:38,1,0,0
BRDA:38,1,1,0
BRDA:39,2,0,0
BRDA:39,2,1,0
BRDA:40,3,0,0
BRDA:40,3,1,0
BRDA:41,4,0,0
BRDA:41,4,1,0
BRDA:43,5,0,0
BRDA:43,5,1,0
BRDA:44,6,0,0
BRDA:44,6,1,0
BRDA:45,7,0,0
BRDA:45,7,1,0
BRDA:46,8,0,0
BRDA:46,8,1,0
BRDA:48,9,0,0
BRDA:48,9,1,0
BRDA:49,10,0,0
BRDA:49,10,1,0
BRDA:50,11,0,0
BRDA:50,11,1,0
BRDA:62,12,0,0
BRDA:73,13,0,0
BRDA:77,14,0,0
BRDA:77,14,1,0
BRDA:78,15,0,0
BRDA:78,15,1,0
BRDA:79,16,0,0
BRDA:79,16,1,0
BRDA:80,17,0,0
BRDA:80,17,1,0
BRDA:93,18,0,0
BRDA:97,19,0,0
BRDA:97,19,1,0
BRDA:105,20,0,0
BRDA:105,21,0,0
BRDA:105,21,1,0
BRDA:114,22,0,0
BRDA:131,23,0,0
BRDA:131,24,0,0
BRDA:131,24,1,0
BRDA:135,25,0,0
BRDA:135,26,0,0
BRDA:135,26,1,0
BRDA:135,26,2,0
BRDA:139,27,0,0
BRDA:143,28,0,0
BRDA:147,29,0,0
BRDA:151,30,0,0
BRDA:155,31,0,0
BRDA:157,32,0,0
BRDA:157,32,1,0
BRDA:157,33,0,0
BRDA:157,33,1,0
BRDA:159,34,0,0
BRDA:159,34,1,0
BRDA:161,35,0,0
BRDA:161,35,1,0
BRDA:183,36,0,0
BRDA:183,37,0,0
BRDA:183,37,1,0
BRF:63
BRH:0
end_of_record
